
===========================================================================
 report_power
============================================================================
======================= Fastest Corner ===================================

Group                  Internal  Switching    Leakage      Total
                          Power      Power      Power      Power (Watts)
----------------------------------------------------------------
Sequential             2.39e-05   2.50e-06   1.83e-09   2.64e-05  26.0%
Combinational          3.35e-06   2.22e-06   1.35e-10   5.58e-06   5.5%
Clock                  5.82e-05   1.12e-05   2.14e-09   6.95e-05  68.5%
Macro                  0.00e+00   0.00e+00   0.00e+00   0.00e+00   0.0%
Pad                    0.00e+00   0.00e+00   0.00e+00   0.00e+00   0.0%
----------------------------------------------------------------
Total                  8.55e-05   1.59e-05   4.10e-09   1.01e-04 100.0%
                          84.3%      15.7%       0.0%

======================= Slowest Corner ===================================

Group                  Internal  Switching    Leakage      Total
                          Power      Power      Power      Power (Watts)
----------------------------------------------------------------
Sequential             1.59e-05   1.64e-06   1.21e-07   1.77e-05  25.3%
Combinational          2.42e-06   1.41e-06   1.24e-07   3.95e-06   5.7%
Clock                  4.08e-05   7.28e-06   5.90e-08   4.82e-05  69.0%
Macro                  0.00e+00   0.00e+00   0.00e+00   0.00e+00   0.0%
Pad                    0.00e+00   0.00e+00   0.00e+00   0.00e+00   0.0%
----------------------------------------------------------------
Total                  5.92e-05   1.03e-05   3.04e-07   6.98e-05 100.0%
                          84.8%      14.8%       0.4%

======================= Typical Corner ===================================

Group                  Internal  Switching    Leakage      Total
                          Power      Power      Power      Power (Watts)
----------------------------------------------------------------
Sequential             2.04e-05   2.11e-06   1.76e-09   2.25e-05  26.0%
Combinational          2.97e-06   1.85e-06   8.28e-11   4.82e-06   5.5%
Clock                  5.00e-05   9.42e-06   1.99e-09   5.95e-05  68.5%
Macro                  0.00e+00   0.00e+00   0.00e+00   0.00e+00   0.0%
Pad                    0.00e+00   0.00e+00   0.00e+00   0.00e+00   0.0%
----------------------------------------------------------------
Total                  7.34e-05   1.34e-05   3.83e-09   8.68e-05 100.0%
                          84.6%      15.4%       0.0%

