
===========================================================================
report_checks -path_delay min (Hold)
============================================================================
======================= Typical Corner ===================================

Startpoint: _42_ (rising edge-triggered flip-flop clocked by clk)
Endpoint: _42_ (rising edge-triggered flip-flop clocked by clk)
Path Group: clk
Path Type: min

Fanout     Cap    Slew   Delay    Time   Description
-----------------------------------------------------------------------------
                  0.15    0.00    0.00   clock clk (rise edge)
                          0.00    0.00   clock network delay (ideal)
                  0.15    0.00    0.00 ^ _42_/CLK (sky130_fd_sc_hd__dfxtp_1)
     2    0.01    0.04    0.32    0.32 v _42_/Q (sky130_fd_sc_hd__dfxtp_1)
                                         count3[1] (net)
                  0.04    0.00    0.32 v _22_/B (sky130_fd_sc_hd__nand2_1)
     3    0.01    0.09    0.09    0.41 ^ _22_/Y (sky130_fd_sc_hd__nand2_1)
                                         _10_ (net)
                  0.09    0.00    0.41 ^ _32_/B (sky130_fd_sc_hd__and3b_1)
     1    0.00    0.05    0.15    0.56 ^ _32_/X (sky130_fd_sc_hd__and3b_1)
                                         _14_ (net)
                  0.05    0.00    0.56 ^ _33_/A (sky130_fd_sc_hd__clkbuf_1)
     1    0.00    0.05    0.08    0.64 ^ _33_/X (sky130_fd_sc_hd__clkbuf_1)
                                         _07_ (net)
                  0.05    0.00    0.64 ^ _42_/D (sky130_fd_sc_hd__dfxtp_1)
                                  0.64   data arrival time

                  0.15    0.00    0.00   clock clk (rise edge)
                          0.00    0.00   clock network delay (ideal)
                          0.25    0.25   clock uncertainty
                          0.00    0.25   clock reconvergence pessimism
                                  0.25 ^ _42_/CLK (sky130_fd_sc_hd__dfxtp_1)
                         -0.02    0.23   library hold time
                                  0.23   data required time
-----------------------------------------------------------------------------
                                  0.23   data required time
                                 -0.64   data arrival time
-----------------------------------------------------------------------------
                                  0.41   slack (MET)


Startpoint: _41_ (rising edge-triggered flip-flop clocked by clk)
Endpoint: _41_ (rising edge-triggered flip-flop clocked by clk)
Path Group: clk
Path Type: min

Fanout     Cap    Slew   Delay    Time   Description
-----------------------------------------------------------------------------
                  0.15    0.00    0.00   clock clk (rise edge)
                          0.00    0.00   clock network delay (ideal)
                  0.15    0.00    0.00 ^ _41_/CLK (sky130_fd_sc_hd__dfxtp_1)
     3    0.01    0.09    0.36    0.36 ^ _41_/Q (sky130_fd_sc_hd__dfxtp_1)
                                         count3[0] (net)
                  0.09    0.00    0.36 ^ hold1/A (sky130_fd_sc_hd__dlygate4sd3_1)
     1    0.00    0.05    0.52    0.88 ^ hold1/X (sky130_fd_sc_hd__dlygate4sd3_1)
                                         net5 (net)
                  0.05    0.00    0.88 ^ _30_/A (sky130_fd_sc_hd__nor2_1)
     1    0.00    0.03    0.04    0.92 v _30_/Y (sky130_fd_sc_hd__nor2_1)
                                         _06_ (net)
                  0.03    0.00    0.92 v _41_/D (sky130_fd_sc_hd__dfxtp_1)
                                  0.92   data arrival time

                  0.15    0.00    0.00   clock clk (rise edge)
                          0.00    0.00   clock network delay (ideal)
                          0.25    0.25   clock uncertainty
                          0.00    0.25   clock reconvergence pessimism
                                  0.25 ^ _41_/CLK (sky130_fd_sc_hd__dfxtp_1)
                         -0.02    0.23   library hold time
                                  0.23   data required time
-----------------------------------------------------------------------------
                                  0.23   data required time
                                 -0.92   data arrival time
-----------------------------------------------------------------------------
                                  0.70   slack (MET)


Startpoint: rst (input port clocked by clk)
Endpoint: _35_ (rising edge-triggered flip-flop clocked by clk)
Path Group: clk
Path Type: min

Fanout     Cap    Slew   Delay    Time   Description
-----------------------------------------------------------------------------
                  0.15    0.00    0.00   clock clk (rise edge)
                          0.00    0.00   clock network delay (ideal)
                          2.00    2.00 v input external delay
     1    0.00    0.01    0.00    2.00 v rst (in)
                                         rst (net)
                  0.01    0.00    2.00 v input1/A (sky130_fd_sc_hd__dlymetal6s2s_1)
     4    0.02    0.10    0.16    2.17 v input1/X (sky130_fd_sc_hd__dlymetal6s2s_1)
                                         net1 (net)
                  0.10    0.00    2.17 v _28_/A_N (sky130_fd_sc_hd__and2b_1)
     1    0.00    0.05    0.20    2.37 ^ _28_/X (sky130_fd_sc_hd__and2b_1)
                                         _12_ (net)
                  0.05    0.00    2.37 ^ _29_/A (sky130_fd_sc_hd__clkbuf_1)
     1    0.00    0.03    0.07    2.44 ^ _29_/X (sky130_fd_sc_hd__clkbuf_1)
                                         _05_ (net)
                  0.03    0.00    2.44 ^ _35_/D (sky130_fd_sc_hd__dfxtp_1)
                                  2.44   data arrival time

                  0.15    0.00    0.00   clock clk (rise edge)
                          0.00    0.00   clock network delay (ideal)
                          0.25    0.25   clock uncertainty
                          0.00    0.25   clock reconvergence pessimism
                                  0.25 ^ _35_/CLK (sky130_fd_sc_hd__dfxtp_1)
                         -0.01    0.24   library hold time
                                  0.24   data required time
-----------------------------------------------------------------------------
                                  0.24   data required time
                                 -2.44   data arrival time
-----------------------------------------------------------------------------
                                  2.20   slack (MET)


Startpoint: rst (input port clocked by clk)
Endpoint: _34_ (rising edge-triggered flip-flop clocked by clk)
Path Group: clk
Path Type: min

Fanout     Cap    Slew   Delay    Time   Description
-----------------------------------------------------------------------------
                  0.15    0.00    0.00   clock clk (rise edge)
                          0.00    0.00   clock network delay (ideal)
                          2.00    2.00 v input external delay
     1    0.00    0.01    0.00    2.00 v rst (in)
                                         rst (net)
                  0.01    0.00    2.00 v input1/A (sky130_fd_sc_hd__dlymetal6s2s_1)
     4    0.02    0.10    0.16    2.17 v input1/X (sky130_fd_sc_hd__dlymetal6s2s_1)
                                         net1 (net)
                  0.10    0.00    2.17 v _26_/A_N (sky130_fd_sc_hd__and2b_1)
     1    0.00    0.05    0.20    2.37 ^ _26_/X (sky130_fd_sc_hd__and2b_1)
                                         _11_ (net)
                  0.05    0.00    2.37 ^ _27_/A (sky130_fd_sc_hd__clkbuf_1)
     1    0.00    0.04    0.07    2.44 ^ _27_/X (sky130_fd_sc_hd__clkbuf_1)
                                         _04_ (net)
                  0.04    0.00    2.44 ^ _34_/D (sky130_fd_sc_hd__dfxtp_1)
                                  2.44   data arrival time

                  0.15    0.00    0.00   clock clk (rise edge)
                          0.00    0.00   clock network delay (ideal)
                          0.25    0.25   clock uncertainty
                          0.00    0.25   clock reconvergence pessimism
                                  0.25 ^ _34_/CLK (sky130_fd_sc_hd__dfxtp_1)
                         -0.02    0.23   library hold time
                                  0.23   data required time
-----------------------------------------------------------------------------
                                  0.23   data required time
                                 -2.44   data arrival time
-----------------------------------------------------------------------------
                                  2.21   slack (MET)



worst slack corner Typical: 0.4087
