
===========================================================================
report_checks -path_delay max (Setup)
============================================================================
======================= Typical Corner ===================================

Startpoint: rst (input port clocked by clk)
Endpoint: _34_ (rising edge-triggered flip-flop clocked by clk)
Path Group: clk
Path Type: max

Fanout     Cap    Slew   Delay    Time   Description
-----------------------------------------------------------------------------
                  0.15    0.00    0.00   clock clk (rise edge)
                          0.00    0.00   clock network delay (ideal)
                          2.00    2.00 ^ input external delay
     1    0.00    0.02    0.01    2.01 ^ rst (in)
                                         rst (net)
                  0.02    0.00    2.01 ^ input1/A (sky130_fd_sc_hd__dlymetal6s2s_1)
     4    0.01    0.10    0.12    2.13 ^ input1/X (sky130_fd_sc_hd__dlymetal6s2s_1)
                                         net1 (net)
                  0.10    0.00    2.13 ^ _26_/A_N (sky130_fd_sc_hd__and2b_1)
     1    0.00    0.03    0.19    2.32 v _26_/X (sky130_fd_sc_hd__and2b_1)
                                         _11_ (net)
                  0.03    0.00    2.32 v _27_/A (sky130_fd_sc_hd__clkbuf_1)
     1    0.00    0.02    0.08    2.40 v _27_/X (sky130_fd_sc_hd__clkbuf_1)
                                         _04_ (net)
                  0.02    0.00    2.40 v _34_/D (sky130_fd_sc_hd__dfxtp_1)
                                  2.40   data arrival time

                  0.15   10.00   10.00   clock clk (rise edge)
                          0.00   10.00   clock network delay (ideal)
                         -0.25    9.75   clock uncertainty
                          0.00    9.75   clock reconvergence pessimism
                                  9.75 ^ _34_/CLK (sky130_fd_sc_hd__dfxtp_1)
                         -0.08    9.67   library setup time
                                  9.67   data required time
-----------------------------------------------------------------------------
                                  9.67   data required time
                                 -2.40   data arrival time
-----------------------------------------------------------------------------
                                  7.28   slack (MET)


Startpoint: rst (input port clocked by clk)
Endpoint: _35_ (rising edge-triggered flip-flop clocked by clk)
Path Group: clk
Path Type: max

Fanout     Cap    Slew   Delay    Time   Description
-----------------------------------------------------------------------------
                  0.15    0.00    0.00   clock clk (rise edge)
                          0.00    0.00   clock network delay (ideal)
                          2.00    2.00 ^ input external delay
     1    0.00    0.02    0.01    2.01 ^ rst (in)
                                         rst (net)
                  0.02    0.00    2.01 ^ input1/A (sky130_fd_sc_hd__dlymetal6s2s_1)
     4    0.01    0.10    0.12    2.13 ^ input1/X (sky130_fd_sc_hd__dlymetal6s2s_1)
                                         net1 (net)
                  0.10    0.00    2.13 ^ _28_/A_N (sky130_fd_sc_hd__and2b_1)
     1    0.00    0.03    0.19    2.32 v _28_/X (sky130_fd_sc_hd__and2b_1)
                                         _12_ (net)
                  0.03    0.00    2.32 v _29_/A (sky130_fd_sc_hd__clkbuf_1)
     1    0.00    0.02    0.08    2.40 v _29_/X (sky130_fd_sc_hd__clkbuf_1)
                                         _05_ (net)
                  0.02    0.00    2.40 v _35_/D (sky130_fd_sc_hd__dfxtp_1)
                                  2.40   data arrival time

                  0.15   10.00   10.00   clock clk (rise edge)
                          0.00   10.00   clock network delay (ideal)
                         -0.25    9.75   clock uncertainty
                          0.00    9.75   clock reconvergence pessimism
                                  9.75 ^ _35_/CLK (sky130_fd_sc_hd__dfxtp_1)
                         -0.08    9.67   library setup time
                                  9.67   data required time
-----------------------------------------------------------------------------
                                  9.67   data required time
                                 -2.40   data arrival time
-----------------------------------------------------------------------------
                                  7.28   slack (MET)


Startpoint: rst (input port clocked by clk)
Endpoint: _42_ (rising edge-triggered flip-flop clocked by clk)
Path Group: clk
Path Type: max

Fanout     Cap    Slew   Delay    Time   Description
-----------------------------------------------------------------------------
                  0.15    0.00    0.00   clock clk (rise edge)
                          0.00    0.00   clock network delay (ideal)
                          2.00    2.00 ^ input external delay
     1    0.00    0.02    0.01    2.01 ^ rst (in)
                                         rst (net)
                  0.02    0.00    2.01 ^ input1/A (sky130_fd_sc_hd__dlymetal6s2s_1)
     4    0.01    0.10    0.12    2.13 ^ input1/X (sky130_fd_sc_hd__dlymetal6s2s_1)
                                         net1 (net)
                  0.10    0.00    2.13 ^ _32_/A_N (sky130_fd_sc_hd__and3b_1)
     1    0.00    0.03    0.19    2.31 v _32_/X (sky130_fd_sc_hd__and3b_1)
                                         _14_ (net)
                  0.03    0.00    2.31 v _33_/A (sky130_fd_sc_hd__clkbuf_1)
     1    0.00    0.02    0.08    2.39 v _33_/X (sky130_fd_sc_hd__clkbuf_1)
                                         _07_ (net)
                  0.02    0.00    2.39 v _42_/D (sky130_fd_sc_hd__dfxtp_1)
                                  2.39   data arrival time

                  0.15   10.00   10.00   clock clk (rise edge)
                          0.00   10.00   clock network delay (ideal)
                         -0.25    9.75   clock uncertainty
                          0.00    9.75   clock reconvergence pessimism
                                  9.75 ^ _42_/CLK (sky130_fd_sc_hd__dfxtp_1)
                         -0.08    9.67   library setup time
                                  9.67   data required time
-----------------------------------------------------------------------------
                                  9.67   data required time
                                 -2.39   data arrival time
-----------------------------------------------------------------------------
                                  7.28   slack (MET)


Startpoint: rst (input port clocked by clk)
Endpoint: _41_ (rising edge-triggered flip-flop clocked by clk)
Path Group: clk
Path Type: max

Fanout     Cap    Slew   Delay    Time   Description
-----------------------------------------------------------------------------
                  0.15    0.00    0.00   clock clk (rise edge)
                          0.00    0.00   clock network delay (ideal)
                          2.00    2.00 v input external delay
     1    0.00    0.01    0.00    2.00 v rst (in)
                                         rst (net)
                  0.01    0.00    2.00 v input1/A (sky130_fd_sc_hd__dlymetal6s2s_1)
     4    0.01    0.06    0.14    2.14 v input1/X (sky130_fd_sc_hd__dlymetal6s2s_1)
                                         net1 (net)
                  0.06    0.00    2.14 v _30_/B (sky130_fd_sc_hd__nor2_1)
     1    0.00    0.06    0.07    2.22 ^ _30_/Y (sky130_fd_sc_hd__nor2_1)
                                         _06_ (net)
                  0.06    0.00    2.22 ^ _41_/D (sky130_fd_sc_hd__dfxtp_1)
                                  2.22   data arrival time

                  0.15   10.00   10.00   clock clk (rise edge)
                          0.00   10.00   clock network delay (ideal)
                         -0.25    9.75   clock uncertainty
                          0.00    9.75   clock reconvergence pessimism
                                  9.75 ^ _41_/CLK (sky130_fd_sc_hd__dfxtp_1)
                         -0.04    9.71   library setup time
                                  9.71   data required time
-----------------------------------------------------------------------------
                                  9.71   data required time
                                 -2.22   data arrival time
-----------------------------------------------------------------------------
                                  7.49   slack (MET)



worst slack corner Typical: 7.2790
