
===========================================================================
 report_power
============================================================================
======================= Fastest Corner ===================================

Group                  Internal  Switching    Leakage      Total
                          Power      Power      Power      Power (Watts)
----------------------------------------------------------------
Sequential             4.10e-03   3.73e-04   1.04e-08   4.47e-03  47.0%
Combinational          1.99e-03   1.13e-03   3.12e-08   3.11e-03  32.7%
Clock                  7.84e-04   1.15e-03   6.56e-09   1.94e-03  20.3%
Macro                  0.00e+00   0.00e+00   0.00e+00   0.00e+00   0.0%
Pad                    0.00e+00   0.00e+00   0.00e+00   0.00e+00   0.0%
----------------------------------------------------------------
Total                  6.87e-03   2.65e-03   4.82e-08   9.53e-03 100.0%
                          72.2%      27.8%       0.0%

======================= Slowest Corner ===================================

Group                  Internal  Switching    Leakage      Total
                          Power      Power      Power      Power (Watts)
----------------------------------------------------------------
Sequential             2.75e-03   2.39e-04   1.05e-05   3.00e-03  46.4%
Combinational          1.40e-03   7.36e-04   1.78e-05   2.15e-03  33.3%
Clock                  5.72e-04   7.36e-04   8.21e-07   1.31e-03  20.3%
Macro                  0.00e+00   0.00e+00   0.00e+00   0.00e+00   0.0%
Pad                    0.00e+00   0.00e+00   0.00e+00   0.00e+00   0.0%
----------------------------------------------------------------
Total                  4.72e-03   1.71e-03   2.91e-05   6.46e-03 100.0%
                          73.1%      26.5%       0.5%

======================= Typical Corner ===================================

Group                  Internal  Switching    Leakage      Total
                          Power      Power      Power      Power (Watts)
----------------------------------------------------------------
Sequential             3.52e-03   3.09e-04   6.04e-09   3.83e-03  46.8%
Combinational          1.75e-03   9.43e-04   1.19e-08   2.69e-03  32.9%
Clock                  6.92e-04   9.69e-04   4.62e-09   1.66e-03  20.3%
Macro                  0.00e+00   0.00e+00   0.00e+00   0.00e+00   0.0%
Pad                    0.00e+00   0.00e+00   0.00e+00   0.00e+00   0.0%
----------------------------------------------------------------
Total                  5.96e-03   2.22e-03   2.25e-08   8.18e-03 100.0%
                          72.8%      27.2%       0.0%

