
 /----------------------------------------------------------------------------\
 |                                                                            |
 |  yosys -- Yosys Open SYnthesis Suite                                       |
 |                                                                            |
 |  Copyright (C) 2012 - 2020  Claire Xenia Wolf <claire@yosyshq.com>         |
 |                                                                            |
 |  Permission to use, copy, modify, and/or distribute this software for any  |
 |  purpose with or without fee is hereby granted, provided that the above    |
 |  copyright notice and this permission notice appear in all copies.         |
 |                                                                            |
 |  THE SOFTWARE IS PROVIDED "AS IS" AND THE AUTHOR DISCLAIMS ALL WARRANTIES  |
 |  WITH REGARD TO THIS SOFTWARE INCLUDING ALL IMPLIED WARRANTIES OF          |
 |  MERCHANTABILITY AND FITNESS. IN NO EVENT SHALL THE AUTHOR BE LIABLE FOR   |
 |  ANY SPECIAL, DIRECT, INDIRECT, OR CONSEQUENTIAL DAMAGES OR ANY DAMAGES    |
 |  WHATSOEVER RESULTING FROM LOSS OF USE, DATA OR PROFITS, WHETHER IN AN     |
 |  ACTION OF CONTRACT, NEGLIGENCE OR OTHER TORTIOUS ACTION, ARISING OUT OF   |
 |  OR IN CONNECTION WITH THE USE OR PERFORMANCE OF THIS SOFTWARE.            |
 |                                                                            |
 \----------------------------------------------------------------------------/

 Yosys 0.34 (git sha1 4a1b5599258, gcc 8.3.1 -fPIC -Os)

[TCL: yosys -import] Command name collision: found pre-existing command `cd' -> skip.
[TCL: yosys -import] Command name collision: found pre-existing command `eval' -> skip.
[TCL: yosys -import] Command name collision: found pre-existing command `exec' -> skip.
[TCL: yosys -import] Command name collision: found pre-existing command `read' -> skip.
[TCL: yosys -import] Command name collision: found pre-existing command `trace' -> skip.

1. Executing Verilog-2005 frontend: /openlane/designs/traffic_light/src/tlight.v
Parsing SystemVerilog input from `/openlane/designs/traffic_light/src/tlight.v' to AST representation.
Generating RTLIL representation for module `\light'.
Successfully finished Verilog frontend.

2. Generating Graphviz representation of design.
Writing dot description to `/openlane/designs/traffic_light/runs/first_run/tmp/synthesis/hierarchy.dot'.
Dumping module light to page 1.

3. Executing HIERARCHY pass (managing design hierarchy).

3.1. Analyzing design hierarchy..
Top module:  \light

3.2. Analyzing design hierarchy..
Top module:  \light
Removed 0 unused modules.
Renaming module light to light.

4. Executing TRIBUF pass.

5. Executing HIERARCHY pass (managing design hierarchy).

5.1. Analyzing design hierarchy..
Top module:  \light

5.2. Analyzing design hierarchy..
Top module:  \light
Removed 0 unused modules.

6. Executing PROC_CLEAN pass (remove empty switches from decision trees).
Cleaned up 0 empty switches.

7. Executing PROC_RMDEAD pass (remove dead branches from decision trees).
Marked 4 switch rules as full_case in process $proc$/openlane/designs/traffic_light/src/tlight.v:35$4 in module light.
Marked 2 switch rules as full_case in process $proc$/openlane/designs/traffic_light/src/tlight.v:19$1 in module light.
Removed a total of 0 dead cases.

8. Executing PROC_PRUNE pass (remove redundant assignments in processes).
Removed 2 redundant assignments.
Promoted 4 assignments to connections.

9. Executing PROC_INIT pass (extract init attributes).

10. Executing PROC_ARST pass (detect async resets in processes).

11. Executing PROC_ROM pass (convert switches to ROMs).
Converted 0 switches.
<suppressed ~6 debug messages>

12. Executing PROC_MUX pass (convert decision trees to multiplexers).
Creating decoders for process `\light.$proc$/openlane/designs/traffic_light/src/tlight.v:35$4'.
     1/16: $4\Green[0:0]
     2/16: $4\Yellow[0:0]
     3/16: $4\Red[0:0]
     4/16: $4\nextstate[1:0]
     5/16: $3\Green[0:0]
     6/16: $3\Yellow[0:0]
     7/16: $3\Red[0:0]
     8/16: $3\nextstate[1:0]
     9/16: $2\Green[0:0]
    10/16: $2\Yellow[0:0]
    11/16: $2\Red[0:0]
    12/16: $2\nextstate[1:0]
    13/16: $1\nextstate[1:0]
    14/16: $1\Green[0:0]
    15/16: $1\Yellow[0:0]
    16/16: $1\Red[0:0]
Creating decoders for process `\light.$proc$/openlane/designs/traffic_light/src/tlight.v:19$1'.
     1/2: $0\count3[1:0]
     2/2: $0\state[1:0]

13. Executing PROC_DLATCH pass (convert process syncs to latches).
Latch inferred for signal `\light.\Red' from process `\light.$proc$/openlane/designs/traffic_light/src/tlight.v:35$4': $auto$proc_dlatch.cc:427:proc_dlatch$197
Latch inferred for signal `\light.\Yellow' from process `\light.$proc$/openlane/designs/traffic_light/src/tlight.v:35$4': $auto$proc_dlatch.cc:427:proc_dlatch$250
Latch inferred for signal `\light.\Green' from process `\light.$proc$/openlane/designs/traffic_light/src/tlight.v:35$4': $auto$proc_dlatch.cc:427:proc_dlatch$303
Latch inferred for signal `\light.\nextstate' from process `\light.$proc$/openlane/designs/traffic_light/src/tlight.v:35$4': $auto$proc_dlatch.cc:427:proc_dlatch$338

14. Executing PROC_DFF pass (convert process syncs to FFs).
Creating register for signal `\light.\count3' using process `\light.$proc$/openlane/designs/traffic_light/src/tlight.v:19$1'.
  created $dff cell `$procdff$339' with positive edge clock.
Creating register for signal `\light.\state' using process `\light.$proc$/openlane/designs/traffic_light/src/tlight.v:19$1'.
  created $dff cell `$procdff$340' with positive edge clock.

15. Executing PROC_MEMWR pass (convert process memory writes to cells).

16. Executing PROC_CLEAN pass (remove empty switches from decision trees).
Found and cleaned up 4 empty switches in `\light.$proc$/openlane/designs/traffic_light/src/tlight.v:35$4'.
Removing empty process `light.$proc$/openlane/designs/traffic_light/src/tlight.v:35$4'.
Found and cleaned up 2 empty switches in `\light.$proc$/openlane/designs/traffic_light/src/tlight.v:19$1'.
Removing empty process `light.$proc$/openlane/designs/traffic_light/src/tlight.v:19$1'.
Cleaned up 6 empty switches.

17. Executing CHECK pass (checking for obvious problems).
Checking module light...
Found and reported 0 problems.

18. Executing OPT_EXPR pass (perform const folding).
Optimizing module light.
<suppressed ~93 debug messages>

19. Executing FLATTEN pass (flatten design).

20. Executing OPT_EXPR pass (perform const folding).
Optimizing module light.

21. Executing OPT_CLEAN pass (remove unused cells and wires).
Finding unused cells or wires in module \light..
Removed 4 unused cells and 122 unused wires.
<suppressed ~5 debug messages>

22. Executing OPT pass (performing simple optimizations).

22.1. Executing OPT_EXPR pass (perform const folding).
Optimizing module light.

22.2. Executing OPT_MERGE pass (detect identical cells).
Finding identical cells in module `\light'.
<suppressed ~168 debug messages>
Removed a total of 56 cells.

22.3. Executing OPT_MUXTREE pass (detect dead branches in mux trees).
Running muxtree optimizer on module \light..
  Creating internal representation of mux trees.
  Evaluating internal representation of mux trees.
  Analyzing evaluation results.
Removed 0 multiplexer ports.
<suppressed ~6 debug messages>

22.4. Executing OPT_REDUCE pass (consolidate $*mux and $reduce_* inputs).
  Optimizing cells in module \light.
    New ctrl vector for $pmux cell $procmux$103: $procmux$100_CMP
    New ctrl vector for $pmux cell $procmux$108: $auto$opt_reduce.cc:134:opt_pmux$342
    New ctrl vector for $pmux cell $procmux$93: { $procmux$101_CMP $procmux$100_CMP }
    New ctrl vector for $pmux cell $procmux$98: $procmux$104_CMP
  Optimizing cells in module \light.
Performed a total of 4 changes.

22.5. Executing OPT_MERGE pass (detect identical cells).
Finding identical cells in module `\light'.
Removed a total of 0 cells.

22.6. Executing OPT_DFF pass (perform DFF optimizations).

22.7. Executing OPT_CLEAN pass (remove unused cells and wires).
Finding unused cells or wires in module \light..
Removed 0 unused cells and 56 unused wires.
<suppressed ~1 debug messages>

22.8. Executing OPT_EXPR pass (perform const folding).
Optimizing module light.

22.9. Rerunning OPT passes. (Maybe there is more to do..)

22.10. Executing OPT_MUXTREE pass (detect dead branches in mux trees).
Running muxtree optimizer on module \light..
  Creating internal representation of mux trees.
  Evaluating internal representation of mux trees.
  Analyzing evaluation results.
Removed 0 multiplexer ports.
<suppressed ~6 debug messages>

22.11. Executing OPT_REDUCE pass (consolidate $*mux and $reduce_* inputs).
  Optimizing cells in module \light.
Performed a total of 0 changes.

22.12. Executing OPT_MERGE pass (detect identical cells).
Finding identical cells in module `\light'.
Removed a total of 0 cells.

22.13. Executing OPT_DFF pass (perform DFF optimizations).

22.14. Executing OPT_CLEAN pass (remove unused cells and wires).
Finding unused cells or wires in module \light..

22.15. Executing OPT_EXPR pass (perform const folding).
Optimizing module light.

22.16. Finished OPT passes. (There is nothing left to do.)

23. Executing FSM pass (extract and optimize FSM).

23.1. Executing FSM_DETECT pass (finding FSMs in design).

23.2. Executing FSM_EXTRACT pass (extracting FSM from design).

23.3. Executing FSM_OPT pass (simple optimizations of FSMs).

23.4. Executing OPT_CLEAN pass (remove unused cells and wires).
Finding unused cells or wires in module \light..

23.5. Executing FSM_OPT pass (simple optimizations of FSMs).

23.6. Executing FSM_RECODE pass (re-assigning FSM state encoding).

23.7. Executing FSM_INFO pass (dumping all available information on FSM cells).

23.8. Executing FSM_MAP pass (mapping FSMs to basic logic).

24. Executing OPT pass (performing simple optimizations).

24.1. Executing OPT_EXPR pass (perform const folding).
Optimizing module light.

24.2. Executing OPT_MERGE pass (detect identical cells).
Finding identical cells in module `\light'.
Removed a total of 0 cells.

24.3. Executing OPT_MUXTREE pass (detect dead branches in mux trees).
Running muxtree optimizer on module \light..
  Creating internal representation of mux trees.
  Evaluating internal representation of mux trees.
  Analyzing evaluation results.
Removed 0 multiplexer ports.
<suppressed ~6 debug messages>

24.4. Executing OPT_REDUCE pass (consolidate $*mux and $reduce_* inputs).
  Optimizing cells in module \light.
Performed a total of 0 changes.

24.5. Executing OPT_MERGE pass (detect identical cells).
Finding identical cells in module `\light'.
Removed a total of 0 cells.

24.6. Executing OPT_DFF pass (perform DFF optimizations).
Adding SRST signal on $procdff$340 ($dff) from module light (D = \nextstate, Q = \state, rval = 2'00).
Adding SRST signal on $procdff$339 ($dff) from module light (D = $add$/openlane/designs/traffic_light/src/tlight.v:30$3_Y [1:0], Q = \count3, rval = 2'00).

24.7. Executing OPT_CLEAN pass (remove unused cells and wires).
Finding unused cells or wires in module \light..
Removed 3 unused cells and 3 unused wires.
<suppressed ~4 debug messages>

24.8. Executing OPT_EXPR pass (perform const folding).
Optimizing module light.

24.9. Rerunning OPT passes. (Maybe there is more to do..)

24.10. Executing OPT_MUXTREE pass (detect dead branches in mux trees).
Running muxtree optimizer on module \light..
  Creating internal representation of mux trees.
  Evaluating internal representation of mux trees.
  Analyzing evaluation results.
Removed 0 multiplexer ports.
<suppressed ~4 debug messages>

24.11. Executing OPT_REDUCE pass (consolidate $*mux and $reduce_* inputs).
  Optimizing cells in module \light.
Performed a total of 0 changes.

24.12. Executing OPT_MERGE pass (detect identical cells).
Finding identical cells in module `\light'.
Removed a total of 0 cells.

24.13. Executing OPT_DFF pass (perform DFF optimizations).

24.14. Executing OPT_CLEAN pass (remove unused cells and wires).
Finding unused cells or wires in module \light..

24.15. Executing OPT_EXPR pass (perform const folding).
Optimizing module light.

24.16. Finished OPT passes. (There is nothing left to do.)

25. Executing WREDUCE pass (reducing word size of cells).
Removed top 31 bits (of 32) from port B of cell light.$add$/openlane/designs/traffic_light/src/tlight.v:30$3 ($add).
Removed top 30 bits (of 32) from port Y of cell light.$add$/openlane/designs/traffic_light/src/tlight.v:30$3 ($add).
Removed top 1 bits (of 2) from port B of cell light.$procmux$100_CMP0 ($eq).
Removed top 30 bits (of 32) from wire light.$add$/openlane/designs/traffic_light/src/tlight.v:30$3_Y.

26. Executing PEEPOPT pass (run peephole optimizers).

27. Executing OPT_CLEAN pass (remove unused cells and wires).
Finding unused cells or wires in module \light..
Removed 0 unused cells and 1 unused wires.
<suppressed ~1 debug messages>

28. Executing ALUMACC pass (create $alu and $macc cells).
Extracting $alu and $macc cells in module light:
  creating $macc model for $add$/openlane/designs/traffic_light/src/tlight.v:30$3 ($add).
  creating $alu model for $macc $add$/openlane/designs/traffic_light/src/tlight.v:30$3.
  creating $alu cell for $add$/openlane/designs/traffic_light/src/tlight.v:30$3: $auto$alumacc.cc:485:replace_alu$348
  created 1 $alu and 0 $macc cells.

29. Executing SHARE pass (SAT-based resource sharing).

30. Executing OPT pass (performing simple optimizations).

30.1. Executing OPT_EXPR pass (perform const folding).
Optimizing module light.

30.2. Executing OPT_MERGE pass (detect identical cells).
Finding identical cells in module `\light'.
Removed a total of 0 cells.

30.3. Executing OPT_MUXTREE pass (detect dead branches in mux trees).
Running muxtree optimizer on module \light..
  Creating internal representation of mux trees.
  Evaluating internal representation of mux trees.
  Analyzing evaluation results.
Removed 0 multiplexer ports.
<suppressed ~4 debug messages>

30.4. Executing OPT_REDUCE pass (consolidate $*mux and $reduce_* inputs).
  Optimizing cells in module \light.
Performed a total of 0 changes.

30.5. Executing OPT_MERGE pass (detect identical cells).
Finding identical cells in module `\light'.
Removed a total of 0 cells.

30.6. Executing OPT_DFF pass (perform DFF optimizations).

30.7. Executing OPT_CLEAN pass (remove unused cells and wires).
Finding unused cells or wires in module \light..

30.8. Executing OPT_EXPR pass (perform const folding).
Optimizing module light.

30.9. Finished OPT passes. (There is nothing left to do.)

31. Executing MEMORY pass.

31.1. Executing OPT_MEM pass (optimize memories).
Performed a total of 0 transformations.

31.2. Executing OPT_MEM_PRIORITY pass (removing unnecessary memory write priority relations).
Performed a total of 0 transformations.

31.3. Executing OPT_MEM_FEEDBACK pass (finding memory read-to-write feedback paths).

31.4. Executing MEMORY_BMUX2ROM pass (converting muxes to ROMs).

31.5. Executing MEMORY_DFF pass (merging $dff cells to $memrd).

31.6. Executing OPT_CLEAN pass (remove unused cells and wires).
Finding unused cells or wires in module \light..

31.7. Executing MEMORY_SHARE pass (consolidating $memrd/$memwr cells).

31.8. Executing OPT_MEM_WIDEN pass (optimize memories where all ports are wide).
Performed a total of 0 transformations.

31.9. Executing OPT_CLEAN pass (remove unused cells and wires).
Finding unused cells or wires in module \light..

31.10. Executing MEMORY_COLLECT pass (generating $mem cells).

32. Executing OPT_CLEAN pass (remove unused cells and wires).
Finding unused cells or wires in module \light..

33. Executing OPT pass (performing simple optimizations).

33.1. Executing OPT_EXPR pass (perform const folding).
Optimizing module light.
<suppressed ~3 debug messages>

33.2. Executing OPT_MERGE pass (detect identical cells).
Finding identical cells in module `\light'.
Removed a total of 0 cells.

33.3. Executing OPT_DFF pass (perform DFF optimizations).

33.4. Executing OPT_CLEAN pass (remove unused cells and wires).
Finding unused cells or wires in module \light..
Removed 0 unused cells and 2 unused wires.
<suppressed ~1 debug messages>

33.5. Finished fast OPT passes.

34. Executing MEMORY_MAP pass (converting memories to logic and flip-flops).

35. Executing OPT pass (performing simple optimizations).

35.1. Executing OPT_EXPR pass (perform const folding).
Optimizing module light.

35.2. Executing OPT_MERGE pass (detect identical cells).
Finding identical cells in module `\light'.
Removed a total of 0 cells.

35.3. Executing OPT_MUXTREE pass (detect dead branches in mux trees).
Running muxtree optimizer on module \light..
  Creating internal representation of mux trees.
  Evaluating internal representation of mux trees.
  Analyzing evaluation results.
Removed 0 multiplexer ports.
<suppressed ~1 debug messages>

35.4. Executing OPT_REDUCE pass (consolidate $*mux and $reduce_* inputs).
  Optimizing cells in module \light.
Performed a total of 0 changes.

35.5. Executing OPT_MERGE pass (detect identical cells).
Finding identical cells in module `\light'.
Removed a total of 0 cells.

35.6. Executing OPT_SHARE pass.

35.7. Executing OPT_DFF pass (perform DFF optimizations).

35.8. Executing OPT_CLEAN pass (remove unused cells and wires).
Finding unused cells or wires in module \light..

35.9. Executing OPT_EXPR pass (perform const folding).
Optimizing module light.

35.10. Finished OPT passes. (There is nothing left to do.)

36. Executing TECHMAP pass (map to technology primitives).

36.1. Executing Verilog-2005 frontend: /build/bin/../share/yosys/techmap.v
Parsing Verilog input from `/build/bin/../share/yosys/techmap.v' to AST representation.
Generating RTLIL representation for module `\_90_simplemap_bool_ops'.
Generating RTLIL representation for module `\_90_simplemap_reduce_ops'.
Generating RTLIL representation for module `\_90_simplemap_logic_ops'.
Generating RTLIL representation for module `\_90_simplemap_compare_ops'.
Generating RTLIL representation for module `\_90_simplemap_various'.
Generating RTLIL representation for module `\_90_simplemap_registers'.
Generating RTLIL representation for module `\_90_shift_ops_shr_shl_sshl_sshr'.
Generating RTLIL representation for module `\_90_shift_shiftx'.
Generating RTLIL representation for module `\_90_fa'.
Generating RTLIL representation for module `\_90_lcu'.
Generating RTLIL representation for module `\_90_alu'.
Generating RTLIL representation for module `\_90_macc'.
Generating RTLIL representation for module `\_90_alumacc'.
Generating RTLIL representation for module `\$__div_mod_u'.
Generating RTLIL representation for module `\$__div_mod_trunc'.
Generating RTLIL representation for module `\_90_div'.
Generating RTLIL representation for module `\_90_mod'.
Generating RTLIL representation for module `\$__div_mod_floor'.
Generating RTLIL representation for module `\_90_divfloor'.
Generating RTLIL representation for module `\_90_modfloor'.
Generating RTLIL representation for module `\_90_pow'.
Generating RTLIL representation for module `\_90_pmux'.
Generating RTLIL representation for module `\_90_demux'.
Generating RTLIL representation for module `\_90_lut'.
Successfully finished Verilog frontend.

36.2. Continuing TECHMAP pass.
Using template $paramod$175e67c02b86e96b1288b9dc100122520d7240d8\_90_alu for cells of type $alu.
Using extmapper simplemap for cells of type $eq.
Using template $paramod$521ce43182eecb9f60c72393a788160d2c356bf5\_90_pmux for cells of type $pmux.
Using extmapper simplemap for cells of type $logic_not.
Using extmapper simplemap for cells of type $not.
Using extmapper simplemap for cells of type $sdff.
Using extmapper simplemap for cells of type $reduce_or.
Using extmapper simplemap for cells of type $dlatch.
Using extmapper simplemap for cells of type $and.
Using extmapper simplemap for cells of type $mux.
Using extmapper simplemap for cells of type $pos.
Using template $paramod\_90_lcu\WIDTH=32'00000000000000000000000000000010 for cells of type $lcu.
Using extmapper simplemap for cells of type $xor.
Using extmapper simplemap for cells of type $or.
No more expansions possible.
<suppressed ~259 debug messages>

37. Executing OPT pass (performing simple optimizations).

37.1. Executing OPT_EXPR pass (perform const folding).
Optimizing module light.
<suppressed ~27 debug messages>

37.2. Executing OPT_MERGE pass (detect identical cells).
Finding identical cells in module `\light'.
<suppressed ~9 debug messages>
Removed a total of 3 cells.

37.3. Executing OPT_DFF pass (perform DFF optimizations).

37.4. Executing OPT_CLEAN pass (remove unused cells and wires).
Finding unused cells or wires in module \light..
Removed 1 unused cells and 61 unused wires.
<suppressed ~2 debug messages>

37.5. Finished fast OPT passes.

38. Executing ABC pass (technology mapping using ABC).

38.1. Extracting gate netlist of module `\light' to `<abc-temp-dir>/input.blif'..
Extracted 32 gates and 38 wires to a netlist network with 5 inputs and 10 outputs.

38.1.1. Executing ABC.
Running ABC command: "<yosys-exe-dir>/yosys-abc" -s -f <abc-temp-dir>/abc.script 2>&1
ABC: ABC command line: "source <abc-temp-dir>/abc.script".
ABC: 
ABC: + read_blif <abc-temp-dir>/input.blif 
ABC: + read_library <abc-temp-dir>/stdcells.genlib 
ABC: Entered genlib library with 13 gates from file "<abc-temp-dir>/stdcells.genlib".
ABC: + strash 
ABC: + dretime 
ABC: + map 
ABC: + write_blif <abc-temp-dir>/output.blif 

38.1.2. Re-integrating ABC results.
ABC RESULTS:               NOT cells:        1
ABC RESULTS:               AND cells:        2
ABC RESULTS:                OR cells:        6
ABC RESULTS:            ANDNOT cells:        6
ABC RESULTS:               NOR cells:        3
ABC RESULTS:               XOR cells:        1
ABC RESULTS:        internal signals:       23
ABC RESULTS:           input signals:        5
ABC RESULTS:          output signals:       10
Removing temp directory.

39. Executing OPT pass (performing simple optimizations).

39.1. Executing OPT_EXPR pass (perform const folding).
Optimizing module light.

39.2. Executing OPT_MERGE pass (detect identical cells).
Finding identical cells in module `\light'.
<suppressed ~6 debug messages>
Removed a total of 2 cells.

39.3. Executing OPT_DFF pass (perform DFF optimizations).

39.4. Executing OPT_CLEAN pass (remove unused cells and wires).
Finding unused cells or wires in module \light..
Removed 0 unused cells and 36 unused wires.
<suppressed ~1 debug messages>

39.5. Finished fast OPT passes.

40. Executing HIERARCHY pass (managing design hierarchy).

40.1. Analyzing design hierarchy..
Top module:  \light

40.2. Analyzing design hierarchy..
Top module:  \light
Removed 0 unused modules.

41. Printing statistics.

=== light ===

   Number of wires:                 25
   Number of wire bits:             34
   Number of public wires:           8
   Number of public wire bits:      11
   Number of memories:               0
   Number of memory bits:            0
   Number of processes:              0
   Number of cells:                 26
     $_ANDNOT_                       5
     $_AND_                          2
     $_DLATCH_N_                     5
     $_NOR_                          2
     $_NOT_                          1
     $_OR_                           6
     $_SDFF_PP0_                     4
     $_XOR_                          1

42. Executing CHECK pass (checking for obvious problems).
Checking module light...
Found and reported 0 problems.

43. Generating Graphviz representation of design.
Writing dot description to `/openlane/designs/traffic_light/runs/first_run/tmp/synthesis/post_techmap.dot'.
Dumping module light to page 1.

44. Executing SHARE pass (SAT-based resource sharing).

45. Executing OPT pass (performing simple optimizations).

45.1. Executing OPT_EXPR pass (perform const folding).
Optimizing module light.

45.2. Executing OPT_MERGE pass (detect identical cells).
Finding identical cells in module `\light'.
Removed a total of 0 cells.

45.3. Executing OPT_MUXTREE pass (detect dead branches in mux trees).
Running muxtree optimizer on module \light..
  Creating internal representation of mux trees.
  No muxes found in this module.
Removed 0 multiplexer ports.

45.4. Executing OPT_REDUCE pass (consolidate $*mux and $reduce_* inputs).
  Optimizing cells in module \light.
Performed a total of 0 changes.

45.5. Executing OPT_MERGE pass (detect identical cells).
Finding identical cells in module `\light'.
Removed a total of 0 cells.

45.6. Executing OPT_DFF pass (perform DFF optimizations).

45.7. Executing OPT_CLEAN pass (remove unused cells and wires).
Finding unused cells or wires in module \light..

45.8. Executing OPT_EXPR pass (perform const folding).
Optimizing module light.

45.9. Finished OPT passes. (There is nothing left to do.)

46. Executing OPT_CLEAN pass (remove unused cells and wires).
Finding unused cells or wires in module \light..

47. Printing statistics.

=== light ===

   Number of wires:                 25
   Number of wire bits:             34
   Number of public wires:           8
   Number of public wire bits:      11
   Number of memories:               0
   Number of memory bits:            0
   Number of processes:              0
   Number of cells:                 26
     $_ANDNOT_                       5
     $_AND_                          2
     $_DLATCH_N_                     5
     $_NOR_                          2
     $_NOT_                          1
     $_OR_                           6
     $_SDFF_PP0_                     4
     $_XOR_                          1

mapping tbuf

48. Executing TECHMAP pass (map to technology primitives).

48.1. Executing Verilog-2005 frontend: /home/wamiqkhan/.volare/sky130A/libs.tech/openlane/sky130_fd_sc_hd/tribuff_map.v
Parsing Verilog input from `/home/wamiqkhan/.volare/sky130A/libs.tech/openlane/sky130_fd_sc_hd/tribuff_map.v' to AST representation.
Generating RTLIL representation for module `\$_TBUF_'.
Successfully finished Verilog frontend.

48.2. Continuing TECHMAP pass.
No more expansions possible.
<suppressed ~3 debug messages>

49. Executing SIMPLEMAP pass (map simple cells to gate primitives).

50. Executing TECHMAP pass (map to technology primitives).

50.1. Executing Verilog-2005 frontend: /home/wamiqkhan/.volare/sky130A/libs.tech/openlane/sky130_fd_sc_hd/latch_map.v
Parsing Verilog input from `/home/wamiqkhan/.volare/sky130A/libs.tech/openlane/sky130_fd_sc_hd/latch_map.v' to AST representation.
Generating RTLIL representation for module `\$_DLATCH_P_'.
Generating RTLIL representation for module `\$_DLATCH_N_'.
Successfully finished Verilog frontend.

50.2. Continuing TECHMAP pass.
Using template \$_DLATCH_N_ for cells of type $_DLATCH_N_.
No more expansions possible.
<suppressed ~9 debug messages>

51. Executing SIMPLEMAP pass (map simple cells to gate primitives).

52. Executing DFFLIBMAP pass (mapping DFF cells to sequential cells from liberty file).
  cell sky130_fd_sc_hd__dfxtp_2 (noninv, pins=3, area=21.27) is a direct match for cell type $_DFF_P_.
  cell sky130_fd_sc_hd__dfrtp_2 (noninv, pins=4, area=26.28) is a direct match for cell type $_DFF_PN0_.
  cell sky130_fd_sc_hd__dfstp_2 (noninv, pins=4, area=26.28) is a direct match for cell type $_DFF_PN1_.
  cell sky130_fd_sc_hd__dfbbn_2 (noninv, pins=6, area=35.03) is a direct match for cell type $_DFFSR_NNN_.
  final dff cell mappings:
    unmapped dff cell: $_DFF_N_
    \sky130_fd_sc_hd__dfxtp_2 _DFF_P_ (.CLK( C), .D( D), .Q( Q));
    unmapped dff cell: $_DFF_NN0_
    unmapped dff cell: $_DFF_NN1_
    unmapped dff cell: $_DFF_NP0_
    unmapped dff cell: $_DFF_NP1_
    \sky130_fd_sc_hd__dfrtp_2 _DFF_PN0_ (.CLK( C), .D( D), .Q( Q), .RESET_B( R));
    \sky130_fd_sc_hd__dfstp_2 _DFF_PN1_ (.CLK( C), .D( D), .Q( Q), .SET_B( R));
    unmapped dff cell: $_DFF_PP0_
    unmapped dff cell: $_DFF_PP1_
    \sky130_fd_sc_hd__dfbbn_2 _DFFSR_NNN_ (.CLK_N( C), .D( D), .Q( Q), .Q_N(~Q), .RESET_B( R), .SET_B( S));
    unmapped dff cell: $_DFFSR_NNP_
    unmapped dff cell: $_DFFSR_NPN_
    unmapped dff cell: $_DFFSR_NPP_
    unmapped dff cell: $_DFFSR_PNN_
    unmapped dff cell: $_DFFSR_PNP_
    unmapped dff cell: $_DFFSR_PPN_
    unmapped dff cell: $_DFFSR_PPP_

52.1. Executing DFFLEGALIZE pass (convert FFs to types supported by the target).
Mapping DFF cells in module `\light':
  mapped 4 $_DFF_P_ cells to \sky130_fd_sc_hd__dfxtp_2 cells.

53. Printing statistics.

=== light ===

   Number of wires:                 44
   Number of wire bits:             53
   Number of public wires:           8
   Number of public wire bits:      11
   Number of memories:               0
   Number of memory bits:            0
   Number of processes:              0
   Number of cells:                 30
     $_ANDNOT_                       5
     $_AND_                          2
     $_MUX_                          4
     $_NOR_                          2
     $_NOT_                          1
     $_OR_                           6
     $_XOR_                          1
     sky130_fd_sc_hd__dfxtp_2        4
     sky130_fd_sc_hd__dlxtn_1        5

[INFO]: USING STRATEGY AREA 0

54. Executing ABC pass (technology mapping using ABC).

54.1. Extracting gate netlist of module `\light' to `/tmp/yosys-abc-lnreUx/input.blif'..
Extracted 21 gates and 29 wires to a netlist network with 7 inputs and 10 outputs.

54.1.1. Executing ABC.
Running ABC command: "/build/bin/yosys-abc" -s -f /tmp/yosys-abc-lnreUx/abc.script 2>&1
ABC: ABC command line: "source /tmp/yosys-abc-lnreUx/abc.script".
ABC: 
ABC: + read_blif /tmp/yosys-abc-lnreUx/input.blif 
ABC: + read_lib -w /openlane/designs/traffic_light/runs/first_run/tmp/synthesis/trimmed.lib 
ABC: Parsing finished successfully.  Parsing time =     0.08 sec
ABC: Scl_LibertyReadGenlib() skipped sequential cell "sky130_fd_sc_hd__dfbbn_2".
ABC: Scl_LibertyReadGenlib() skipped sequential cell "sky130_fd_sc_hd__dfrbp_2".
ABC: Scl_LibertyReadGenlib() skipped sequential cell "sky130_fd_sc_hd__dfrtp_2".
ABC: Scl_LibertyReadGenlib() skipped sequential cell "sky130_fd_sc_hd__dfrtp_4".
ABC: Scl_LibertyReadGenlib() skipped sequential cell "sky130_fd_sc_hd__dfsbp_2".
ABC: Scl_LibertyReadGenlib() skipped sequential cell "sky130_fd_sc_hd__dfstp_2".
ABC: Scl_LibertyReadGenlib() skipped sequential cell "sky130_fd_sc_hd__dfstp_4".
ABC: Scl_LibertyReadGenlib() skipped sequential cell "sky130_fd_sc_hd__dfxbp_2".
ABC: Scl_LibertyReadGenlib() skipped sequential cell "sky130_fd_sc_hd__dfxtp_2".
ABC: Scl_LibertyReadGenlib() skipped sequential cell "sky130_fd_sc_hd__dfxtp_4".
ABC: Scl_LibertyReadGenlib() skipped sequential cell "sky130_fd_sc_hd__dlxtn_1".
ABC: Scl_LibertyReadGenlib() skipped sequential cell "sky130_fd_sc_hd__dlxtn_2".
ABC: Scl_LibertyReadGenlib() skipped sequential cell "sky130_fd_sc_hd__dlxtn_4".
ABC: Scl_LibertyReadGenlib() skipped sequential cell "sky130_fd_sc_hd__dlxtp_1".
ABC: Scl_LibertyReadGenlib() skipped three-state cell "sky130_fd_sc_hd__ebufn_2".
ABC: Scl_LibertyReadGenlib() skipped three-state cell "sky130_fd_sc_hd__ebufn_4".
ABC: Scl_LibertyReadGenlib() skipped three-state cell "sky130_fd_sc_hd__ebufn_8".
ABC: Library "sky130A_merged" from "/openlane/designs/traffic_light/runs/first_run/tmp/synthesis/trimmed.lib" has 175 cells (17 skipped: 14 seq; 3 tri-state; 0 no func; 0 dont_use).  Time =     0.12 sec
ABC: Memory =    9.54 MB. Time =     0.12 sec
ABC: Warning: Detected 2 multi-output gates (for example, "sky130_fd_sc_hd__fa_1").
ABC: + read_constr -v /openlane/designs/traffic_light/runs/first_run/tmp/synthesis/synthesis.sdc 
ABC: Setting driving cell to be "sky130_fd_sc_hd__inv_2".
ABC: Setting output load to be 33.442001.
ABC: + read_constr /openlane/designs/traffic_light/runs/first_run/tmp/synthesis/synthesis.sdc 
ABC: + fx 
ABC: + mfs 
ABC: + strash 
ABC: + drf -l 
ABC: + balance 
ABC: + drw -l 
ABC: + drf -l 
ABC: + balance 
ABC: + drw -l 
ABC: + drw -l -z 
ABC: + balance 
ABC: + drf -l -z 
ABC: + drw -l -z 
ABC: + balance 
ABC: + retime -D -D 10000.0 -M 5 
ABC: + scleanup 
ABC: Error: The network is combinational.
ABC: + fraig_store 
ABC: + balance 
ABC: + fraig_store 
ABC: + balance 
ABC: + drw -l 
ABC: + drf -l 
ABC: + balance 
ABC: + drw -l 
ABC: + drw -l -z 
ABC: + balance 
ABC: + drf -l -z 
ABC: + drw -l -z 
ABC: + balance 
ABC: + fraig_store 
ABC: + balance 
ABC: + drw -l 
ABC: + drf -l 
ABC: + balance 
ABC: + drw -l 
ABC: + drw -l -z 
ABC: + balance 
ABC: + drf -l -z 
ABC: + drw -l -z 
ABC: + balance 
ABC: + fraig_store 
ABC: + balance 
ABC: + drw -l 
ABC: + drf -l 
ABC: + balance 
ABC: + drw -l 
ABC: + drw -l -z 
ABC: + balance 
ABC: + drf -l -z 
ABC: + drw -l -z 
ABC: + balance 
ABC: + fraig_store 
ABC: + fraig_restore 
ABC: + amap -m -Q 0.1 -F 20 -A 20 -C 5000 
ABC: + retime -D -D 10000.0 
ABC: + &get -n 
ABC: + &st 
ABC: + &dch 
ABC: + &nf 
ABC: + &put 
ABC: + buffer -N 10 -S 750.0 
ABC: + upsize -D 10000.0 
ABC: Current delay (762.50 ps) does not exceed the target delay (10000.00 ps). Upsizing is not performed.
ABC: + dnsize -D 10000.0 
ABC: + stime -p 
ABC: WireLoad = "none"  Gates =     17 ( 29.4 %)   Cap = 17.4 ff (  7.4 %)   Area =      115.11 ( 70.6 %)   Delay =   877.21 ps  ( 29.4 %)               
ABC: Path  0 --       3 : 0    5 pi                       A =   0.00  Df =  51.4  -28.9 ps  S =  77.2 ps  Cin =  0.0 ff  Cout =  15.5 ff  Cmax =   0.0 ff  G =    0  
ABC: Path  1 --      18 : 2    1 sky130_fd_sc_hd__and2b_2 A =   8.76  Df = 259.3  -47.5 ps  S =  33.8 ps  Cin =  1.6 ff  Cout =   2.2 ff  Cmax = 310.4 ff  G =  132  
ABC: Path  2 --      19 : 1    2 sky130_fd_sc_hd__buf_1   A =   3.75  Df = 566.7  -76.2 ps  S = 448.8 ps  Cin =  2.1 ff  Cout =  38.1 ff  Cmax = 130.0 ff  G = 1799  
ABC: Path  3 --      26 : 2    1 sky130_fd_sc_hd__nor2_2  A =   6.26  Df = 877.2 -120.6 ps  S = 375.2 ps  Cin =  4.4 ff  Cout =  33.4 ff  Cmax = 141.9 ff  G =  756  
ABC: Start-point = pi2 (\state [0]).  End-point = po5 ($0\Red[0:0]).
ABC: + print_stats -m 
ABC: netlist                       : i/o =    7/   10  lat =    0  nd =    17  edge =     32  area =115.12  delay = 3.00  lev = 3
ABC: + write_blif /tmp/yosys-abc-lnreUx/output.blif 

54.1.2. Re-integrating ABC results.
ABC RESULTS:   sky130_fd_sc_hd__nand2_2 cells:        1
ABC RESULTS:   sky130_fd_sc_hd__a21o_2 cells:        1
ABC RESULTS:   sky130_fd_sc_hd__a21boi_2 cells:        1
ABC RESULTS:   sky130_fd_sc_hd__and2b_2 cells:        4
ABC RESULTS:   sky130_fd_sc_hd__nor2_2 cells:        3
ABC RESULTS:   sky130_fd_sc_hd__or2_2 cells:        1
ABC RESULTS:   sky130_fd_sc_hd__and3b_2 cells:        1
ABC RESULTS:   sky130_fd_sc_hd__buf_1 cells:        5
ABC RESULTS:        internal signals:       12
ABC RESULTS:           input signals:        7
ABC RESULTS:          output signals:       10
Removing temp directory.

55. Executing SETUNDEF pass (replace undef values with defined constants).

56. Executing HILOMAP pass (mapping to constant drivers).

57. Executing SPLITNETS pass (splitting up multi-bit signals).

58. Executing OPT_CLEAN pass (remove unused cells and wires).
Finding unused cells or wires in module \light..
Removed 2 unused cells and 51 unused wires.
<suppressed ~3 debug messages>

59. Executing INSBUF pass (insert buffer cells for connected wires).

60. Executing CHECK pass (checking for obvious problems).
Checking module light...
Warning: Wire light.\Yellow is used but has no driver.
Warning: Wire light.\Red is used but has no driver.
Warning: Wire light.\Green is used but has no driver.
Found and reported 3 problems.

61. Printing statistics.

=== light ===

   Number of wires:                 28
   Number of wire bits:             28
   Number of public wires:          11
   Number of public wire bits:      11
   Number of memories:               0
   Number of memory bits:            0
   Number of processes:              0
   Number of cells:                 26
     sky130_fd_sc_hd__a21boi_2       1
     sky130_fd_sc_hd__a21o_2         1
     sky130_fd_sc_hd__and2b_2        4
     sky130_fd_sc_hd__and3b_2        1
     sky130_fd_sc_hd__buf_1          5
     sky130_fd_sc_hd__dfxtp_2        4
     sky130_fd_sc_hd__dlxtn_1        5
     sky130_fd_sc_hd__nand2_2        1
     sky130_fd_sc_hd__nor2_2         3
     sky130_fd_sc_hd__or2_2          1

   Chip area for module '\light': 275.264000

62. Executing Verilog backend.
Dumping module `\light'.

63. Executing JSON backend.

Warnings: 3 unique messages, 3 total
End of script. Logfile hash: d2dd03aea4, CPU: user 0.37s system 0.04s, MEM: 28.62 MB peak
Yosys 0.34 (git sha1 4a1b5599258, gcc 8.3.1 -fPIC -Os)
Time spent: 44% 2x abc (0 sec), 18% 4x stat (0 sec), ...
