OpenROAD 75f2f325b7a42e56a92404f33af8e96530d9b202 
This program is licensed under the BSD-3 license. See the LICENSE file for details.
Components of this program may be licensed under more restrictive licenses which must be honored.
[INFO]: Reading ODB at '/openlane/designs/traffic_light/runs/first_run/tmp/20-light.odb'…
define_corners Typical
read_liberty -corner Typical /home/wamiqkhan/.volare/sky130A/libs.ref/sky130_fd_sc_hd/lib/sky130_fd_sc_hd__tt_025C_1v80.lib
Using 1e-12 for capacitance...
Using 1e+03 for resistance...
Using 1e-09 for time...
Using 1e+00 for voltage...
Using 1e-03 for current...
Using 1e-09 for power...
Using 1e-06 for distance...
Reading design constraints file at '/openlane/scripts/base.sdc'…
[INFO]: Setting output delay to: 2.0
[INFO]: Setting input delay to: 2.0
[INFO]: Setting load to: 0.033442
[INFO]: Setting clock uncertainty to: 0.25
[INFO]: Setting clock transition to: 0.15
[INFO]: Setting timing derate to: 5.0 %
[INFO]: Setting RC values...
min_report

===========================================================================
report_checks -path_delay min (Hold)
============================================================================
======================= Typical Corner ===================================

Startpoint: _42_ (rising edge-triggered flip-flop clocked by clk)
Endpoint: _42_ (rising edge-triggered flip-flop clocked by clk)
Path Group: clk
Path Type: min

Fanout     Cap    Slew   Delay    Time   Description
-----------------------------------------------------------------------------
                  0.15    0.00    0.00   clock clk (rise edge)
                          0.00    0.00   clock network delay (ideal)
                  0.15    0.00    0.00 ^ _42_/CLK (sky130_fd_sc_hd__dfxtp_1)
     2    0.01    0.04    0.32    0.32 v _42_/Q (sky130_fd_sc_hd__dfxtp_1)
                                         count3[1] (net)
                  0.04    0.00    0.32 v _22_/B (sky130_fd_sc_hd__nand2_1)
     3    0.01    0.09    0.09    0.41 ^ _22_/Y (sky130_fd_sc_hd__nand2_1)
                                         _10_ (net)
                  0.09    0.00    0.41 ^ _32_/B (sky130_fd_sc_hd__and3b_1)
     1    0.00    0.05    0.15    0.56 ^ _32_/X (sky130_fd_sc_hd__and3b_1)
                                         _14_ (net)
                  0.05    0.00    0.56 ^ _33_/A (sky130_fd_sc_hd__clkbuf_1)
     1    0.00    0.05    0.08    0.64 ^ _33_/X (sky130_fd_sc_hd__clkbuf_1)
                                         _07_ (net)
                  0.05    0.00    0.64 ^ _42_/D (sky130_fd_sc_hd__dfxtp_1)
                                  0.64   data arrival time

                  0.15    0.00    0.00   clock clk (rise edge)
                          0.00    0.00   clock network delay (ideal)
                          0.25    0.25   clock uncertainty
                          0.00    0.25   clock reconvergence pessimism
                                  0.25 ^ _42_/CLK (sky130_fd_sc_hd__dfxtp_1)
                         -0.02    0.23   library hold time
                                  0.23   data required time
-----------------------------------------------------------------------------
                                  0.23   data required time
                                 -0.64   data arrival time
-----------------------------------------------------------------------------
                                  0.41   slack (MET)


Startpoint: _41_ (rising edge-triggered flip-flop clocked by clk)
Endpoint: _41_ (rising edge-triggered flip-flop clocked by clk)
Path Group: clk
Path Type: min

Fanout     Cap    Slew   Delay    Time   Description
-----------------------------------------------------------------------------
                  0.15    0.00    0.00   clock clk (rise edge)
                          0.00    0.00   clock network delay (ideal)
                  0.15    0.00    0.00 ^ _41_/CLK (sky130_fd_sc_hd__dfxtp_1)
     3    0.01    0.09    0.36    0.36 ^ _41_/Q (sky130_fd_sc_hd__dfxtp_1)
                                         count3[0] (net)
                  0.09    0.00    0.36 ^ hold1/A (sky130_fd_sc_hd__dlygate4sd3_1)
     1    0.00    0.05    0.52    0.88 ^ hold1/X (sky130_fd_sc_hd__dlygate4sd3_1)
                                         net5 (net)
                  0.05    0.00    0.88 ^ _30_/A (sky130_fd_sc_hd__nor2_1)
     1    0.00    0.03    0.04    0.92 v _30_/Y (sky130_fd_sc_hd__nor2_1)
                                         _06_ (net)
                  0.03    0.00    0.92 v _41_/D (sky130_fd_sc_hd__dfxtp_1)
                                  0.92   data arrival time

                  0.15    0.00    0.00   clock clk (rise edge)
                          0.00    0.00   clock network delay (ideal)
                          0.25    0.25   clock uncertainty
                          0.00    0.25   clock reconvergence pessimism
                                  0.25 ^ _41_/CLK (sky130_fd_sc_hd__dfxtp_1)
                         -0.02    0.23   library hold time
                                  0.23   data required time
-----------------------------------------------------------------------------
                                  0.23   data required time
                                 -0.92   data arrival time
-----------------------------------------------------------------------------
                                  0.70   slack (MET)


Startpoint: rst (input port clocked by clk)
Endpoint: _35_ (rising edge-triggered flip-flop clocked by clk)
Path Group: clk
Path Type: min

Fanout     Cap    Slew   Delay    Time   Description
-----------------------------------------------------------------------------
                  0.15    0.00    0.00   clock clk (rise edge)
                          0.00    0.00   clock network delay (ideal)
                          2.00    2.00 v input external delay
     1    0.00    0.01    0.00    2.00 v rst (in)
                                         rst (net)
                  0.01    0.00    2.00 v input1/A (sky130_fd_sc_hd__dlymetal6s2s_1)
     4    0.02    0.10    0.16    2.17 v input1/X (sky130_fd_sc_hd__dlymetal6s2s_1)
                                         net1 (net)
                  0.10    0.00    2.17 v _28_/A_N (sky130_fd_sc_hd__and2b_1)
     1    0.00    0.05    0.20    2.37 ^ _28_/X (sky130_fd_sc_hd__and2b_1)
                                         _12_ (net)
                  0.05    0.00    2.37 ^ _29_/A (sky130_fd_sc_hd__clkbuf_1)
     1    0.00    0.03    0.07    2.44 ^ _29_/X (sky130_fd_sc_hd__clkbuf_1)
                                         _05_ (net)
                  0.03    0.00    2.44 ^ _35_/D (sky130_fd_sc_hd__dfxtp_1)
                                  2.44   data arrival time

                  0.15    0.00    0.00   clock clk (rise edge)
                          0.00    0.00   clock network delay (ideal)
                          0.25    0.25   clock uncertainty
                          0.00    0.25   clock reconvergence pessimism
                                  0.25 ^ _35_/CLK (sky130_fd_sc_hd__dfxtp_1)
                         -0.01    0.24   library hold time
                                  0.24   data required time
-----------------------------------------------------------------------------
                                  0.24   data required time
                                 -2.44   data arrival time
-----------------------------------------------------------------------------
                                  2.20   slack (MET)


Startpoint: rst (input port clocked by clk)
Endpoint: _34_ (rising edge-triggered flip-flop clocked by clk)
Path Group: clk
Path Type: min

Fanout     Cap    Slew   Delay    Time   Description
-----------------------------------------------------------------------------
                  0.15    0.00    0.00   clock clk (rise edge)
                          0.00    0.00   clock network delay (ideal)
                          2.00    2.00 v input external delay
     1    0.00    0.01    0.00    2.00 v rst (in)
                                         rst (net)
                  0.01    0.00    2.00 v input1/A (sky130_fd_sc_hd__dlymetal6s2s_1)
     4    0.02    0.10    0.16    2.17 v input1/X (sky130_fd_sc_hd__dlymetal6s2s_1)
                                         net1 (net)
                  0.10    0.00    2.17 v _26_/A_N (sky130_fd_sc_hd__and2b_1)
     1    0.00    0.05    0.20    2.37 ^ _26_/X (sky130_fd_sc_hd__and2b_1)
                                         _11_ (net)
                  0.05    0.00    2.37 ^ _27_/A (sky130_fd_sc_hd__clkbuf_1)
     1    0.00    0.04    0.07    2.44 ^ _27_/X (sky130_fd_sc_hd__clkbuf_1)
                                         _04_ (net)
                  0.04    0.00    2.44 ^ _34_/D (sky130_fd_sc_hd__dfxtp_1)
                                  2.44   data arrival time

                  0.15    0.00    0.00   clock clk (rise edge)
                          0.00    0.00   clock network delay (ideal)
                          0.25    0.25   clock uncertainty
                          0.00    0.25   clock reconvergence pessimism
                                  0.25 ^ _34_/CLK (sky130_fd_sc_hd__dfxtp_1)
                         -0.02    0.23   library hold time
                                  0.23   data required time
-----------------------------------------------------------------------------
                                  0.23   data required time
                                 -2.44   data arrival time
-----------------------------------------------------------------------------
                                  2.21   slack (MET)



worst slack corner Typical: 0.4087
min_report_end
max_report

===========================================================================
report_checks -path_delay max (Setup)
============================================================================
======================= Typical Corner ===================================

Startpoint: rst (input port clocked by clk)
Endpoint: _34_ (rising edge-triggered flip-flop clocked by clk)
Path Group: clk
Path Type: max

Fanout     Cap    Slew   Delay    Time   Description
-----------------------------------------------------------------------------
                  0.15    0.00    0.00   clock clk (rise edge)
                          0.00    0.00   clock network delay (ideal)
                          2.00    2.00 ^ input external delay
     1    0.00    0.02    0.01    2.01 ^ rst (in)
                                         rst (net)
                  0.02    0.00    2.01 ^ input1/A (sky130_fd_sc_hd__dlymetal6s2s_1)
     4    0.02    0.19    0.19    2.20 ^ input1/X (sky130_fd_sc_hd__dlymetal6s2s_1)
                                         net1 (net)
                  0.19    0.00    2.20 ^ _26_/A_N (sky130_fd_sc_hd__and2b_1)
     1    0.00    0.04    0.22    2.42 v _26_/X (sky130_fd_sc_hd__and2b_1)
                                         _11_ (net)
                  0.04    0.00    2.42 v _27_/A (sky130_fd_sc_hd__clkbuf_1)
     1    0.00    0.02    0.08    2.51 v _27_/X (sky130_fd_sc_hd__clkbuf_1)
                                         _04_ (net)
                  0.02    0.00    2.51 v _34_/D (sky130_fd_sc_hd__dfxtp_1)
                                  2.51   data arrival time

                  0.15   10.00   10.00   clock clk (rise edge)
                          0.00   10.00   clock network delay (ideal)
                         -0.25    9.75   clock uncertainty
                          0.00    9.75   clock reconvergence pessimism
                                  9.75 ^ _34_/CLK (sky130_fd_sc_hd__dfxtp_1)
                         -0.08    9.67   library setup time
                                  9.67   data required time
-----------------------------------------------------------------------------
                                  9.67   data required time
                                 -2.51   data arrival time
-----------------------------------------------------------------------------
                                  7.17   slack (MET)


Startpoint: rst (input port clocked by clk)
Endpoint: _42_ (rising edge-triggered flip-flop clocked by clk)
Path Group: clk
Path Type: max

Fanout     Cap    Slew   Delay    Time   Description
-----------------------------------------------------------------------------
                  0.15    0.00    0.00   clock clk (rise edge)
                          0.00    0.00   clock network delay (ideal)
                          2.00    2.00 ^ input external delay
     1    0.00    0.02    0.01    2.01 ^ rst (in)
                                         rst (net)
                  0.02    0.00    2.01 ^ input1/A (sky130_fd_sc_hd__dlymetal6s2s_1)
     4    0.02    0.19    0.19    2.20 ^ input1/X (sky130_fd_sc_hd__dlymetal6s2s_1)
                                         net1 (net)
                  0.19    0.00    2.20 ^ _32_/A_N (sky130_fd_sc_hd__and3b_1)
     1    0.00    0.04    0.21    2.41 v _32_/X (sky130_fd_sc_hd__and3b_1)
                                         _14_ (net)
                  0.04    0.00    2.41 v _33_/A (sky130_fd_sc_hd__clkbuf_1)
     1    0.00    0.03    0.09    2.50 v _33_/X (sky130_fd_sc_hd__clkbuf_1)
                                         _07_ (net)
                  0.03    0.00    2.50 v _42_/D (sky130_fd_sc_hd__dfxtp_1)
                                  2.50   data arrival time

                  0.15   10.00   10.00   clock clk (rise edge)
                          0.00   10.00   clock network delay (ideal)
                         -0.25    9.75   clock uncertainty
                          0.00    9.75   clock reconvergence pessimism
                                  9.75 ^ _42_/CLK (sky130_fd_sc_hd__dfxtp_1)
                         -0.08    9.67   library setup time
                                  9.67   data required time
-----------------------------------------------------------------------------
                                  9.67   data required time
                                 -2.50   data arrival time
-----------------------------------------------------------------------------
                                  7.17   slack (MET)


Startpoint: rst (input port clocked by clk)
Endpoint: _35_ (rising edge-triggered flip-flop clocked by clk)
Path Group: clk
Path Type: max

Fanout     Cap    Slew   Delay    Time   Description
-----------------------------------------------------------------------------
                  0.15    0.00    0.00   clock clk (rise edge)
                          0.00    0.00   clock network delay (ideal)
                          2.00    2.00 ^ input external delay
     1    0.00    0.02    0.01    2.01 ^ rst (in)
                                         rst (net)
                  0.02    0.00    2.01 ^ input1/A (sky130_fd_sc_hd__dlymetal6s2s_1)
     4    0.02    0.19    0.19    2.20 ^ input1/X (sky130_fd_sc_hd__dlymetal6s2s_1)
                                         net1 (net)
                  0.19    0.00    2.20 ^ _28_/A_N (sky130_fd_sc_hd__and2b_1)
     1    0.00    0.04    0.22    2.42 v _28_/X (sky130_fd_sc_hd__and2b_1)
                                         _12_ (net)
                  0.04    0.00    2.42 v _29_/A (sky130_fd_sc_hd__clkbuf_1)
     1    0.00    0.02    0.08    2.50 v _29_/X (sky130_fd_sc_hd__clkbuf_1)
                                         _05_ (net)
                  0.02    0.00    2.50 v _35_/D (sky130_fd_sc_hd__dfxtp_1)
                                  2.50   data arrival time

                  0.15   10.00   10.00   clock clk (rise edge)
                          0.00   10.00   clock network delay (ideal)
                         -0.25    9.75   clock uncertainty
                          0.00    9.75   clock reconvergence pessimism
                                  9.75 ^ _35_/CLK (sky130_fd_sc_hd__dfxtp_1)
                         -0.08    9.67   library setup time
                                  9.67   data required time
-----------------------------------------------------------------------------
                                  9.67   data required time
                                 -2.50   data arrival time
-----------------------------------------------------------------------------
                                  7.17   slack (MET)


Startpoint: rst (input port clocked by clk)
Endpoint: _41_ (rising edge-triggered flip-flop clocked by clk)
Path Group: clk
Path Type: max

Fanout     Cap    Slew   Delay    Time   Description
-----------------------------------------------------------------------------
                  0.15    0.00    0.00   clock clk (rise edge)
                          0.00    0.00   clock network delay (ideal)
                          2.00    2.00 ^ input external delay
     1    0.00    0.02    0.01    2.01 ^ rst (in)
                                         rst (net)
                  0.02    0.00    2.01 ^ input1/A (sky130_fd_sc_hd__dlymetal6s2s_1)
     4    0.02    0.19    0.19    2.20 ^ input1/X (sky130_fd_sc_hd__dlymetal6s2s_1)
                                         net1 (net)
                  0.19    0.00    2.20 ^ _30_/B (sky130_fd_sc_hd__nor2_1)
     1    0.00    0.05    0.07    2.27 v _30_/Y (sky130_fd_sc_hd__nor2_1)
                                         _06_ (net)
                  0.05    0.00    2.27 v _41_/D (sky130_fd_sc_hd__dfxtp_1)
                                  2.27   data arrival time

                  0.15   10.00   10.00   clock clk (rise edge)
                          0.00   10.00   clock network delay (ideal)
                         -0.25    9.75   clock uncertainty
                          0.00    9.75   clock reconvergence pessimism
                                  9.75 ^ _41_/CLK (sky130_fd_sc_hd__dfxtp_1)
                         -0.09    9.66   library setup time
                                  9.66   data required time
-----------------------------------------------------------------------------
                                  9.66   data required time
                                 -2.27   data arrival time
-----------------------------------------------------------------------------
                                  7.39   slack (MET)



worst slack corner Typical: 7.1663
max_report_end
checks_report

===========================================================================
report_checks -unconstrained
===========================================================================
======================= Typical Corner ===================================

Startpoint: rst (input port clocked by clk)
Endpoint: _34_ (rising edge-triggered flip-flop clocked by clk)
Path Group: clk
Path Type: max

Fanout     Cap    Slew   Delay    Time   Description
-----------------------------------------------------------------------------
                  0.15    0.00    0.00   clock clk (rise edge)
                          0.00    0.00   clock network delay (ideal)
                          2.00    2.00 ^ input external delay
     1    0.00    0.02    0.01    2.01 ^ rst (in)
                                         rst (net)
                  0.02    0.00    2.01 ^ input1/A (sky130_fd_sc_hd__dlymetal6s2s_1)
     4    0.02    0.19    0.19    2.20 ^ input1/X (sky130_fd_sc_hd__dlymetal6s2s_1)
                                         net1 (net)
                  0.19    0.00    2.20 ^ _26_/A_N (sky130_fd_sc_hd__and2b_1)
     1    0.00    0.04    0.22    2.42 v _26_/X (sky130_fd_sc_hd__and2b_1)
                                         _11_ (net)
                  0.04    0.00    2.42 v _27_/A (sky130_fd_sc_hd__clkbuf_1)
     1    0.00    0.02    0.08    2.51 v _27_/X (sky130_fd_sc_hd__clkbuf_1)
                                         _04_ (net)
                  0.02    0.00    2.51 v _34_/D (sky130_fd_sc_hd__dfxtp_1)
                                  2.51   data arrival time

                  0.15   10.00   10.00   clock clk (rise edge)
                          0.00   10.00   clock network delay (ideal)
                         -0.25    9.75   clock uncertainty
                          0.00    9.75   clock reconvergence pessimism
                                  9.75 ^ _34_/CLK (sky130_fd_sc_hd__dfxtp_1)
                         -0.08    9.67   library setup time
                                  9.67   data required time
-----------------------------------------------------------------------------
                                  9.67   data required time
                                 -2.51   data arrival time
-----------------------------------------------------------------------------
                                  7.17   slack (MET)




===========================================================================
report_checks --slack_max -0.01
============================================================================
======================= Typical Corner ===================================

No paths found.


===========================================================================
 report_check_types -max_slew -max_cap -max_fanout -violators
============================================================================
======================= Typical Corner ===================================


max slew violations count Typical: 0
max fanout violations count Typical: 0
max cap violations count Typical: 0

===========================================================================
report_parasitic_annotation -report_unannotated
============================================================================
Found 36 unannotated drivers.
 clk
 rst
 _17_/X
 _18_/X
 _19_/X
 _20_/X
 _21_/Y
 _22_/Y
 _23_/X
 _24_/Y
 _25_/Y
 _26_/X
 _27_/X
 _28_/X
 _29_/X
 _30_/Y
 _31_/X
 _32_/X
 _33_/X
 _34_/Q
 _35_/Q
 _36_/Q
 _37_/Q
 _38_/Q
 _39_/Q
 _40_/Q
 _41_/Q
 _42_/Q
 clkbuf_0_clk/X
 clkbuf_1_0__f_clk/X
 clkbuf_1_1__f_clk/X
 hold1/X
 input1/X
 output2/X
 output3/X
 output4/X
Found 0 partially unannotated drivers.

===========================================================================
max slew violation count 0
max fanout violation count 0
max cap violation count 0
============================================================================

===========================================================================
check_setup -verbose -unconstrained_endpoints -multiple_clock -no_clock -no_input_delay -loops -generated_clocks
===========================================================================
Warning: There are 5 unclocked register/latch pins.
  _36_/GATE_N
  _37_/GATE_N
  _38_/GATE_N
  _39_/GATE_N
  _40_/GATE_N
Warning: There are 8 unconstrained endpoints.
  Green
  Red
  Yellow
  _36_/D
  _37_/D
  _38_/D
  _39_/D
  _40_/D
checks_report_end
power_report

===========================================================================
 report_power
============================================================================
======================= Typical Corner ===================================

Group                  Internal  Switching    Leakage      Total
                          Power      Power      Power      Power (Watts)
----------------------------------------------------------------
Sequential             2.04e-05   2.03e-06   7.33e-11   2.25e-05  25.9%
Combinational          2.97e-06   2.04e-06   8.28e-11   5.01e-06   5.8%
Clock                  5.00e-05   9.36e-06   4.58e-10   5.94e-05  68.4%
Macro                  0.00e+00   0.00e+00   0.00e+00   0.00e+00   0.0%
Pad                    0.00e+00   0.00e+00   0.00e+00   0.00e+00   0.0%
----------------------------------------------------------------
Total                  7.34e-05   1.34e-05   6.14e-10   8.69e-05 100.0%
                          84.5%      15.5%       0.0%

power_report_end
skew_report

===========================================================================
report_clock_skew
============================================================================
Clock clk
Latency      CRPR       Skew
_39_/GATE_N v
   0.64
_34_/CLK ^
   0.28      0.00       0.36

skew_report_end
summary_report

===========================================================================
report_tns
============================================================================
tns 0.00

===========================================================================
report_wns
============================================================================
wns 0.00

===========================================================================
report_worst_slack -max (Setup)
============================================================================
worst slack 7.17

===========================================================================
report_worst_slack -min (Hold)
============================================================================
worst slack 0.41
summary_report_end
area_report

===========================================================================
report_design_area
============================================================================
Design area 956 u^2 3% utilization.
area_report_end
[WARNING] Did not save OpenROAD database!
Writing SDF to '/openlane/designs/traffic_light/runs/first_run/results/signoff/light.sdf'…
Writing timing model to '/openlane/designs/traffic_light/runs/first_run/results/signoff/light.lib'…
