OpenROAD 75f2f325b7a42e56a92404f33af8e96530d9b202 
This program is licensed under the BSD-3 license. See the LICENSE file for details.
Components of this program may be licensed under more restrictive licenses which must be honored.
[INFO]: Reading ODB at '/openlane/designs/ram_8x72/runs/first_run/results/floorplan/dff_ram_8x72.odb'…
define_corners Typical
read_liberty -corner Typical /home/wamiqkhan/.volare/sky130A/libs.ref/sky130_fd_sc_hd/lib/sky130_fd_sc_hd__tt_025C_1v80.lib
Using 1e-12 for capacitance...
Using 1e+03 for resistance...
Using 1e-09 for time...
Using 1e+00 for voltage...
Using 1e-03 for current...
Using 1e-09 for power...
Using 1e-06 for distance...
Reading design constraints file at '/openlane/scripts/base.sdc'…
[INFO]: Setting output delay to: 2.0
[INFO]: Setting input delay to: 2.0
[INFO]: Setting load to: 0.033442
[INFO]: Setting clock uncertainty to: 0.25
[INFO]: Setting clock transition to: 0.15
[INFO]: Setting timing derate to: 5.0 %
[INFO]: Setting RC values...
[INFO]: Setting signal min routing layer to: met1 and clock min routing layer to met1. 
[INFO]: Setting signal max routing layer to: met5 and clock max routing layer to met5. 
[WARNING GPL-0150] -skip_io will disable timing driven mode.
[WARNING GPL-0151] -skip_io will disable routability driven mode.
[INFO GPL-0002] DBU: 1000
[INFO GPL-0003] SiteSize: 460 2720
[INFO GPL-0004] CoreAreaLxLy: 5520 10880
[INFO GPL-0005] CoreAreaUxUy: 255760 261120
[INFO GPL-0006] NumInstances: 3915
[INFO GPL-0007] NumPlaceInstances: 2838
[INFO GPL-0008] NumFixedInstances: 1077
[INFO GPL-0009] NumDummyInstances: 0
[INFO GPL-0010] NumNets: 2915
[INFO GPL-0011] NumPins: 9080
[INFO GPL-0012] DieAreaLxLy: 0 0
[INFO GPL-0013] DieAreaUxUy: 261370 272090
[INFO GPL-0014] CoreAreaLxLy: 5520 10880
[INFO GPL-0015] CoreAreaUxUy: 255760 261120
[INFO GPL-0016] CoreArea: 62620057600
[INFO GPL-0017] NonPlaceInstsArea: 1807984000
[INFO GPL-0018] PlaceInstsArea: 31332550400
[INFO GPL-0019] Util(%): 51.52
[INFO GPL-0020] StdInstsArea: 31332550400
[INFO GPL-0021] MacroInstsArea: 0
[INFO GPL-0031] FillerInit: NumGCells: 3312
[INFO GPL-0032] FillerInit: NumGNets: 2915
[INFO GPL-0033] FillerInit: NumGPins: 9080
[INFO GPL-0023] TargetDensity: 0.60
[INFO GPL-0024] AveragePlaceInstArea: 11040363
[INFO GPL-0025] IdealBinArea: 18400604
[INFO GPL-0026] IdealBinCnt: 3403
[INFO GPL-0027] TotalBinArea: 62620057600
[INFO GPL-0028] BinCnt: 32 32
[INFO GPL-0029] BinSize: 7820 7820
[INFO GPL-0030] NumBins: 1024
[NesterovSolve] Iter: 1 overflow: 0.995177 HPWL: 7434360
[NesterovSolve] Iter: 10 overflow: 0.990561 HPWL: 4180583
[NesterovSolve] Iter: 20 overflow: 0.990561 HPWL: 4143144
[NesterovSolve] Iter: 30 overflow: 0.990561 HPWL: 4144196
[NesterovSolve] Iter: 40 overflow: 0.990561 HPWL: 4142059
[NesterovSolve] Iter: 50 overflow: 0.990561 HPWL: 4142155
[NesterovSolve] Iter: 60 overflow: 0.990561 HPWL: 4142278
[NesterovSolve] Iter: 70 overflow: 0.990561 HPWL: 4145633
[NesterovSolve] Iter: 80 overflow: 0.990561 HPWL: 4153114
[NesterovSolve] Iter: 90 overflow: 0.990561 HPWL: 4169682
[NesterovSolve] Iter: 100 overflow: 0.990561 HPWL: 4206698
[NesterovSolve] Iter: 110 overflow: 0.990559 HPWL: 4288419
[NesterovSolve] Iter: 120 overflow: 0.990538 HPWL: 4470283
[NesterovSolve] Iter: 130 overflow: 0.990485 HPWL: 5031728
[NesterovSolve] Iter: 140 overflow: 0.980097 HPWL: 7228602
[NesterovSolve] Iter: 150 overflow: 0.96897 HPWL: 10842132
[NesterovSolve] Iter: 160 overflow: 0.944903 HPWL: 13488938
[NesterovSolve] Iter: 170 overflow: 0.922473 HPWL: 15722617
[NesterovSolve] Iter: 180 overflow: 0.901669 HPWL: 18136356
[NesterovSolve] Iter: 190 overflow: 0.870641 HPWL: 21221068
[NesterovSolve] Iter: 200 overflow: 0.836904 HPWL: 24076205
[NesterovSolve] Iter: 210 overflow: 0.808671 HPWL: 26833037
[NesterovSolve] Iter: 220 overflow: 0.760191 HPWL: 30118260
[NesterovSolve] Iter: 230 overflow: 0.722972 HPWL: 33059679
[NesterovSolve] Iter: 240 overflow: 0.67869 HPWL: 36090707
[NesterovSolve] Iter: 250 overflow: 0.632148 HPWL: 38989991
[NesterovSolve] Iter: 260 overflow: 0.586522 HPWL: 41633132
[NesterovSolve] Iter: 270 overflow: 0.538299 HPWL: 43833148
[NesterovSolve] Iter: 280 overflow: 0.489538 HPWL: 45515836
[NesterovSolve] Iter: 290 overflow: 0.437281 HPWL: 46640233
[NesterovSolve] Iter: 300 overflow: 0.386741 HPWL: 47208269
[NesterovSolve] Iter: 310 overflow: 0.338535 HPWL: 47285392
[NesterovSolve] Iter: 320 overflow: 0.302567 HPWL: 47451373
[NesterovSolve] Iter: 330 overflow: 0.268992 HPWL: 47793445
[NesterovSolve] Iter: 340 overflow: 0.23637 HPWL: 47973088
[NesterovSolve] Iter: 350 overflow: 0.20342 HPWL: 48221496
[NesterovSolve] Iter: 360 overflow: 0.173525 HPWL: 48396910
[NesterovSolve] Iter: 370 overflow: 0.150777 HPWL: 48565792
[NesterovSolve] Iter: 380 overflow: 0.123094 HPWL: 48711008
[NesterovSolve] Iter: 390 overflow: 0.104982 HPWL: 48925575
[NesterovSolve] Finished with Overflow: 0.099283
Setting global connections for newly added cells…
Writing OpenROAD database to '/openlane/designs/ram_8x72/runs/first_run/tmp/placement/7-global_skip_io.odb'…
Writing netlist to '/openlane/designs/ram_8x72/runs/first_run/tmp/placement/7-global_skip_io.nl.v'…
Writing powered netlist to '/openlane/designs/ram_8x72/runs/first_run/tmp/placement/7-global_skip_io.pnl.v'…
Writing layout to '/openlane/designs/ram_8x72/runs/first_run/tmp/placement/7-global_skip_io.def'…
