
===========================================================================
 report_power
============================================================================
======================= Fastest Corner ===================================

Group                  Internal  Switching    Leakage      Total
                          Power      Power      Power      Power (Watts)
----------------------------------------------------------------
Sequential             2.39e-05   2.61e-06   1.83e-09   2.65e-05  26.0%
Combinational          3.36e-06   2.28e-06   1.35e-10   5.64e-06   5.5%
Clock                  5.83e-05   1.13e-05   2.14e-09   6.96e-05  68.4%
Macro                  0.00e+00   0.00e+00   0.00e+00   0.00e+00   0.0%
Pad                    0.00e+00   0.00e+00   0.00e+00   0.00e+00   0.0%
----------------------------------------------------------------
Total                  8.55e-05   1.62e-05   4.10e-09   1.02e-04 100.0%
                          84.0%      16.0%       0.0%

======================= Slowest Corner ===================================

Group                  Internal  Switching    Leakage      Total
                          Power      Power      Power      Power (Watts)
----------------------------------------------------------------
Sequential             1.59e-05   1.72e-06   1.21e-07   1.78e-05  25.4%
Combinational          2.42e-06   1.45e-06   1.24e-07   3.99e-06   5.7%
Clock                  4.08e-05   7.37e-06   5.90e-08   4.83e-05  68.9%
Macro                  0.00e+00   0.00e+00   0.00e+00   0.00e+00   0.0%
Pad                    0.00e+00   0.00e+00   0.00e+00   0.00e+00   0.0%
----------------------------------------------------------------
Total                  5.92e-05   1.05e-05   3.04e-07   7.00e-05 100.0%
                          84.5%      15.1%       0.4%

======================= Typical Corner ===================================

Group                  Internal  Switching    Leakage      Total
                          Power      Power      Power      Power (Watts)
----------------------------------------------------------------
Sequential             2.04e-05   2.20e-06   1.76e-09   2.26e-05  26.0%
Combinational          2.97e-06   1.90e-06   8.28e-11   4.87e-06   5.6%
Clock                  5.01e-05   9.54e-06   1.99e-09   5.96e-05  68.4%
Macro                  0.00e+00   0.00e+00   0.00e+00   0.00e+00   0.0%
Pad                    0.00e+00   0.00e+00   0.00e+00   0.00e+00   0.0%
----------------------------------------------------------------
Total                  7.35e-05   1.36e-05   3.83e-09   8.71e-05 100.0%
                          84.3%      15.7%       0.0%

