
===========================================================================
report_checks -path_delay min (Hold)
============================================================================
======================= Fastest Corner ===================================

Startpoint: _42_ (rising edge-triggered flip-flop clocked by clk)
Endpoint: _42_ (rising edge-triggered flip-flop clocked by clk)
Path Group: clk
Path Type: min
Corner: Fastest

Fanout     Cap    Slew   Delay    Time   Description
-----------------------------------------------------------------------------
                  0.15    0.00    0.00   clock clk (rise edge)
                          0.00    0.00   clock network delay (ideal)
                  0.15    0.00    0.00 ^ _42_/CLK (sky130_fd_sc_hd__dfxtp_1)
     2    0.01    0.04    0.21    0.21 ^ _42_/Q (sky130_fd_sc_hd__dfxtp_1)
                                         count3[1] (net)
                  0.04    0.00    0.21 ^ _31_/B (sky130_fd_sc_hd__or2_1)
     1    0.00    0.03    0.06    0.27 ^ _31_/X (sky130_fd_sc_hd__or2_1)
                                         _13_ (net)
                  0.03    0.00    0.27 ^ _32_/C (sky130_fd_sc_hd__and3b_1)
     1    0.00    0.03    0.08    0.35 ^ _32_/X (sky130_fd_sc_hd__and3b_1)
                                         _14_ (net)
                  0.03    0.00    0.35 ^ _33_/A (sky130_fd_sc_hd__clkbuf_1)
     1    0.00    0.03    0.05    0.40 ^ _33_/X (sky130_fd_sc_hd__clkbuf_1)
                                         _07_ (net)
                  0.03    0.00    0.40 ^ _42_/D (sky130_fd_sc_hd__dfxtp_1)
                                  0.40   data arrival time

                  0.15    0.00    0.00   clock clk (rise edge)
                          0.00    0.00   clock network delay (ideal)
                          0.25    0.25   clock uncertainty
                          0.00    0.25   clock reconvergence pessimism
                                  0.25 ^ _42_/CLK (sky130_fd_sc_hd__dfxtp_1)
                         -0.01    0.24   library hold time
                                  0.24   data required time
-----------------------------------------------------------------------------
                                  0.24   data required time
                                 -0.40   data arrival time
-----------------------------------------------------------------------------
                                  0.17   slack (MET)


Startpoint: _41_ (rising edge-triggered flip-flop clocked by clk)
Endpoint: _41_ (rising edge-triggered flip-flop clocked by clk)
Path Group: clk
Path Type: min
Corner: Fastest

Fanout     Cap    Slew   Delay    Time   Description
-----------------------------------------------------------------------------
                  0.15    0.00    0.00   clock clk (rise edge)
                          0.00    0.00   clock network delay (ideal)
                  0.15    0.00    0.00 ^ _41_/CLK (sky130_fd_sc_hd__dfxtp_1)
     3    0.01    0.06    0.22    0.22 ^ _41_/Q (sky130_fd_sc_hd__dfxtp_1)
                                         count3[0] (net)
                  0.06    0.00    0.22 ^ hold1/A (sky130_fd_sc_hd__dlygate4sd3_1)
     1    0.00    0.04    0.36    0.58 ^ hold1/X (sky130_fd_sc_hd__dlygate4sd3_1)
                                         net5 (net)
                  0.04    0.00    0.58 ^ _30_/A (sky130_fd_sc_hd__nor2_1)
     1    0.00    0.02    0.03    0.61 v _30_/Y (sky130_fd_sc_hd__nor2_1)
                                         _06_ (net)
                  0.02    0.00    0.61 v _41_/D (sky130_fd_sc_hd__dfxtp_1)
                                  0.61   data arrival time

                  0.15    0.00    0.00   clock clk (rise edge)
                          0.00    0.00   clock network delay (ideal)
                          0.25    0.25   clock uncertainty
                          0.00    0.25   clock reconvergence pessimism
                                  0.25 ^ _41_/CLK (sky130_fd_sc_hd__dfxtp_1)
                         -0.02    0.23   library hold time
                                  0.23   data required time
-----------------------------------------------------------------------------
                                  0.23   data required time
                                 -0.61   data arrival time
-----------------------------------------------------------------------------
                                  0.38   slack (MET)


Startpoint: rst (input port clocked by clk)
Endpoint: _34_ (rising edge-triggered flip-flop clocked by clk)
Path Group: clk
Path Type: min
Corner: Fastest

Fanout     Cap    Slew   Delay    Time   Description
-----------------------------------------------------------------------------
                  0.15    0.00    0.00   clock clk (rise edge)
                          0.00    0.00   clock network delay (ideal)
                          2.00    2.00 v input external delay
     1    0.00    0.00    0.00    2.00 v rst (in)
                                         rst (net)
                  0.00    0.00    2.00 v input1/A (sky130_fd_sc_hd__dlymetal6s2s_1)
     4    0.02    0.07    0.11    2.11 v input1/X (sky130_fd_sc_hd__dlymetal6s2s_1)
                                         net1 (net)
                  0.07    0.00    2.12 v _26_/A_N (sky130_fd_sc_hd__and2b_1)
     1    0.00    0.03    0.13    2.24 ^ _26_/X (sky130_fd_sc_hd__and2b_1)
                                         _11_ (net)
                  0.03    0.00    2.24 ^ _27_/A (sky130_fd_sc_hd__clkbuf_1)
     1    0.00    0.03    0.05    2.29 ^ _27_/X (sky130_fd_sc_hd__clkbuf_1)
                                         _04_ (net)
                  0.03    0.00    2.29 ^ _34_/D (sky130_fd_sc_hd__dfxtp_1)
                                  2.29   data arrival time

                  0.15    0.00    0.00   clock clk (rise edge)
                          0.00    0.00   clock network delay (ideal)
                          0.25    0.25   clock uncertainty
                          0.00    0.25   clock reconvergence pessimism
                                  0.25 ^ _34_/CLK (sky130_fd_sc_hd__dfxtp_1)
                         -0.01    0.24   library hold time
                                  0.24   data required time
-----------------------------------------------------------------------------
                                  0.24   data required time
                                 -2.29   data arrival time
-----------------------------------------------------------------------------
                                  2.05   slack (MET)


Startpoint: rst (input port clocked by clk)
Endpoint: _35_ (rising edge-triggered flip-flop clocked by clk)
Path Group: clk
Path Type: min
Corner: Fastest

Fanout     Cap    Slew   Delay    Time   Description
-----------------------------------------------------------------------------
                  0.15    0.00    0.00   clock clk (rise edge)
                          0.00    0.00   clock network delay (ideal)
                          2.00    2.00 v input external delay
     1    0.00    0.00    0.00    2.00 v rst (in)
                                         rst (net)
                  0.00    0.00    2.00 v input1/A (sky130_fd_sc_hd__dlymetal6s2s_1)
     4    0.02    0.07    0.11    2.11 v input1/X (sky130_fd_sc_hd__dlymetal6s2s_1)
                                         net1 (net)
                  0.07    0.00    2.12 v _28_/A_N (sky130_fd_sc_hd__and2b_1)
     1    0.00    0.03    0.13    2.24 ^ _28_/X (sky130_fd_sc_hd__and2b_1)
                                         _12_ (net)
                  0.03    0.00    2.24 ^ _29_/A (sky130_fd_sc_hd__clkbuf_1)
     1    0.00    0.03    0.05    2.29 ^ _29_/X (sky130_fd_sc_hd__clkbuf_1)
                                         _05_ (net)
                  0.03    0.00    2.29 ^ _35_/D (sky130_fd_sc_hd__dfxtp_1)
                                  2.29   data arrival time

                  0.15    0.00    0.00   clock clk (rise edge)
                          0.00    0.00   clock network delay (ideal)
                          0.25    0.25   clock uncertainty
                          0.00    0.25   clock reconvergence pessimism
                                  0.25 ^ _35_/CLK (sky130_fd_sc_hd__dfxtp_1)
                         -0.01    0.24   library hold time
                                  0.24   data required time
-----------------------------------------------------------------------------
                                  0.24   data required time
                                 -2.29   data arrival time
-----------------------------------------------------------------------------
                                  2.06   slack (MET)



worst slack corner Fastest: 0.1669
======================= Slowest Corner ===================================

Startpoint: _42_ (rising edge-triggered flip-flop clocked by clk)
Endpoint: _42_ (rising edge-triggered flip-flop clocked by clk)
Path Group: clk
Path Type: min
Corner: Slowest

Fanout     Cap    Slew   Delay    Time   Description
-----------------------------------------------------------------------------
                  0.15    0.00    0.00   clock clk (rise edge)
                          0.00    0.00   clock network delay (ideal)
                  0.15    0.00    0.00 ^ _42_/CLK (sky130_fd_sc_hd__dfxtp_1)
     2    0.00    0.06    0.59    0.59 v _42_/Q (sky130_fd_sc_hd__dfxtp_1)
                                         count3[1] (net)
                  0.06    0.00    0.59 v _22_/B (sky130_fd_sc_hd__nand2_1)
     3    0.01    0.13    0.14    0.73 ^ _22_/Y (sky130_fd_sc_hd__nand2_1)
                                         _10_ (net)
                  0.13    0.00    0.73 ^ _32_/B (sky130_fd_sc_hd__and3b_1)
     1    0.00    0.08    0.29    1.03 ^ _32_/X (sky130_fd_sc_hd__and3b_1)
                                         _14_ (net)
                  0.08    0.00    1.03 ^ _33_/A (sky130_fd_sc_hd__clkbuf_1)
     1    0.00    0.06    0.14    1.17 ^ _33_/X (sky130_fd_sc_hd__clkbuf_1)
                                         _07_ (net)
                  0.06    0.00    1.17 ^ _42_/D (sky130_fd_sc_hd__dfxtp_1)
                                  1.17   data arrival time

                  0.15    0.00    0.00   clock clk (rise edge)
                          0.00    0.00   clock network delay (ideal)
                          0.25    0.25   clock uncertainty
                          0.00    0.25   clock reconvergence pessimism
                                  0.25 ^ _42_/CLK (sky130_fd_sc_hd__dfxtp_1)
                         -0.06    0.19   library hold time
                                  0.19   data required time
-----------------------------------------------------------------------------
                                  0.19   data required time
                                 -1.17   data arrival time
-----------------------------------------------------------------------------
                                  0.98   slack (MET)


Startpoint: _41_ (rising edge-triggered flip-flop clocked by clk)
Endpoint: _41_ (rising edge-triggered flip-flop clocked by clk)
Path Group: clk
Path Type: min
Corner: Slowest

Fanout     Cap    Slew   Delay    Time   Description
-----------------------------------------------------------------------------
                  0.15    0.00    0.00   clock clk (rise edge)
                          0.00    0.00   clock network delay (ideal)
                  0.15    0.00    0.00 ^ _41_/CLK (sky130_fd_sc_hd__dfxtp_1)
     3    0.01    0.12    0.67    0.67 ^ _41_/Q (sky130_fd_sc_hd__dfxtp_1)
                                         count3[0] (net)
                  0.12    0.00    0.67 ^ hold1/A (sky130_fd_sc_hd__dlygate4sd3_1)
     1    0.00    0.09    1.01    1.68 ^ hold1/X (sky130_fd_sc_hd__dlygate4sd3_1)
                                         net5 (net)
                  0.09    0.00    1.68 ^ _30_/A (sky130_fd_sc_hd__nor2_1)
     1    0.00    0.05    0.09    1.76 v _30_/Y (sky130_fd_sc_hd__nor2_1)
                                         _06_ (net)
                  0.05    0.00    1.76 v _41_/D (sky130_fd_sc_hd__dfxtp_1)
                                  1.76   data arrival time

                  0.15    0.00    0.00   clock clk (rise edge)
                          0.00    0.00   clock network delay (ideal)
                          0.25    0.25   clock uncertainty
                          0.00    0.25   clock reconvergence pessimism
                                  0.25 ^ _41_/CLK (sky130_fd_sc_hd__dfxtp_1)
                         -0.08    0.17   library hold time
                                  0.17   data required time
-----------------------------------------------------------------------------
                                  0.17   data required time
                                 -1.76   data arrival time
-----------------------------------------------------------------------------
                                  1.59   slack (MET)


Startpoint: rst (input port clocked by clk)
Endpoint: _34_ (rising edge-triggered flip-flop clocked by clk)
Path Group: clk
Path Type: min
Corner: Slowest

Fanout     Cap    Slew   Delay    Time   Description
-----------------------------------------------------------------------------
                  0.15    0.00    0.00   clock clk (rise edge)
                          0.00    0.00   clock network delay (ideal)
                          2.00    2.00 v input external delay
     1    0.00    0.02    0.01    2.01 v rst (in)
                                         rst (net)
                  0.02    0.00    2.01 v input1/A (sky130_fd_sc_hd__dlymetal6s2s_1)
     4    0.02    0.19    0.35    2.36 v input1/X (sky130_fd_sc_hd__dlymetal6s2s_1)
                                         net1 (net)
                  0.19    0.00    2.36 v _26_/A_N (sky130_fd_sc_hd__and2b_1)
     1    0.00    0.08    0.41    2.76 ^ _26_/X (sky130_fd_sc_hd__and2b_1)
                                         _11_ (net)
                  0.08    0.00    2.76 ^ _27_/A (sky130_fd_sc_hd__clkbuf_1)
     1    0.00    0.06    0.14    2.90 ^ _27_/X (sky130_fd_sc_hd__clkbuf_1)
                                         _04_ (net)
                  0.06    0.00    2.90 ^ _34_/D (sky130_fd_sc_hd__dfxtp_1)
                                  2.90   data arrival time

                  0.15    0.00    0.00   clock clk (rise edge)
                          0.00    0.00   clock network delay (ideal)
                          0.25    0.25   clock uncertainty
                          0.00    0.25   clock reconvergence pessimism
                                  0.25 ^ _34_/CLK (sky130_fd_sc_hd__dfxtp_1)
                         -0.06    0.19   library hold time
                                  0.19   data required time
-----------------------------------------------------------------------------
                                  0.19   data required time
                                 -2.90   data arrival time
-----------------------------------------------------------------------------
                                  2.71   slack (MET)


Startpoint: rst (input port clocked by clk)
Endpoint: _35_ (rising edge-triggered flip-flop clocked by clk)
Path Group: clk
Path Type: min
Corner: Slowest

Fanout     Cap    Slew   Delay    Time   Description
-----------------------------------------------------------------------------
                  0.15    0.00    0.00   clock clk (rise edge)
                          0.00    0.00   clock network delay (ideal)
                          2.00    2.00 ^ input external delay
     1    0.00    0.03    0.02    2.02 ^ rst (in)
                                         rst (net)
                  0.03    0.00    2.02 ^ input1/A (sky130_fd_sc_hd__dlymetal6s2s_1)
     4    0.02    0.31    0.30    2.31 ^ input1/X (sky130_fd_sc_hd__dlymetal6s2s_1)
                                         net1 (net)
                  0.31    0.00    2.31 ^ _28_/A_N (sky130_fd_sc_hd__and2b_1)
     1    0.00    0.07    0.42    2.74 v _28_/X (sky130_fd_sc_hd__and2b_1)
                                         _12_ (net)
                  0.07    0.00    2.74 v _29_/A (sky130_fd_sc_hd__clkbuf_1)
     1    0.00    0.05    0.15    2.89 v _29_/X (sky130_fd_sc_hd__clkbuf_1)
                                         _05_ (net)
                  0.05    0.00    2.89 v _35_/D (sky130_fd_sc_hd__dfxtp_1)
                                  2.89   data arrival time

                  0.15    0.00    0.00   clock clk (rise edge)
                          0.00    0.00   clock network delay (ideal)
                          0.25    0.25   clock uncertainty
                          0.00    0.25   clock reconvergence pessimism
                                  0.25 ^ _35_/CLK (sky130_fd_sc_hd__dfxtp_1)
                         -0.08    0.17   library hold time
                                  0.17   data required time
-----------------------------------------------------------------------------
                                  0.17   data required time
                                 -2.89   data arrival time
-----------------------------------------------------------------------------
                                  2.72   slack (MET)



worst slack corner Slowest: 0.9761
======================= Typical Corner ===================================

Startpoint: _42_ (rising edge-triggered flip-flop clocked by clk)
Endpoint: _42_ (rising edge-triggered flip-flop clocked by clk)
Path Group: clk
Path Type: min
Corner: Typical

Fanout     Cap    Slew   Delay    Time   Description
-----------------------------------------------------------------------------
                  0.15    0.00    0.00   clock clk (rise edge)
                          0.00    0.00   clock network delay (ideal)
                  0.15    0.00    0.00 ^ _42_/CLK (sky130_fd_sc_hd__dfxtp_1)
     2    0.00    0.03    0.32    0.32 v _42_/Q (sky130_fd_sc_hd__dfxtp_1)
                                         count3[1] (net)
                  0.03    0.00    0.32 v _22_/B (sky130_fd_sc_hd__nand2_1)
     3    0.01    0.08    0.08    0.40 ^ _22_/Y (sky130_fd_sc_hd__nand2_1)
                                         _10_ (net)
                  0.08    0.00    0.40 ^ _32_/B (sky130_fd_sc_hd__and3b_1)
     1    0.00    0.05    0.14    0.54 ^ _32_/X (sky130_fd_sc_hd__and3b_1)
                                         _14_ (net)
                  0.05    0.00    0.55 ^ _33_/A (sky130_fd_sc_hd__clkbuf_1)
     1    0.00    0.04    0.07    0.62 ^ _33_/X (sky130_fd_sc_hd__clkbuf_1)
                                         _07_ (net)
                  0.04    0.00    0.62 ^ _42_/D (sky130_fd_sc_hd__dfxtp_1)
                                  0.62   data arrival time

                  0.15    0.00    0.00   clock clk (rise edge)
                          0.00    0.00   clock network delay (ideal)
                          0.25    0.25   clock uncertainty
                          0.00    0.25   clock reconvergence pessimism
                                  0.25 ^ _42_/CLK (sky130_fd_sc_hd__dfxtp_1)
                         -0.02    0.23   library hold time
                                  0.23   data required time
-----------------------------------------------------------------------------
                                  0.23   data required time
                                 -0.62   data arrival time
-----------------------------------------------------------------------------
                                  0.39   slack (MET)


Startpoint: _41_ (rising edge-triggered flip-flop clocked by clk)
Endpoint: _41_ (rising edge-triggered flip-flop clocked by clk)
Path Group: clk
Path Type: min
Corner: Typical

Fanout     Cap    Slew   Delay    Time   Description
-----------------------------------------------------------------------------
                  0.15    0.00    0.00   clock clk (rise edge)
                          0.00    0.00   clock network delay (ideal)
                  0.15    0.00    0.00 ^ _41_/CLK (sky130_fd_sc_hd__dfxtp_1)
     3    0.01    0.08    0.35    0.35 ^ _41_/Q (sky130_fd_sc_hd__dfxtp_1)
                                         count3[0] (net)
                  0.08    0.00    0.35 ^ hold1/A (sky130_fd_sc_hd__dlygate4sd3_1)
     1    0.00    0.05    0.52    0.86 ^ hold1/X (sky130_fd_sc_hd__dlygate4sd3_1)
                                         net5 (net)
                  0.05    0.00    0.86 ^ _30_/A (sky130_fd_sc_hd__nor2_1)
     1    0.00    0.03    0.04    0.91 v _30_/Y (sky130_fd_sc_hd__nor2_1)
                                         _06_ (net)
                  0.03    0.00    0.91 v _41_/D (sky130_fd_sc_hd__dfxtp_1)
                                  0.91   data arrival time

                  0.15    0.00    0.00   clock clk (rise edge)
                          0.00    0.00   clock network delay (ideal)
                          0.25    0.25   clock uncertainty
                          0.00    0.25   clock reconvergence pessimism
                                  0.25 ^ _41_/CLK (sky130_fd_sc_hd__dfxtp_1)
                         -0.02    0.23   library hold time
                                  0.23   data required time
-----------------------------------------------------------------------------
                                  0.23   data required time
                                 -0.91   data arrival time
-----------------------------------------------------------------------------
                                  0.68   slack (MET)


Startpoint: rst (input port clocked by clk)
Endpoint: _34_ (rising edge-triggered flip-flop clocked by clk)
Path Group: clk
Path Type: min
Corner: Typical

Fanout     Cap    Slew   Delay    Time   Description
-----------------------------------------------------------------------------
                  0.15    0.00    0.00   clock clk (rise edge)
                          0.00    0.00   clock network delay (ideal)
                          2.00    2.00 v input external delay
     1    0.00    0.01    0.00    2.00 v rst (in)
                                         rst (net)
                  0.01    0.00    2.00 v input1/A (sky130_fd_sc_hd__dlymetal6s2s_1)
     4    0.02    0.10    0.17    2.17 v input1/X (sky130_fd_sc_hd__dlymetal6s2s_1)
                                         net1 (net)
                  0.10    0.00    2.17 v _26_/A_N (sky130_fd_sc_hd__and2b_1)
     1    0.00    0.04    0.20    2.37 ^ _26_/X (sky130_fd_sc_hd__and2b_1)
                                         _11_ (net)
                  0.04    0.00    2.37 ^ _27_/A (sky130_fd_sc_hd__clkbuf_1)
     1    0.00    0.04    0.07    2.45 ^ _27_/X (sky130_fd_sc_hd__clkbuf_1)
                                         _04_ (net)
                  0.04    0.00    2.45 ^ _34_/D (sky130_fd_sc_hd__dfxtp_1)
                                  2.45   data arrival time

                  0.15    0.00    0.00   clock clk (rise edge)
                          0.00    0.00   clock network delay (ideal)
                          0.25    0.25   clock uncertainty
                          0.00    0.25   clock reconvergence pessimism
                                  0.25 ^ _34_/CLK (sky130_fd_sc_hd__dfxtp_1)
                         -0.02    0.23   library hold time
                                  0.23   data required time
-----------------------------------------------------------------------------
                                  0.23   data required time
                                 -2.45   data arrival time
-----------------------------------------------------------------------------
                                  2.21   slack (MET)


Startpoint: rst (input port clocked by clk)
Endpoint: _35_ (rising edge-triggered flip-flop clocked by clk)
Path Group: clk
Path Type: min
Corner: Typical

Fanout     Cap    Slew   Delay    Time   Description
-----------------------------------------------------------------------------
                  0.15    0.00    0.00   clock clk (rise edge)
                          0.00    0.00   clock network delay (ideal)
                          2.00    2.00 v input external delay
     1    0.00    0.01    0.00    2.00 v rst (in)
                                         rst (net)
                  0.01    0.00    2.00 v input1/A (sky130_fd_sc_hd__dlymetal6s2s_1)
     4    0.02    0.10    0.17    2.17 v input1/X (sky130_fd_sc_hd__dlymetal6s2s_1)
                                         net1 (net)
                  0.10    0.00    2.17 v _28_/A_N (sky130_fd_sc_hd__and2b_1)
     1    0.00    0.04    0.20    2.37 ^ _28_/X (sky130_fd_sc_hd__and2b_1)
                                         _12_ (net)
                  0.04    0.00    2.37 ^ _29_/A (sky130_fd_sc_hd__clkbuf_1)
     1    0.00    0.04    0.08    2.45 ^ _29_/X (sky130_fd_sc_hd__clkbuf_1)
                                         _05_ (net)
                  0.04    0.00    2.45 ^ _35_/D (sky130_fd_sc_hd__dfxtp_1)
                                  2.45   data arrival time

                  0.15    0.00    0.00   clock clk (rise edge)
                          0.00    0.00   clock network delay (ideal)
                          0.25    0.25   clock uncertainty
                          0.00    0.25   clock reconvergence pessimism
                                  0.25 ^ _35_/CLK (sky130_fd_sc_hd__dfxtp_1)
                         -0.02    0.23   library hold time
                                  0.23   data required time
-----------------------------------------------------------------------------
                                  0.23   data required time
                                 -2.45   data arrival time
-----------------------------------------------------------------------------
                                  2.22   slack (MET)



worst slack corner Typical: 0.3857
