
===========================================================================
 report_power
============================================================================
======================= Fastest Corner ===================================

Group                  Internal  Switching    Leakage      Total
                          Power      Power      Power      Power (Watts)
----------------------------------------------------------------
Sequential             4.10e-03   3.45e-04   1.04e-08   4.44e-03  47.7%
Combinational          1.99e-03   1.04e-03   3.12e-08   3.03e-03  32.5%
Clock                  7.82e-04   1.06e-03   6.56e-09   1.84e-03  19.7%
Macro                  0.00e+00   0.00e+00   0.00e+00   0.00e+00   0.0%
Pad                    0.00e+00   0.00e+00   0.00e+00   0.00e+00   0.0%
----------------------------------------------------------------
Total                  6.87e-03   2.45e-03   4.82e-08   9.31e-03 100.0%
                          73.7%      26.3%       0.0%

======================= Slowest Corner ===================================

Group                  Internal  Switching    Leakage      Total
                          Power      Power      Power      Power (Watts)
----------------------------------------------------------------
Sequential             2.75e-03   2.21e-04   1.05e-05   2.98e-03  47.2%
Combinational          1.40e-03   6.81e-04   1.78e-05   2.10e-03  33.2%
Clock                  5.70e-04   6.71e-04   8.21e-07   1.24e-03  19.7%
Macro                  0.00e+00   0.00e+00   0.00e+00   0.00e+00   0.0%
Pad                    0.00e+00   0.00e+00   0.00e+00   0.00e+00   0.0%
----------------------------------------------------------------
Total                  4.71e-03   1.57e-03   2.91e-05   6.32e-03 100.0%
                          74.6%      24.9%       0.5%

======================= Typical Corner ===================================

Group                  Internal  Switching    Leakage      Total
                          Power      Power      Power      Power (Watts)
----------------------------------------------------------------
Sequential             3.52e-03   2.86e-04   6.04e-09   3.80e-03  47.6%
Combinational          1.75e-03   8.73e-04   1.19e-08   2.62e-03  32.8%
Clock                  6.89e-04   8.86e-04   4.62e-09   1.58e-03  19.7%
Macro                  0.00e+00   0.00e+00   0.00e+00   0.00e+00   0.0%
Pad                    0.00e+00   0.00e+00   0.00e+00   0.00e+00   0.0%
----------------------------------------------------------------
Total                  5.95e-03   2.05e-03   2.25e-08   8.00e-03 100.0%
                          74.4%      25.6%       0.0%

