
===========================================================================
 report_power
============================================================================
======================= Fastest Corner ===================================

Group                  Internal  Switching    Leakage      Total
                          Power      Power      Power      Power (Watts)
----------------------------------------------------------------
Sequential             4.10e-03   3.59e-04   1.04e-08   4.46e-03  47.3%
Combinational          1.99e-03   1.09e-03   3.12e-08   3.07e-03  32.6%
Clock                  7.83e-04   1.10e-03   6.56e-09   1.89e-03  20.0%
Macro                  0.00e+00   0.00e+00   0.00e+00   0.00e+00   0.0%
Pad                    0.00e+00   0.00e+00   0.00e+00   0.00e+00   0.0%
----------------------------------------------------------------
Total                  6.87e-03   2.55e-03   4.82e-08   9.42e-03 100.0%
                          72.9%      27.1%       0.0%

======================= Slowest Corner ===================================

Group                  Internal  Switching    Leakage      Total
                          Power      Power      Power      Power (Watts)
----------------------------------------------------------------
Sequential             2.75e-03   2.30e-04   1.05e-05   2.99e-03  46.8%
Combinational          1.40e-03   7.09e-04   1.78e-05   2.12e-03  33.3%
Clock                  5.71e-04   7.02e-04   8.21e-07   1.27e-03  19.9%
Macro                  0.00e+00   0.00e+00   0.00e+00   0.00e+00   0.0%
Pad                    0.00e+00   0.00e+00   0.00e+00   0.00e+00   0.0%
----------------------------------------------------------------
Total                  4.72e-03   1.64e-03   2.91e-05   6.39e-03 100.0%
                          73.9%      25.7%       0.5%

======================= Typical Corner ===================================

Group                  Internal  Switching    Leakage      Total
                          Power      Power      Power      Power (Watts)
----------------------------------------------------------------
Sequential             3.52e-03   2.98e-04   6.04e-09   3.82e-03  47.2%
Combinational          1.75e-03   9.09e-04   1.19e-08   2.66e-03  32.8%
Clock                  6.90e-04   9.26e-04   4.62e-09   1.62e-03  20.0%
Macro                  0.00e+00   0.00e+00   0.00e+00   0.00e+00   0.0%
Pad                    0.00e+00   0.00e+00   0.00e+00   0.00e+00   0.0%
----------------------------------------------------------------
Total                  5.96e-03   2.13e-03   2.25e-08   8.09e-03 100.0%
                          73.6%      26.4%       0.0%

