
===========================================================================
report_checks -unconstrained
===========================================================================
======================= Fastest Corner ===================================

Startpoint: address[2] (input port clocked by clk)
Endpoint: rdata[23] (output port clocked by clk)
Path Group: clk
Path Type: max
Corner: Fastest

Fanout     Cap    Slew   Delay    Time   Description
-----------------------------------------------------------------------------
                  0.15    0.00    0.00   clock clk (rise edge)
                          0.00    0.00   clock network delay (ideal)
                          2.00    2.00 ^ input external delay
     1    0.00    0.01    0.01    2.01 ^ address[2] (in)
                                         address[2] (net)
                  0.01    0.00    2.01 ^ input3/A (sky130_fd_sc_hd__clkbuf_2)
     4    0.03    0.13    0.14    2.15 ^ input3/X (sky130_fd_sc_hd__clkbuf_2)
                                         net3 (net)
                  0.13    0.00    2.15 ^ _2046_/A (sky130_fd_sc_hd__dlymetal6s2s_1)
     6    0.02    0.16    0.17    2.32 ^ _2046_/X (sky130_fd_sc_hd__dlymetal6s2s_1)
                                         _0720_ (net)
                  0.16    0.00    2.33 ^ _2047_/A (sky130_fd_sc_hd__buf_2)
     6    0.05    0.20    0.22    2.55 ^ _2047_/X (sky130_fd_sc_hd__buf_2)
                                         _0721_ (net)
                  0.20    0.00    2.55 ^ _2087_/A (sky130_fd_sc_hd__buf_2)
     6    0.04    0.16    0.20    2.75 ^ _2087_/X (sky130_fd_sc_hd__buf_2)
                                         _0743_ (net)
                  0.16    0.00    2.75 ^ _2098_/S (sky130_fd_sc_hd__mux2_1)
     1    0.00    0.04    0.21    2.96 v _2098_/X (sky130_fd_sc_hd__mux2_1)
                                         _0749_ (net)
                  0.04    0.00    2.96 v _2099_/A (sky130_fd_sc_hd__buf_1)
     1    0.02    0.07    0.11    3.07 v _2099_/X (sky130_fd_sc_hd__buf_1)
                                         net92 (net)
                  0.07    0.00    3.07 v output92/A (sky130_fd_sc_hd__clkbuf_4)
     1    0.04    0.06    0.15    3.22 v output92/X (sky130_fd_sc_hd__clkbuf_4)
                                         rdata[23] (net)
                  0.06    0.00    3.22 v rdata[23] (out)
                                  3.22   data arrival time

                  0.15   10.00   10.00   clock clk (rise edge)
                          0.00   10.00   clock network delay (ideal)
                         -0.25    9.75   clock uncertainty
                          0.00    9.75   clock reconvergence pessimism
                         -2.00    7.75   output external delay
                                  7.75   data required time
-----------------------------------------------------------------------------
                                  7.75   data required time
                                 -3.22   data arrival time
-----------------------------------------------------------------------------
                                  4.53   slack (MET)



======================= Slowest Corner ===================================

Startpoint: address[2] (input port clocked by clk)
Endpoint: rdata[23] (output port clocked by clk)
Path Group: clk
Path Type: max
Corner: Slowest

Fanout     Cap    Slew   Delay    Time   Description
-----------------------------------------------------------------------------
                  0.15    0.00    0.00   clock clk (rise edge)
                          0.00    0.00   clock network delay (ideal)
                          2.00    2.00 ^ input external delay
     1    0.00    0.03    0.02    2.02 ^ address[2] (in)
                                         address[2] (net)
                  0.03    0.00    2.02 ^ input3/A (sky130_fd_sc_hd__clkbuf_2)
     4    0.03    0.27    0.33    2.35 ^ input3/X (sky130_fd_sc_hd__clkbuf_2)
                                         net3 (net)
                  0.27    0.00    2.35 ^ _2046_/A (sky130_fd_sc_hd__dlymetal6s2s_1)
     6    0.02    0.31    0.44    2.79 ^ _2046_/X (sky130_fd_sc_hd__dlymetal6s2s_1)
                                         _0720_ (net)
                  0.31    0.00    2.79 ^ _2047_/A (sky130_fd_sc_hd__buf_2)
     6    0.05    0.42    0.58    3.38 ^ _2047_/X (sky130_fd_sc_hd__buf_2)
                                         _0721_ (net)
                  0.42    0.00    3.38 ^ _2087_/A (sky130_fd_sc_hd__buf_2)
     6    0.04    0.32    0.55    3.93 ^ _2087_/X (sky130_fd_sc_hd__buf_2)
                                         _0743_ (net)
                  0.32    0.00    3.93 ^ _2098_/S (sky130_fd_sc_hd__mux2_1)
     1    0.00    0.12    0.84    4.77 v _2098_/X (sky130_fd_sc_hd__mux2_1)
                                         _0749_ (net)
                  0.12    0.00    4.77 v _2099_/A (sky130_fd_sc_hd__buf_1)
     1    0.02    0.21    0.33    5.10 v _2099_/X (sky130_fd_sc_hd__buf_1)
                                         net92 (net)
                  0.21    0.00    5.10 v output92/A (sky130_fd_sc_hd__clkbuf_4)
     1    0.04    0.14    0.41    5.52 v output92/X (sky130_fd_sc_hd__clkbuf_4)
                                         rdata[23] (net)
                  0.14    0.00    5.52 v rdata[23] (out)
                                  5.52   data arrival time

                  0.15   10.00   10.00   clock clk (rise edge)
                          0.00   10.00   clock network delay (ideal)
                         -0.25    9.75   clock uncertainty
                          0.00    9.75   clock reconvergence pessimism
                         -2.00    7.75   output external delay
                                  7.75   data required time
-----------------------------------------------------------------------------
                                  7.75   data required time
                                 -5.52   data arrival time
-----------------------------------------------------------------------------
                                  2.23   slack (MET)



======================= Typical Corner ===================================

Startpoint: address[2] (input port clocked by clk)
Endpoint: rdata[23] (output port clocked by clk)
Path Group: clk
Path Type: max
Corner: Typical

Fanout     Cap    Slew   Delay    Time   Description
-----------------------------------------------------------------------------
                  0.15    0.00    0.00   clock clk (rise edge)
                          0.00    0.00   clock network delay (ideal)
                          2.00    2.00 ^ input external delay
     1    0.00    0.02    0.01    2.01 ^ address[2] (in)
                                         address[2] (net)
                  0.02    0.00    2.01 ^ input3/A (sky130_fd_sc_hd__clkbuf_2)
     4    0.03    0.17    0.20    2.21 ^ input3/X (sky130_fd_sc_hd__clkbuf_2)
                                         net3 (net)
                  0.17    0.00    2.21 ^ _2046_/A (sky130_fd_sc_hd__dlymetal6s2s_1)
     6    0.02    0.21    0.25    2.46 ^ _2046_/X (sky130_fd_sc_hd__dlymetal6s2s_1)
                                         _0720_ (net)
                  0.21    0.00    2.46 ^ _2047_/A (sky130_fd_sc_hd__buf_2)
     6    0.05    0.26    0.33    2.79 ^ _2047_/X (sky130_fd_sc_hd__buf_2)
                                         _0721_ (net)
                  0.26    0.00    2.80 ^ _2087_/A (sky130_fd_sc_hd__buf_2)
     6    0.04    0.20    0.30    3.10 ^ _2087_/X (sky130_fd_sc_hd__buf_2)
                                         _0743_ (net)
                  0.20    0.00    3.10 ^ _2098_/S (sky130_fd_sc_hd__mux2_1)
     1    0.00    0.06    0.37    3.47 v _2098_/X (sky130_fd_sc_hd__mux2_1)
                                         _0749_ (net)
                  0.06    0.00    3.47 v _2099_/A (sky130_fd_sc_hd__buf_1)
     1    0.02    0.11    0.17    3.64 v _2099_/X (sky130_fd_sc_hd__buf_1)
                                         net92 (net)
                  0.11    0.00    3.64 v output92/A (sky130_fd_sc_hd__clkbuf_4)
     1    0.04    0.08    0.22    3.86 v output92/X (sky130_fd_sc_hd__clkbuf_4)
                                         rdata[23] (net)
                  0.08    0.00    3.87 v rdata[23] (out)
                                  3.87   data arrival time

                  0.15   10.00   10.00   clock clk (rise edge)
                          0.00   10.00   clock network delay (ideal)
                         -0.25    9.75   clock uncertainty
                          0.00    9.75   clock reconvergence pessimism
                         -2.00    7.75   output external delay
                                  7.75   data required time
-----------------------------------------------------------------------------
                                  7.75   data required time
                                 -3.87   data arrival time
-----------------------------------------------------------------------------
                                  3.88   slack (MET)




===========================================================================
report_checks --slack_max -0.01
============================================================================
======================= Fastest Corner ===================================

No paths found.

======================= Slowest Corner ===================================

No paths found.

======================= Typical Corner ===================================

No paths found.


===========================================================================
 report_check_types -max_slew -max_cap -max_fanout -violators
============================================================================
======================= Fastest Corner ===================================

max fanout

Pin                                   Limit Fanout  Slack
---------------------------------------------------------
_2859_/X                                  6     11     -5 (VIOLATED)
_2810_/X                                  6      9     -3 (VIOLATED)
_2857_/X                                  6      8     -2 (VIOLATED)
_2554_/X                                  6      7        (VIOLATED)
_2555_/X                                  6      7        (VIOLATED)
_2589_/X                                  6      7        (VIOLATED)
_2633_/X                                  6      7        (VIOLATED)
_2762_/X                                  6      7        (VIOLATED)
_2934_/X                                  6      7        (VIOLATED)


max slew violations count Fastest: 0
max fanout violations count Fastest: 9
max cap violations count Fastest: 0
======================= Slowest Corner ===================================

max fanout

Pin                                   Limit Fanout  Slack
---------------------------------------------------------
_2859_/X                                  6     11     -5 (VIOLATED)
_2810_/X                                  6      9     -3 (VIOLATED)
_2857_/X                                  6      8     -2 (VIOLATED)
_2554_/X                                  6      7        (VIOLATED)
_2555_/X                                  6      7        (VIOLATED)
_2589_/X                                  6      7        (VIOLATED)
_2633_/X                                  6      7        (VIOLATED)
_2762_/X                                  6      7        (VIOLATED)
_2934_/X                                  6      7        (VIOLATED)


max slew violations count Slowest: 0
max fanout violations count Slowest: 9
max cap violations count Slowest: 0
======================= Typical Corner ===================================

max fanout

Pin                                   Limit Fanout  Slack
---------------------------------------------------------
_2859_/X                                  6     11     -5 (VIOLATED)
_2810_/X                                  6      9     -3 (VIOLATED)
_2857_/X                                  6      8     -2 (VIOLATED)
_2554_/X                                  6      7        (VIOLATED)
_2555_/X                                  6      7        (VIOLATED)
_2589_/X                                  6      7        (VIOLATED)
_2633_/X                                  6      7        (VIOLATED)
_2762_/X                                  6      7        (VIOLATED)
_2934_/X                                  6      7        (VIOLATED)


max slew violations count Typical: 0
max fanout violations count Typical: 9
max cap violations count Typical: 0

===========================================================================
report_parasitic_annotation -report_unannotated
============================================================================
Found 0 unannotated drivers.
Found 0 partially unannotated drivers.

===========================================================================
max slew violation count 0
max fanout violation count 9
max cap violation count 0
============================================================================

===========================================================================
check_setup -verbose -unconstrained_endpoints -multiple_clock -no_clock -no_input_delay -loops -generated_clocks
===========================================================================
