Sat Feb 24 10:11:29 UTC 2024 - Executing "{openroad -exit -no_init -python /openlane/scripts/odbpy/lefutil.py get_metal_layers -o /openlane/designs/traffic_light/runs/first_run/tmp/layers.list /home/wamiqkhan/.volare/sky130A/libs.ref/sky130_fd_sc_hd/techlef/sky130_fd_sc_hd__nom.tlef}"

Sat Feb 24 10:11:29 UTC 2024 - Executing "{/openlane/scripts/mergeLef.py -o /openlane/designs/traffic_light/runs/first_run/tmp/merged.nom.lef -i /home/wamiqkhan/.volare/sky130A/libs.ref/sky130_fd_sc_hd/techlef/sky130_fd_sc_hd__nom.tlef {/home/wamiqkhan/.volare/sky130A/libs.ref/sky130_fd_sc_hd/lef/sky130_fd_sc_hd.lef /home/wamiqkhan/.volare/sky130A/libs.ref/sky130_fd_sc_hd/lef/sky130_ef_sc_hd.lef} |& tee /dev/null}"

Sat Feb 24 10:11:29 UTC 2024 - Executing "{/openlane/scripts/mergeLef.py -o /openlane/designs/traffic_light/runs/first_run/tmp/merged.min.lef -i /home/wamiqkhan/.volare/sky130A/libs.ref/sky130_fd_sc_hd/techlef/sky130_fd_sc_hd__min.tlef {/home/wamiqkhan/.volare/sky130A/libs.ref/sky130_fd_sc_hd/lef/sky130_fd_sc_hd.lef /home/wamiqkhan/.volare/sky130A/libs.ref/sky130_fd_sc_hd/lef/sky130_ef_sc_hd.lef} |& tee /dev/null}"

Sat Feb 24 10:11:29 UTC 2024 - Executing "{/openlane/scripts/mergeLef.py -o /openlane/designs/traffic_light/runs/first_run/tmp/merged.max.lef -i /home/wamiqkhan/.volare/sky130A/libs.ref/sky130_fd_sc_hd/techlef/sky130_fd_sc_hd__max.tlef {/home/wamiqkhan/.volare/sky130A/libs.ref/sky130_fd_sc_hd/lef/sky130_fd_sc_hd.lef /home/wamiqkhan/.volare/sky130A/libs.ref/sky130_fd_sc_hd/lef/sky130_ef_sc_hd.lef} |& tee /dev/null}"

Sat Feb 24 10:11:29 UTC 2024 - Executing "{python3 /openlane/scripts/mergeLib.py --output /openlane/designs/traffic_light/runs/first_run/tmp/synthesis/merged.lib --name sky130A_merged /home/wamiqkhan/.volare/sky130A/libs.ref/sky130_fd_sc_hd/lib/sky130_fd_sc_hd__tt_025C_1v80.lib}"

Sat Feb 24 10:11:30 UTC 2024 - Executing "{python3 /openlane/scripts/libtrim.py --cell-file /openlane/designs/traffic_light/runs/first_run/tmp/synthesis/trimmed.lib.exclude.list --output /openlane/designs/traffic_light/runs/first_run/tmp/synthesis/trimmed.lib /openlane/designs/traffic_light/runs/first_run/tmp/synthesis/merged.lib}"

Sat Feb 24 10:11:30 UTC 2024 - Executing "{python3 /openlane/scripts/libtrim.py --cell-file /openlane/designs/traffic_light/runs/first_run/tmp/cts/cts.lib.exclude.list --output /openlane/designs/traffic_light/runs/first_run/tmp/cts/cts.lib /home/wamiqkhan/.volare/sky130A/libs.ref/sky130_fd_sc_hd/lib/sky130_fd_sc_hd__tt_025C_1v80.lib}"

Sat Feb 24 10:11:30 UTC 2024 - Executing "{python3 /openlane/scripts/libtrim.py --cell-file /openlane/designs/traffic_light/runs/first_run/tmp/cts/cts-fastest.lib.exclude.list --output /openlane/designs/traffic_light/runs/first_run/tmp/cts/cts-fastest.lib /home/wamiqkhan/.volare/sky130A/libs.ref/sky130_fd_sc_hd/lib/sky130_fd_sc_hd__ff_n40C_1v95.lib}"

Sat Feb 24 10:11:31 UTC 2024 - Executing "{python3 /openlane/scripts/libtrim.py --cell-file /openlane/designs/traffic_light/runs/first_run/tmp/cts/cts-slowest.lib.exclude.list --output /openlane/designs/traffic_light/runs/first_run/tmp/cts/cts-slowest.lib /home/wamiqkhan/.volare/sky130A/libs.ref/sky130_fd_sc_hd/lib/sky130_fd_sc_hd__ss_100C_1v60.lib}"

Sat Feb 24 10:11:32 UTC 2024 - Executing "{python3 /openlane/scripts/new_tracks.py -i /home/wamiqkhan/.volare/sky130A/libs.tech/openlane/sky130_fd_sc_hd/tracks.info -o /openlane/designs/traffic_light/runs/first_run/tmp/routing/config.tracks}"

Sat Feb 24 10:11:32 UTC 2024 - Executing "{echo {OpenLane 9dbd8b5ea2bd891bed4dcc97df5c7439083f0368} > /openlane/designs/traffic_light/runs/first_run/OPENLANE_VERSION}"

Sat Feb 24 10:11:32 UTC 2024 - Executing "{yosys -c /openlane/scripts/yosys/blackbox.tcl}"

Sat Feb 24 10:11:32 UTC 2024 - Executing "{verilator -Wall --lint-only --Wno-DECLFILENAME --top-module light /openlane/designs/traffic_light/runs/first_run/tmp/synthesis/blackbox/sky130_fd_sc_hd__blackbox.v /openlane/designs/traffic_light/src/tlight.v -Wno-fatal --relative-includes |& tee /openlane/designs/traffic_light/runs/first_run/logs/synthesis/linter.log /dev/null}"

Sat Feb 24 10:11:32 UTC 2024 - Executing "{sed -E {s/^([[:space:]]+)pg_pin(.*)/\1pin\2\n\1    direction : "inout";/g} /home/wamiqkhan/.volare/sky130A/libs.ref/sky130_fd_sc_hd/lib/sky130_fd_sc_hd__tt_025C_1v80.lib > /openlane/designs/traffic_light/runs/first_run/tmp/synthesis/1-sky130_fd_sc_hd__tt_025C_1v80.no_pg.lib}"

Sat Feb 24 10:11:32 UTC 2024 - Executing "{sed -E {s/^([[:space:]]+)pg_pin(.*)/\1pin\2\n\1    direction : "inout";/g} /openlane/designs/traffic_light/runs/first_run/tmp/synthesis/trimmed.lib > /openlane/designs/traffic_light/runs/first_run/tmp/synthesis/1-trimmed.no_pg.lib}"

Sat Feb 24 10:11:32 UTC 2024 - Executing "yosys -c /openlane/scripts/yosys/synth.tcl |& tee /dev/null /openlane/designs/traffic_light/runs/first_run/logs/synthesis/1-synthesis.log"

Sat Feb 24 10:11:33 UTC 2024 - Executing "{yosys -c /openlane/scripts/yosys/synth.tcl |& tee /dev/null /openlane/designs/traffic_light/runs/first_run/logs/synthesis/1-synthesis.log}"

Sat Feb 24 10:11:33 UTC 2024 - Executing "{sed -i.bak -e {s/\(set ::env(CURRENT_NETLIST)\).*/\1 \/openlane\/designs\/traffic_light\/runs\/first_run\/results\/synthesis\/light.v/} /openlane/designs/traffic_light/runs/first_run/config.tcl}"

Sat Feb 24 10:11:33 UTC 2024 - Executing "{sed -i.bak /defparam/d /openlane/designs/traffic_light/runs/first_run/results/synthesis/light.v}"

Sat Feb 24 10:11:34 UTC 2024 - Executing "sta -exit -no_init /openlane/scripts/openroad/sta/multi_corner.tcl |& tee /dev/null /openlane/designs/traffic_light/runs/first_run/logs/synthesis/2-sta.log"

Sat Feb 24 10:11:34 UTC 2024 - Executing "{sta -exit -no_init /openlane/scripts/openroad/sta/multi_corner.tcl |& tee /dev/null /openlane/designs/traffic_light/runs/first_run/logs/synthesis/2-sta.log}"

Sat Feb 24 10:11:34 UTC 2024 - Executing "openroad -exit /openlane/scripts/openroad/floorplan.tcl |& tee /dev/null /openlane/designs/traffic_light/runs/first_run/logs/floorplan/3-initial_fp.log"

Sat Feb 24 10:11:34 UTC 2024 - Executing "{openroad -exit /openlane/scripts/openroad/floorplan.tcl |& tee /dev/null /openlane/designs/traffic_light/runs/first_run/logs/floorplan/3-initial_fp.log}"

Sat Feb 24 10:11:35 UTC 2024 - Executing "{openroad -exit -no_init -python /openlane/scripts/odbpy/defutil.py extract_core_dims --output-data /openlane/designs/traffic_light/runs/first_run/tmp/dimensions.txt --input-lef /openlane/designs/traffic_light/runs/first_run/tmp/merged.nom.lef /openlane/designs/traffic_light/runs/first_run/tmp/floorplan/3-initial_fp.def}"

Sat Feb 24 10:11:35 UTC 2024 - Executing "openroad -exit /openlane/scripts/openroad/ioplacer.tcl |& tee /dev/null /openlane/designs/traffic_light/runs/first_run/logs/floorplan/4-io.log"

Sat Feb 24 10:11:35 UTC 2024 - Executing "{openroad -exit /openlane/scripts/openroad/ioplacer.tcl |& tee /dev/null /openlane/designs/traffic_light/runs/first_run/logs/floorplan/4-io.log}"

Sat Feb 24 10:11:36 UTC 2024 - Executing "openroad -exit /openlane/scripts/openroad/tapcell.tcl |& tee /dev/null /openlane/designs/traffic_light/runs/first_run/logs/floorplan/5-tap.log"

Sat Feb 24 10:11:36 UTC 2024 - Executing "{openroad -exit /openlane/scripts/openroad/tapcell.tcl |& tee /dev/null /openlane/designs/traffic_light/runs/first_run/logs/floorplan/5-tap.log}"

Sat Feb 24 10:11:37 UTC 2024 - Executing "openroad -exit /openlane/scripts/openroad/pdn.tcl |& tee /dev/null /openlane/designs/traffic_light/runs/first_run/logs/floorplan/6-pdn.log"

Sat Feb 24 10:11:37 UTC 2024 - Executing "{openroad -exit /openlane/scripts/openroad/pdn.tcl |& tee /dev/null /openlane/designs/traffic_light/runs/first_run/logs/floorplan/6-pdn.log}"

Sat Feb 24 10:11:37 UTC 2024 - Executing "openroad -exit /openlane/scripts/openroad/gpl.tcl |& tee /dev/null /openlane/designs/traffic_light/runs/first_run/logs/placement/6-global_skip_io.log"

Sat Feb 24 10:11:37 UTC 2024 - Executing "{openroad -exit /openlane/scripts/openroad/gpl.tcl |& tee /dev/null /openlane/designs/traffic_light/runs/first_run/logs/placement/6-global_skip_io.log}"

Sat Feb 24 10:11:38 UTC 2024 - Executing "{sed -i.bak -e {s/\(set ::env(CURRENT_NETLIST)\).*/\1 \/openlane\/designs\/traffic_light\/runs\/first_run\/tmp\/placement\/7-global_skip_io.nl.v/} /openlane/designs/traffic_light/runs/first_run/config.tcl}"

Sat Feb 24 10:11:38 UTC 2024 - Executing "openroad -exit /openlane/scripts/openroad/sta/multi_corner.tcl |& tee /dev/null /openlane/designs/traffic_light/runs/first_run/logs/placement/8-gpl_sta.log"

Sat Feb 24 10:11:38 UTC 2024 - Executing "{openroad -exit /openlane/scripts/openroad/sta/multi_corner.tcl |& tee /dev/null /openlane/designs/traffic_light/runs/first_run/logs/placement/8-gpl_sta.log}"

Sat Feb 24 10:11:39 UTC 2024 - Executing "openroad -exit /openlane/scripts/openroad/ioplacer.tcl |& tee /dev/null /openlane/designs/traffic_light/runs/first_run/logs/placement/9-io.log"

Sat Feb 24 10:11:39 UTC 2024 - Executing "{openroad -exit /openlane/scripts/openroad/ioplacer.tcl |& tee /dev/null /openlane/designs/traffic_light/runs/first_run/logs/placement/9-io.log}"

Sat Feb 24 10:11:40 UTC 2024 - Executing "openroad -exit /openlane/scripts/openroad/gpl.tcl |& tee /dev/null /openlane/designs/traffic_light/runs/first_run/logs/placement/9-global.log"

Sat Feb 24 10:11:40 UTC 2024 - Executing "{openroad -exit /openlane/scripts/openroad/gpl.tcl |& tee /dev/null /openlane/designs/traffic_light/runs/first_run/logs/placement/9-global.log}"

Sat Feb 24 10:11:40 UTC 2024 - Executing "{sed -i.bak -e {s/\(set ::env(CURRENT_NETLIST)\).*/\1 \/openlane\/designs\/traffic_light\/runs\/first_run\/tmp\/placement\/10-global.nl.v/} /openlane/designs/traffic_light/runs/first_run/config.tcl}"

Sat Feb 24 10:11:41 UTC 2024 - Executing "openroad -exit /openlane/scripts/openroad/sta/multi_corner.tcl |& tee /dev/null /openlane/designs/traffic_light/runs/first_run/logs/placement/11-gpl_sta.log"

Sat Feb 24 10:11:41 UTC 2024 - Executing "{openroad -exit /openlane/scripts/openroad/sta/multi_corner.tcl |& tee /dev/null /openlane/designs/traffic_light/runs/first_run/logs/placement/11-gpl_sta.log}"

Sat Feb 24 10:11:41 UTC 2024 - Executing "openroad -exit /openlane/scripts/openroad/resizer.tcl |& tee /dev/null /openlane/designs/traffic_light/runs/first_run/logs/placement/12-resizer.log"

Sat Feb 24 10:11:41 UTC 2024 - Executing "{openroad -exit /openlane/scripts/openroad/resizer.tcl |& tee /dev/null /openlane/designs/traffic_light/runs/first_run/logs/placement/12-resizer.log}"

Sat Feb 24 10:11:43 UTC 2024 - Executing "{sed -i.bak -e {s/\(set ::env(CURRENT_NETLIST)\).*/\1 \/openlane\/designs\/traffic_light\/runs\/first_run\/tmp\/placement\/12-resizer.nl.v/} /openlane/designs/traffic_light/runs/first_run/config.tcl}"

Sat Feb 24 10:11:43 UTC 2024 - Executing "openroad -exit /openlane/scripts/openroad/dpl.tcl |& tee /dev/null /openlane/designs/traffic_light/runs/first_run/logs/placement/13-detailed.log"

Sat Feb 24 10:11:43 UTC 2024 - Executing "{openroad -exit /openlane/scripts/openroad/dpl.tcl |& tee /dev/null /openlane/designs/traffic_light/runs/first_run/logs/placement/13-detailed.log}"

Sat Feb 24 10:11:44 UTC 2024 - Executing "{sed -i.bak -e {s/\(set ::env(CURRENT_NETLIST)\).*/\1 \/openlane\/designs\/traffic_light\/runs\/first_run\/results\/placement\/light.nl.v/} /openlane/designs/traffic_light/runs/first_run/config.tcl}"

Sat Feb 24 10:11:44 UTC 2024 - Executing "openroad -exit /openlane/scripts/openroad/sta/multi_corner.tcl |& tee /dev/null /openlane/designs/traffic_light/runs/first_run/logs/placement/14-dpl_sta.log"

Sat Feb 24 10:11:44 UTC 2024 - Executing "{openroad -exit /openlane/scripts/openroad/sta/multi_corner.tcl |& tee /dev/null /openlane/designs/traffic_light/runs/first_run/logs/placement/14-dpl_sta.log}"

Sat Feb 24 10:11:45 UTC 2024 - Executing "openroad -exit /openlane/scripts/openroad/cts.tcl |& tee /dev/null /openlane/designs/traffic_light/runs/first_run/logs/cts/15-cts.log"

Sat Feb 24 10:11:45 UTC 2024 - Executing "{openroad -exit /openlane/scripts/openroad/cts.tcl |& tee /dev/null /openlane/designs/traffic_light/runs/first_run/logs/cts/15-cts.log}"

Sat Feb 24 10:11:53 UTC 2024 - Executing "openroad -exit /openlane/scripts/openroad/sta/multi_corner.tcl |& tee /dev/null /openlane/designs/traffic_light/runs/first_run/logs/cts/16-cts_sta.log"

Sat Feb 24 10:11:53 UTC 2024 - Executing "{openroad -exit /openlane/scripts/openroad/sta/multi_corner.tcl |& tee /dev/null /openlane/designs/traffic_light/runs/first_run/logs/cts/16-cts_sta.log}"

Sat Feb 24 10:11:53 UTC 2024 - Executing "openroad -exit /openlane/scripts/openroad/resizer_timing.tcl |& tee /dev/null /openlane/designs/traffic_light/runs/first_run/logs/cts/17-resizer.log"

Sat Feb 24 10:11:53 UTC 2024 - Executing "{openroad -exit /openlane/scripts/openroad/resizer_timing.tcl |& tee /dev/null /openlane/designs/traffic_light/runs/first_run/logs/cts/17-resizer.log}"

Sat Feb 24 10:11:55 UTC 2024 - Executing "{sed -i.bak -e {s/\(set ::env(CURRENT_NETLIST)\).*/\1 \/openlane\/designs\/traffic_light\/runs\/first_run\/tmp\/cts\/17-light.resized.nl.v/} /openlane/designs/traffic_light/runs/first_run/config.tcl}"

Sat Feb 24 10:11:55 UTC 2024 - Executing "openroad -exit /openlane/scripts/openroad/resizer_routing_design.tcl |& tee /dev/null /openlane/designs/traffic_light/runs/first_run/logs/routing/18-resizer_design.log"

Sat Feb 24 10:11:55 UTC 2024 - Executing "{openroad -exit /openlane/scripts/openroad/resizer_routing_design.tcl |& tee /dev/null /openlane/designs/traffic_light/runs/first_run/logs/routing/18-resizer_design.log}"

Sat Feb 24 10:11:57 UTC 2024 - Executing "{sed -i.bak -e {s/\(set ::env(CURRENT_NETLIST)\).*/\1 \/openlane\/designs\/traffic_light\/runs\/first_run\/tmp\/18-light.nl.v/} /openlane/designs/traffic_light/runs/first_run/config.tcl}"

Sat Feb 24 10:11:58 UTC 2024 - Executing "openroad -exit /openlane/scripts/openroad/sta/multi_corner.tcl |& tee /dev/null /openlane/designs/traffic_light/runs/first_run/logs/routing/19-rsz_design_sta.log"

Sat Feb 24 10:11:58 UTC 2024 - Executing "{openroad -exit /openlane/scripts/openroad/sta/multi_corner.tcl |& tee /dev/null /openlane/designs/traffic_light/runs/first_run/logs/routing/19-rsz_design_sta.log}"

Sat Feb 24 10:11:58 UTC 2024 - Executing "openroad -exit /openlane/scripts/openroad/resizer_routing_timing.tcl |& tee /dev/null /openlane/designs/traffic_light/runs/first_run/logs/routing/20-resizer_timing.log"

Sat Feb 24 10:11:58 UTC 2024 - Executing "{openroad -exit /openlane/scripts/openroad/resizer_routing_timing.tcl |& tee /dev/null /openlane/designs/traffic_light/runs/first_run/logs/routing/20-resizer_timing.log}"

Sat Feb 24 10:12:00 UTC 2024 - Executing "{sed -i.bak -e {s/\(set ::env(CURRENT_NETLIST)\).*/\1 \/openlane\/designs\/traffic_light\/runs\/first_run\/tmp\/20-light.nl.v/} /openlane/designs/traffic_light/runs/first_run/config.tcl}"

Sat Feb 24 10:12:00 UTC 2024 - Executing "openroad -exit /openlane/scripts/openroad/sta/multi_corner.tcl |& tee /dev/null /openlane/designs/traffic_light/runs/first_run/logs/routing/21-rsz_timing_sta.log"

Sat Feb 24 10:12:00 UTC 2024 - Executing "{openroad -exit /openlane/scripts/openroad/sta/multi_corner.tcl |& tee /dev/null /openlane/designs/traffic_light/runs/first_run/logs/routing/21-rsz_timing_sta.log}"

Sat Feb 24 10:12:01 UTC 2024 - Executing "openroad -exit /openlane/scripts/openroad/repair_antennas.tcl |& tee /dev/null /openlane/designs/traffic_light/runs/first_run/logs/routing/22-global.log"

Sat Feb 24 10:12:01 UTC 2024 - Executing "{openroad -exit /openlane/scripts/openroad/repair_antennas.tcl |& tee /dev/null /openlane/designs/traffic_light/runs/first_run/logs/routing/22-global.log}"

Sat Feb 24 10:12:01 UTC 2024 - Executing "openroad -exit /openlane/scripts/openroad/write_views.tcl |& tee /dev/null /openlane/designs/traffic_light/runs/first_run/logs/routing/22-global_write_netlist.log"

Sat Feb 24 10:12:01 UTC 2024 - Executing "{openroad -exit /openlane/scripts/openroad/write_views.tcl |& tee /dev/null /openlane/designs/traffic_light/runs/first_run/logs/routing/22-global_write_netlist.log}"

Sat Feb 24 10:12:02 UTC 2024 - Executing "{sed -i.bak -e {s/\(set ::env(CURRENT_NETLIST)\).*/\1 \/openlane\/designs\/traffic_light\/runs\/first_run\/tmp\/routing\/global.nl.v/} /openlane/designs/traffic_light/runs/first_run/config.tcl}"

Sat Feb 24 10:12:02 UTC 2024 - Executing "openroad -exit /openlane/scripts/openroad/sta/multi_corner.tcl |& tee /dev/null /openlane/designs/traffic_light/runs/first_run/logs/routing/24-grt_sta.log"

Sat Feb 24 10:12:02 UTC 2024 - Executing "{openroad -exit /openlane/scripts/openroad/sta/multi_corner.tcl |& tee /dev/null /openlane/designs/traffic_light/runs/first_run/logs/routing/24-grt_sta.log}"

Sat Feb 24 10:12:03 UTC 2024 - Executing "openroad -exit /openlane/scripts/openroad/fill.tcl |& tee /dev/null /openlane/designs/traffic_light/runs/first_run/logs/routing/25-fill.log"

Sat Feb 24 10:12:03 UTC 2024 - Executing "{openroad -exit /openlane/scripts/openroad/fill.tcl |& tee /dev/null /openlane/designs/traffic_light/runs/first_run/logs/routing/25-fill.log}"

Sat Feb 24 10:12:03 UTC 2024 - Executing "{sed -i.bak -e {s/\(set ::env(CURRENT_NETLIST)\).*/\1 \/openlane\/designs\/traffic_light\/runs\/first_run\/tmp\/routing\/25-fill.nl.v/} /openlane/designs/traffic_light/runs/first_run/config.tcl}"

Sat Feb 24 10:12:04 UTC 2024 - Executing "openroad -exit -metrics /openlane/designs/traffic_light/runs/first_run/reports/routing/26-drt_metrics.json /openlane/scripts/openroad/droute.tcl |& tee /dev/null /openlane/designs/traffic_light/runs/first_run/logs/routing/26-detailed.log"

Sat Feb 24 10:12:04 UTC 2024 - Executing "{openroad -exit -metrics /openlane/designs/traffic_light/runs/first_run/reports/routing/26-drt_metrics.json /openlane/scripts/openroad/droute.tcl |& tee /dev/null /openlane/designs/traffic_light/runs/first_run/logs/routing/26-detailed.log}"

Sat Feb 24 10:12:08 UTC 2024 - Executing "{sed -i.bak -e {s/\(set ::env(CURRENT_NETLIST)\).*/\1 \/openlane\/designs\/traffic_light\/runs\/first_run\/results\/routing\/light.nl.v/} /openlane/designs/traffic_light/runs/first_run/config.tcl}"

Sat Feb 24 10:12:08 UTC 2024 - Executing "{python3 /openlane/scripts/drc_rosetta.py tr to_klayout -o /openlane/designs/traffic_light/runs/first_run/reports/routing/drt.klayout.xml --design-name light /openlane/designs/traffic_light/runs/first_run/reports/routing/drt.drc}"

Sat Feb 24 10:12:08 UTC 2024 - Executing "{openroad -exit -no_init -python /openlane/scripts/odbpy/wire_lengths.py --report-out /openlane/designs/traffic_light/runs/first_run/reports/routing/27-wire_lengths.csv --input-lef /openlane/designs/traffic_light/runs/first_run/tmp/merged.nom.lef --output-def /dev/null --output /openlane/designs/traffic_light/runs/first_run/results/routing/light.odb /openlane/designs/traffic_light/runs/first_run/results/routing/light.odb |& tee /dev/null /openlane/designs/traffic_light/runs/first_run/logs/routing/27-wire_lengths.log}"

Sat Feb 24 10:12:09 UTC 2024 - Executing "openroad -exit /openlane/scripts/openroad/rcx.tcl |& tee /dev/null /openlane/designs/traffic_light/runs/first_run/logs/signoff/28-parasitics_extraction.min.log"

Sat Feb 24 10:12:09 UTC 2024 - Executing "{openroad -exit /openlane/scripts/openroad/rcx.tcl |& tee /dev/null /openlane/designs/traffic_light/runs/first_run/logs/signoff/28-parasitics_extraction.min.log}"

Sat Feb 24 10:12:09 UTC 2024 - Executing "sta -exit -no_init /openlane/scripts/openroad/sta/multi_corner.tcl |& tee /dev/null /openlane/designs/traffic_light/runs/first_run/logs/signoff/29-rcx_mcsta.min.log"

Sat Feb 24 10:12:09 UTC 2024 - Executing "{sta -exit -no_init /openlane/scripts/openroad/sta/multi_corner.tcl |& tee /dev/null /openlane/designs/traffic_light/runs/first_run/logs/signoff/29-rcx_mcsta.min.log}"

Sat Feb 24 10:12:11 UTC 2024 - Executing "openroad -exit /openlane/scripts/openroad/rcx.tcl |& tee /dev/null /openlane/designs/traffic_light/runs/first_run/logs/signoff/30-parasitics_extraction.max.log"

Sat Feb 24 10:12:11 UTC 2024 - Executing "{openroad -exit /openlane/scripts/openroad/rcx.tcl |& tee /dev/null /openlane/designs/traffic_light/runs/first_run/logs/signoff/30-parasitics_extraction.max.log}"

Sat Feb 24 10:12:12 UTC 2024 - Executing "sta -exit -no_init /openlane/scripts/openroad/sta/multi_corner.tcl |& tee /dev/null /openlane/designs/traffic_light/runs/first_run/logs/signoff/31-rcx_mcsta.max.log"

Sat Feb 24 10:12:12 UTC 2024 - Executing "{sta -exit -no_init /openlane/scripts/openroad/sta/multi_corner.tcl |& tee /dev/null /openlane/designs/traffic_light/runs/first_run/logs/signoff/31-rcx_mcsta.max.log}"

Sat Feb 24 10:12:15 UTC 2024 - Executing "openroad -exit /openlane/scripts/openroad/rcx.tcl |& tee /dev/null /openlane/designs/traffic_light/runs/first_run/logs/signoff/32-parasitics_extraction.nom.log"

Sat Feb 24 10:12:15 UTC 2024 - Executing "{openroad -exit /openlane/scripts/openroad/rcx.tcl |& tee /dev/null /openlane/designs/traffic_light/runs/first_run/logs/signoff/32-parasitics_extraction.nom.log}"

Sat Feb 24 10:12:15 UTC 2024 - Executing "sta -exit -no_init /openlane/scripts/openroad/sta/multi_corner.tcl |& tee /dev/null /openlane/designs/traffic_light/runs/first_run/logs/signoff/33-rcx_mcsta.nom.log"

Sat Feb 24 10:12:15 UTC 2024 - Executing "{sta -exit -no_init /openlane/scripts/openroad/sta/multi_corner.tcl |& tee /dev/null /openlane/designs/traffic_light/runs/first_run/logs/signoff/33-rcx_mcsta.nom.log}"

Sat Feb 24 10:12:17 UTC 2024 - Executing "openroad -exit /openlane/scripts/openroad/irdrop.tcl |& tee /dev/null /openlane/designs/traffic_light/runs/first_run/logs/signoff/34-irdrop.log"

Sat Feb 24 10:12:17 UTC 2024 - Executing "{openroad -exit /openlane/scripts/openroad/irdrop.tcl |& tee /dev/null /openlane/designs/traffic_light/runs/first_run/logs/signoff/34-irdrop.log}"

Sat Feb 24 10:12:19 UTC 2024 - Executing "magic -noconsole -dnull -rcfile /home/wamiqkhan/.volare/sky130A/libs.tech/magic/sky130A.magicrc < /openlane/scripts/magic/wrapper.tcl |& tee /dev/null /openlane/designs/traffic_light/runs/first_run/logs/signoff/35-gdsii.log"

Sat Feb 24 10:12:19 UTC 2024 - Executing "{magic -noconsole -dnull -rcfile /home/wamiqkhan/.volare/sky130A/libs.tech/magic/sky130A.magicrc < /openlane/scripts/magic/wrapper.tcl |& tee /dev/null /openlane/designs/traffic_light/runs/first_run/logs/signoff/35-gdsii.log}"

Sat Feb 24 10:12:19 UTC 2024 - Executing "magic -noconsole -dnull -rcfile /home/wamiqkhan/.volare/sky130A/libs.tech/magic/sky130A.magicrc < /openlane/scripts/magic/wrapper.tcl |& tee /dev/null /openlane/designs/traffic_light/runs/first_run/logs/signoff/35-gds_ptrs.log"

Sat Feb 24 10:12:19 UTC 2024 - Executing "{magic -noconsole -dnull -rcfile /home/wamiqkhan/.volare/sky130A/libs.tech/magic/sky130A.magicrc < /openlane/scripts/magic/wrapper.tcl |& tee /dev/null /openlane/designs/traffic_light/runs/first_run/logs/signoff/35-gds_ptrs.log}"

Sat Feb 24 10:12:20 UTC 2024 - Executing "{sed -i.bak -n {/^<< properties >>/,/^<< end >>/p} /openlane/designs/traffic_light/runs/first_run/tmp/signoff/gds_ptrs.mag}"

Sat Feb 24 10:12:20 UTC 2024 - Executing "magic -noconsole -dnull -rcfile /home/wamiqkhan/.volare/sky130A/libs.tech/magic/sky130A.magicrc < /openlane/scripts/magic/wrapper.tcl |& tee /dev/null /openlane/designs/traffic_light/runs/first_run/logs/signoff/35-lef.log"

Sat Feb 24 10:12:20 UTC 2024 - Executing "{magic -noconsole -dnull -rcfile /home/wamiqkhan/.volare/sky130A/libs.tech/magic/sky130A.magicrc < /openlane/scripts/magic/wrapper.tcl |& tee /dev/null /openlane/designs/traffic_light/runs/first_run/logs/signoff/35-lef.log}"

Sat Feb 24 10:12:21 UTC 2024 - Executing "magic -noconsole -dnull -rcfile /home/wamiqkhan/.volare/sky130A/libs.tech/magic/sky130A.magicrc < /openlane/scripts/magic/wrapper.tcl |& tee /dev/null /openlane/designs/traffic_light/runs/first_run/logs/signoff/35-maglef.log"

Sat Feb 24 10:12:21 UTC 2024 - Executing "{magic -noconsole -dnull -rcfile /home/wamiqkhan/.volare/sky130A/libs.tech/magic/sky130A.magicrc < /openlane/scripts/magic/wrapper.tcl |& tee /dev/null /openlane/designs/traffic_light/runs/first_run/logs/signoff/35-maglef.log}"

Sat Feb 24 10:12:21 UTC 2024 - Executing "{python3 /openlane/scripts/klayout/stream_out.py --output /openlane/designs/traffic_light/runs/first_run/results/signoff/light.klayout.gds --lyt /home/wamiqkhan/.volare/sky130A/libs.tech/klayout/tech/sky130A.lyt --lym /home/wamiqkhan/.volare/sky130A/libs.tech/klayout/tech/sky130A.map --lyp /home/wamiqkhan/.volare/sky130A/libs.tech/klayout/tech/sky130A.lyp --top light --with-gds-file /home/wamiqkhan/.volare/sky130A/libs.ref/sky130_fd_sc_hd/gds/sky130_fd_sc_hd.gds --input-lef /openlane/designs/traffic_light/runs/first_run/tmp/merged.nom.lef /openlane/designs/traffic_light/runs/first_run/results/routing/light.def |& tee /dev/null /openlane/designs/traffic_light/runs/first_run/logs/signoff/36-gdsii-klayout.log}"

Sat Feb 24 10:12:22 UTC 2024 - Executing "{klayout -b -r /openlane/scripts/klayout/xor.drc -rd a=/openlane/designs/traffic_light/runs/first_run/results/signoff/light.gds -rd b=/openlane/designs/traffic_light/runs/first_run/results/signoff/light.klayout.gds -rd jobs=1 -rd rdb_out=/openlane/designs/traffic_light/runs/first_run/reports/signoff/37-xor.xml -rd ignore=81/14 -rd rpt_out=/openlane/designs/traffic_light/runs/first_run/reports/signoff/37-xor.rpt |& tee /dev/null /openlane/designs/traffic_light/runs/first_run/logs/signoff/37-xor.log}"

Sat Feb 24 10:12:24 UTC 2024 - Executing "magic -noconsole -dnull -rcfile /home/wamiqkhan/.volare/sky130A/libs.tech/magic/sky130A.magicrc < /openlane/scripts/magic/wrapper.tcl |& tee /dev/null /openlane/designs/traffic_light/runs/first_run/logs/signoff/38-spice.log"

Sat Feb 24 10:12:24 UTC 2024 - Executing "{magic -noconsole -dnull -rcfile /home/wamiqkhan/.volare/sky130A/libs.tech/magic/sky130A.magicrc < /openlane/scripts/magic/wrapper.tcl |& tee /dev/null /openlane/designs/traffic_light/runs/first_run/logs/signoff/38-spice.log}"

Sat Feb 24 10:12:26 UTC 2024 - Executing "{openroad -exit -no_init -python /openlane/scripts/odbpy/power_utils.py write_powered_def --output /openlane/designs/traffic_light/runs/first_run/tmp/signoff/38-light.p.def --input-lef /openlane/designs/traffic_light/runs/first_run/tmp/merged.nom.lef --power-port VPWR --ground-port VGND --powered-netlist {} /openlane/designs/traffic_light/runs/first_run/results/routing/light.def |& tee /dev/null /openlane/designs/traffic_light/runs/first_run/logs/signoff/39-write_powered_def.log}"

Sat Feb 24 10:12:26 UTC 2024 - Executing "openroad -exit /openlane/scripts/openroad/write_views.tcl |& tee /dev/null /openlane/designs/traffic_light/runs/first_run/logs/signoff/39-write_powered_verilog.log"

Sat Feb 24 10:12:26 UTC 2024 - Executing "{openroad -exit /openlane/scripts/openroad/write_views.tcl |& tee /dev/null /openlane/designs/traffic_light/runs/first_run/logs/signoff/39-write_powered_verilog.log}"

Sat Feb 24 10:12:27 UTC 2024 - Executing "{sed -i.bak -e {s/\(set ::env(CURRENT_NETLIST)\).*/\1 \/openlane\/designs\/traffic_light\/runs\/first_run\/tmp\/signoff\/38-light.nl.v/} /openlane/designs/traffic_light/runs/first_run/config.tcl}"

Sat Feb 24 10:12:27 UTC 2024 - Executing "{netgen -batch source /openlane/designs/traffic_light/runs/first_run/tmp/signoff/41-setup_file.lef.lvs |& tee /dev/null /openlane/designs/traffic_light/runs/first_run/logs/signoff/41-lvs.lef.log}"

Sat Feb 24 10:12:27 UTC 2024 - Executing "magic -noconsole -dnull -rcfile /home/wamiqkhan/.volare/sky130A/libs.tech/magic/sky130A.magicrc < /openlane/scripts/magic/wrapper.tcl |& tee /dev/null /openlane/designs/traffic_light/runs/first_run/logs/signoff/42-drc.log"

Sat Feb 24 10:12:27 UTC 2024 - Executing "{magic -noconsole -dnull -rcfile /home/wamiqkhan/.volare/sky130A/libs.tech/magic/sky130A.magicrc < /openlane/scripts/magic/wrapper.tcl |& tee /dev/null /openlane/designs/traffic_light/runs/first_run/logs/signoff/42-drc.log}"

Sat Feb 24 10:12:31 UTC 2024 - Executing "{python3 /openlane/scripts/drc_rosetta.py magic to_tcl -o /openlane/designs/traffic_light/runs/first_run/reports/signoff/drc.tcl /openlane/designs/traffic_light/runs/first_run/reports/signoff/drc.rpt}"

Sat Feb 24 10:12:31 UTC 2024 - Executing "{python3 /openlane/scripts/drc_rosetta.py magic to_tr -o /openlane/designs/traffic_light/runs/first_run/reports/signoff/drc.tr /openlane/designs/traffic_light/runs/first_run/reports/signoff/drc.rpt}"

Sat Feb 24 10:12:31 UTC 2024 - Executing "{python3 /openlane/scripts/drc_rosetta.py tr to_klayout -o /openlane/designs/traffic_light/runs/first_run/reports/signoff/drc.klayout.xml --design-name light /openlane/designs/traffic_light/runs/first_run/reports/signoff/drc.tr}"

Sat Feb 24 10:12:31 UTC 2024 - Executing "{python3 /openlane/scripts/drc_rosetta.py magic to_rdb -o /openlane/designs/traffic_light/runs/first_run/reports/signoff/drc.rdb /openlane/designs/traffic_light/runs/first_run/reports/signoff/drc.rpt}"

Sat Feb 24 10:12:31 UTC 2024 - Executing "{klayout -b -zz -r /home/wamiqkhan/.volare/sky130A/libs.tech/klayout/drc/sky130A_mr.drc -rd topcell=light -rd input=/openlane/designs/traffic_light/runs/first_run/results/signoff/light.gds -rd report=/openlane/designs/traffic_light/runs/first_run/reports/signoff/violations.xml -rd feol=true -rd beol=true -rd floating_metal=false -rd seal=true -rd thread=1 |& tee /dev/null /openlane/designs/traffic_light/runs/first_run/logs/signoff/43-drc-klayout.log}"

Sat Feb 24 10:12:36 UTC 2024 - Executing "{python3 /openlane/scripts/klayout/xml_drc_report_to_json.py --xml-file /openlane/designs/traffic_light/runs/first_run/reports/signoff/violations.xml --json-file /openlane/designs/traffic_light/runs/first_run/reports/signoff/violations.json}"

Sat Feb 24 10:12:36 UTC 2024 - Executing "openroad -exit /openlane/scripts/openroad/antenna_check.tcl |& tee /dev/null /openlane/designs/traffic_light/runs/first_run/logs/signoff/44-arc.log"

Sat Feb 24 10:12:36 UTC 2024 - Executing "{openroad -exit /openlane/scripts/openroad/antenna_check.tcl |& tee /dev/null /openlane/designs/traffic_light/runs/first_run/logs/signoff/44-arc.log}"

Sat Feb 24 10:12:36 UTC 2024 - Executing "{python3 /openlane/scripts/extract_antenna_violators.py --output /openlane/designs/traffic_light/runs/first_run/reports/signoff/44-antenna_violators.rpt --plain-out /openlane/designs/traffic_light/runs/first_run/reports/signoff/44-antenna_violators_pins.txt /openlane/designs/traffic_light/runs/first_run/logs/signoff/44-arc.log}"

Sat Feb 24 10:12:37 UTC 2024 - Executing "{python3 /openlane/scripts/write_runtime.py --conclude --seconds --time-in 1708769557 {flow completed}}"

Sat Feb 24 10:12:37 UTC 2024 - Executing "{python3 /openlane/scripts/generate_reports.py -d /openlane/designs/traffic_light --design_name light --tag first_run --output_file /openlane/designs/traffic_light/runs/first_run/reports/metrics.csv --man_report /openlane/designs/traffic_light/runs/first_run/reports/manufacturability.rpt --run_path /openlane/designs/traffic_light/runs/first_run}"

