
===========================================================================
 report_power
============================================================================
======================= Fastest Corner ===================================

Group                  Internal  Switching    Leakage      Total
                          Power      Power      Power      Power (Watts)
----------------------------------------------------------------
Sequential             2.39e-05   2.41e-06   1.83e-09   2.63e-05  26.0%
Combinational          3.35e-06   2.17e-06   1.35e-10   5.52e-06   5.5%
Clock                  5.82e-05   1.10e-05   2.14e-09   6.92e-05  68.5%
Macro                  0.00e+00   0.00e+00   0.00e+00   0.00e+00   0.0%
Pad                    0.00e+00   0.00e+00   0.00e+00   0.00e+00   0.0%
----------------------------------------------------------------
Total                  8.54e-05   1.56e-05   4.10e-09   1.01e-04 100.0%
                          84.6%      15.4%       0.0%

======================= Slowest Corner ===================================

Group                  Internal  Switching    Leakage      Total
                          Power      Power      Power      Power (Watts)
----------------------------------------------------------------
Sequential             1.59e-05   1.58e-06   1.21e-07   1.76e-05  25.3%
Combinational          2.41e-06   1.37e-06   1.24e-07   3.91e-06   5.6%
Clock                  4.08e-05   7.14e-06   5.90e-08   4.80e-05  69.0%
Macro                  0.00e+00   0.00e+00   0.00e+00   0.00e+00   0.0%
Pad                    0.00e+00   0.00e+00   0.00e+00   0.00e+00   0.0%
----------------------------------------------------------------
Total                  5.92e-05   1.01e-05   3.04e-07   6.96e-05 100.0%
                          85.0%      14.5%       0.4%

======================= Typical Corner ===================================

Group                  Internal  Switching    Leakage      Total
                          Power      Power      Power      Power (Watts)
----------------------------------------------------------------
Sequential             2.04e-05   2.02e-06   1.76e-09   2.25e-05  26.0%
Combinational          2.97e-06   1.80e-06   8.28e-11   4.77e-06   5.5%
Clock                  5.00e-05   9.25e-06   1.99e-09   5.93e-05  68.5%
Macro                  0.00e+00   0.00e+00   0.00e+00   0.00e+00   0.0%
Pad                    0.00e+00   0.00e+00   0.00e+00   0.00e+00   0.0%
----------------------------------------------------------------
Total                  7.34e-05   1.31e-05   3.83e-09   8.65e-05 100.0%
                          84.9%      15.1%       0.0%

