OpenROAD 75f2f325b7a42e56a92404f33af8e96530d9b202 
This program is licensed under the BSD-3 license. See the LICENSE file for details.
Components of this program may be licensed under more restrictive licenses which must be honored.
[INFO ODB-0222] Reading LEF file: /openlane/designs/traffic_light/runs/first_run/tmp/merged.nom.lef
[INFO ODB-0223]     Created 13 technology layers
[INFO ODB-0224]     Created 25 technology vias
[INFO ODB-0225]     Created 441 library cells
[INFO ODB-0226] Finished LEF file:  /openlane/designs/traffic_light/runs/first_run/tmp/merged.nom.lef
[INFO ODB-0127] Reading DEF file: /openlane/designs/traffic_light/runs/first_run/results/routing/light.def
[INFO ODB-0128] Design: light
[INFO ODB-0130]     Created 7 pins.
[INFO ODB-0131]     Created 3448 components and 12946 component-terminals.
[INFO ODB-0132]     Created 2 special nets and 12854 connections.
[INFO ODB-0133]     Created 36 nets and 92 connections.
[INFO ODB-0134] Finished DEF file: /openlane/designs/traffic_light/runs/first_run/results/routing/light.def
define_corners Typical
read_liberty -corner Typical /home/wamiqkhan/.volare/sky130A/libs.ref/sky130_fd_sc_hd/lib/sky130_fd_sc_hd__tt_025C_1v80.lib
Using 1e-12 for capacitance...
Using 1e+03 for resistance...
Using 1e-09 for time...
Using 1e+00 for voltage...
Using 1e-03 for current...
Using 1e-09 for power...
Using 1e-06 for distance...
Using RCX ruleset '/home/wamiqkhan/.volare/sky130A/libs.tech/openlane/rules.openrcx.sky130A.nom.calibre'...
[INFO RCX-0431] Defined process_corner X with ext_model_index 0
[INFO RCX-0029] Defined extraction corner X
[INFO RCX-0008] extracting parasitics of light ...
[INFO RCX-0435] Reading extraction model file /home/wamiqkhan/.volare/sky130A/libs.tech/openlane/rules.openrcx.sky130A.nom.calibre ...
[INFO RCX-0436] RC segment generation light (max_merge_res 50.0) ...
[INFO RCX-0040] Final 94 rc segments
[INFO RCX-0439] Coupling Cap extraction light ...
[INFO RCX-0440] Coupling threshhold is 0.1000 fF, coupling capacitance less than 0.1000 fF will be grounded.
[INFO RCX-0043] 477 wires to be extracted
[INFO RCX-0442] 84% completion -- 401 wires have been extracted
[INFO RCX-0442] 100% completion -- 477 wires have been extracted
[INFO RCX-0045] Extract 36 nets, 130 rsegs, 130 caps, 98 ccs
[INFO RCX-0015] Finished extracting light.
Writing result to /openlane/designs/traffic_light/runs/first_run/results/routing/mca/process_corner_nom/light.spef...
Setting global connections for newly added cells…
[WARNING] Did not save OpenROAD database!
Writing extracted parasitics to '/openlane/designs/traffic_light/runs/first_run/results/routing/mca/process_corner_nom/light.spef'…
[INFO RCX-0016] Writing SPEF ...
[INFO RCX-0443] 36 nets finished
[INFO RCX-0017] Finished writing SPEF ...
