OpenROAD 75f2f325b7a42e56a92404f33af8e96530d9b202 
This program is licensed under the BSD-3 license. See the LICENSE file for details.
Components of this program may be licensed under more restrictive licenses which must be honored.
[INFO ODB-0222] Reading LEF file: /openlane/designs/traffic_light/runs/first_run/tmp/merged.nom.lef
[INFO ODB-0223]     Created 13 technology layers
[INFO ODB-0224]     Created 25 technology vias
[INFO ODB-0225]     Created 441 library cells
[INFO ODB-0226] Finished LEF file:  /openlane/designs/traffic_light/runs/first_run/tmp/merged.nom.lef
[INFO ODB-0127] Reading DEF file: /openlane/designs/traffic_light/runs/first_run/results/routing/light.def
[INFO ODB-0128] Design: light
[INFO ODB-0130]     Created 7 pins.
[INFO ODB-0131]     Created 3448 components and 12946 component-terminals.
[INFO ODB-0132]     Created 2 special nets and 12854 connections.
[INFO ODB-0133]     Created 36 nets and 92 connections.
[INFO ODB-0134] Finished DEF file: /openlane/designs/traffic_light/runs/first_run/results/routing/light.def
Top-level design name: light
Found default power net 'VPWR'
Found default ground net 'VGND'
Found 1 power ports.
Found 1 ground ports.
Modified power connections of 3448/3448 cells.
