Instance name, X location, Y location, Voltage
FILLER_0_64_361, 175.44, 187.68, 1.8
FILLER_0_62_357, 175.44, 182.24, 1.8
FILLER_0_60_357, 175.44, 176.8, 1.8
FILLER_0_58_357, 175.44, 171.36, 1.8
FILLER_0_56_357, 175.44, 165.92, 1.8
FILLER_0_54_357, 175.44, 160.48, 1.8
FILLER_0_52_357, 175.44, 155.04, 1.8
FILLER_0_50_357, 175.44, 149.6, 1.8
FILLER_0_48_357, 175.44, 144.16, 1.8
FILLER_0_46_357, 175.44, 138.72, 1.8
FILLER_0_44_357, 175.44, 133.28, 1.8
FILLER_0_42_357, 175.44, 127.84, 1.8
FILLER_0_40_357, 175.44, 122.4, 1.8
FILLER_0_38_357, 175.44, 116.96, 1.8
FILLER_0_36_357, 175.44, 111.52, 1.8
FILLER_0_34_357, 175.44, 106.08, 1.8
FILLER_0_32_357, 175.44, 100.64, 1.8
FILLER_0_30_357, 175.44, 95.2, 1.79998
FILLER_0_28_357, 175.44, 89.76, 1.79993
FILLER_0_26_357, 175.44, 84.32, 1.79999
FILLER_0_24_357, 175.44, 78.88, 1.8
FILLER_0_22_357, 175.44, 73.44, 1.8
FILLER_0_20_357, 175.44, 68, 1.8
FILLER_0_18_357, 175.44, 62.56, 1.8
FILLER_0_16_357, 175.44, 57.12, 1.8
FILLER_0_14_357, 175.44, 51.68, 1.8
FILLER_0_12_357, 175.44, 46.24, 1.8
FILLER_0_10_357, 175.44, 40.8, 1.8
FILLER_0_8_357, 175.44, 35.36, 1.8
FILLER_0_6_357, 175.44, 29.92, 1.8
FILLER_0_4_357, 175.44, 24.48, 1.8
FILLER_0_2_357, 175.44, 19.04, 1.8
FILLER_0_0_361, 175.44, 13.6, 1.8
PHY_EDGE_ROW_64_Left_129, 5.52, 187.68, 1.8
PHY_EDGE_ROW_64_Right_64, 194.12, 187.68, 1.8
FILLER_0_64_53, 34.64, 187.68, 1.8
FILLER_0_64_81, 47.44, 187.68, 1.8
FILLER_0_64_109, 60.24, 187.68, 1.8
FILLER_0_64_137, 73.04, 187.68, 1.8
FILLER_0_64_165, 85.84, 187.68, 1.8
FILLER_0_64_193, 98.64, 187.68, 1.8
output3, 111.44, 187.68, 1.8
FILLER_0_64_219, 111.44, 187.68, 1.8
FILLER_0_64_249, 124.24, 187.68, 1.8
FILLER_0_64_277, 137.04, 187.68, 1.8
FILLER_0_64_305, 149.84, 187.68, 1.8
FILLER_0_64_333, 162.64, 187.68, 1.8
FILLER_0_64_389, 184.78, 187.68, 1.8
PHY_EDGE_ROW_62_Left_127, 5.52, 182.24, 1.8
PHY_EDGE_ROW_63_Left_128, 5.52, 182.24, 1.8
PHY_EDGE_ROW_62_Right_62, 194.12, 182.24, 1.8
PHY_EDGE_ROW_63_Right_63, 194.12, 182.24, 1.8
FILLER_0_62_401, 194.12, 182.24, 1.8
FILLER_0_63_51, 34.64, 182.24, 1.8
FILLER_0_63_105, 47.44, 182.24, 1.8
FILLER_0_62_133, 73.04, 182.24, 1.8
FILLER_0_63_161, 85.84, 182.24, 1.8
output2, 98.64, 182.24, 1.8
FILLER_0_62_189, 98.64, 182.24, 1.8
FILLER_0_64_209, 98.64, 182.24, 1.8
output4, 111.44, 182.24, 1.8
FILLER_0_63_217, 111.44, 182.24, 1.8
FILLER_0_62_245, 124.24, 182.24, 1.8
FILLER_0_63_273, 137.04, 182.24, 1.8
FILLER_0_62_301, 149.84, 182.24, 1.8
FILLER_0_63_329, 162.64, 182.24, 1.8
FILLER_0_63_385, 184.78, 182.24, 1.8
PHY_EDGE_ROW_60_Left_125, 5.52, 176.8, 1.8
PHY_EDGE_ROW_61_Left_126, 5.52, 176.8, 1.8
PHY_EDGE_ROW_60_Right_60, 194.12, 176.8, 1.8
PHY_EDGE_ROW_61_Right_61, 194.12, 176.8, 1.8
FILLER_0_60_401, 194.12, 176.8, 1.8
FILLER_0_61_51, 34.64, 176.8, 1.8
FILLER_0_62_77, 34.64, 176.8, 1.8
FILLER_0_61_105, 47.44, 176.8, 1.8
FILLER_0_60_133, 73.04, 176.8, 1.8
FILLER_0_61_161, 85.84, 176.8, 1.8
FILLER_0_60_189, 98.64, 176.8, 1.8
FILLER_0_61_217, 111.44, 176.8, 1.8
FILLER_0_60_245, 124.24, 176.8, 1.8
FILLER_0_61_273, 137.04, 176.8, 1.8
FILLER_0_60_301, 149.84, 176.8, 1.8
FILLER_0_61_329, 162.64, 176.8, 1.8
FILLER_0_61_385, 184.78, 176.8, 1.8
PHY_EDGE_ROW_58_Left_123, 5.52, 171.36, 1.8
PHY_EDGE_ROW_59_Left_124, 5.52, 171.36, 1.8
PHY_EDGE_ROW_58_Right_58, 194.12, 171.36, 1.8
PHY_EDGE_ROW_59_Right_59, 194.12, 171.36, 1.8
FILLER_0_58_401, 194.12, 171.36, 1.8
FILLER_0_59_51, 34.64, 171.36, 1.8
FILLER_0_60_77, 34.64, 171.36, 1.8
FILLER_0_59_105, 47.44, 171.36, 1.8
FILLER_0_58_133, 73.04, 171.36, 1.8
FILLER_0_59_161, 85.84, 171.36, 1.8
FILLER_0_58_189, 98.64, 171.36, 1.8
FILLER_0_59_217, 111.44, 171.36, 1.8
FILLER_0_58_245, 124.24, 171.36, 1.8
FILLER_0_59_273, 137.04, 171.36, 1.8
FILLER_0_58_301, 149.84, 171.36, 1.8
FILLER_0_59_329, 162.64, 171.36, 1.8
FILLER_0_59_385, 184.78, 171.36, 1.8
PHY_EDGE_ROW_56_Left_121, 5.52, 165.92, 1.8
PHY_EDGE_ROW_57_Left_122, 5.52, 165.92, 1.8
PHY_EDGE_ROW_56_Right_56, 194.12, 165.92, 1.8
PHY_EDGE_ROW_57_Right_57, 194.12, 165.92, 1.8
FILLER_0_56_401, 194.12, 165.92, 1.8
FILLER_0_57_51, 34.64, 165.92, 1.8
FILLER_0_58_77, 34.64, 165.92, 1.8
FILLER_0_57_105, 47.44, 165.92, 1.8
FILLER_0_56_133, 73.04, 165.92, 1.8
FILLER_0_57_161, 85.84, 165.92, 1.8
FILLER_0_56_189, 98.64, 165.92, 1.8
FILLER_0_57_217, 111.44, 165.92, 1.8
FILLER_0_56_245, 124.24, 165.92, 1.8
FILLER_0_57_273, 137.04, 165.92, 1.8
FILLER_0_56_301, 149.84, 165.92, 1.8
FILLER_0_57_329, 162.64, 165.92, 1.8
FILLER_0_57_385, 184.78, 165.92, 1.8
PHY_EDGE_ROW_54_Left_119, 5.52, 160.48, 1.8
PHY_EDGE_ROW_55_Left_120, 5.52, 160.48, 1.8
PHY_EDGE_ROW_54_Right_54, 194.12, 160.48, 1.8
PHY_EDGE_ROW_55_Right_55, 194.12, 160.48, 1.8
FILLER_0_54_401, 194.12, 160.48, 1.8
FILLER_0_55_51, 34.64, 160.48, 1.8
FILLER_0_56_77, 34.64, 160.48, 1.8
FILLER_0_55_105, 47.44, 160.48, 1.8
FILLER_0_54_133, 73.04, 160.48, 1.8
FILLER_0_55_161, 85.84, 160.48, 1.8
FILLER_0_54_189, 98.64, 160.48, 1.8
FILLER_0_55_217, 111.44, 160.48, 1.8
FILLER_0_54_245, 124.24, 160.48, 1.8
FILLER_0_55_273, 137.04, 160.48, 1.8
FILLER_0_54_301, 149.84, 160.48, 1.8
FILLER_0_55_329, 162.64, 160.48, 1.8
FILLER_0_55_385, 184.78, 160.48, 1.8
PHY_EDGE_ROW_52_Left_117, 5.52, 155.04, 1.8
PHY_EDGE_ROW_53_Left_118, 5.52, 155.04, 1.8
PHY_EDGE_ROW_52_Right_52, 194.12, 155.04, 1.8
PHY_EDGE_ROW_53_Right_53, 194.12, 155.04, 1.8
FILLER_0_52_401, 194.12, 155.04, 1.8
FILLER_0_53_51, 34.64, 155.04, 1.8
FILLER_0_54_77, 34.64, 155.04, 1.8
FILLER_0_53_105, 47.44, 155.04, 1.8
FILLER_0_52_133, 73.04, 155.04, 1.8
FILLER_0_53_161, 85.84, 155.04, 1.8
FILLER_0_52_189, 98.64, 155.04, 1.8
FILLER_0_53_217, 111.44, 155.04, 1.8
FILLER_0_52_245, 124.24, 155.04, 1.8
FILLER_0_53_273, 137.04, 155.04, 1.8
FILLER_0_52_301, 149.84, 155.04, 1.8
FILLER_0_53_329, 162.64, 155.04, 1.8
FILLER_0_53_385, 184.78, 155.04, 1.8
PHY_EDGE_ROW_50_Left_115, 5.52, 149.6, 1.8
PHY_EDGE_ROW_51_Left_116, 5.52, 149.6, 1.8
PHY_EDGE_ROW_50_Right_50, 194.12, 149.6, 1.8
PHY_EDGE_ROW_51_Right_51, 194.12, 149.6, 1.8
FILLER_0_50_401, 194.12, 149.6, 1.8
FILLER_0_51_51, 34.64, 149.6, 1.8
FILLER_0_52_77, 34.64, 149.6, 1.8
FILLER_0_51_105, 47.44, 149.6, 1.8
FILLER_0_50_133, 73.04, 149.6, 1.8
FILLER_0_51_161, 85.84, 149.6, 1.8
FILLER_0_50_189, 98.64, 149.6, 1.8
FILLER_0_51_217, 111.44, 149.6, 1.8
FILLER_0_50_245, 124.24, 149.6, 1.8
FILLER_0_51_273, 137.04, 149.6, 1.8
FILLER_0_50_301, 149.84, 149.6, 1.8
FILLER_0_51_329, 162.64, 149.6, 1.8
FILLER_0_51_385, 184.78, 149.6, 1.8
PHY_EDGE_ROW_48_Left_113, 5.52, 144.16, 1.8
PHY_EDGE_ROW_49_Left_114, 5.52, 144.16, 1.8
PHY_EDGE_ROW_48_Right_48, 194.12, 144.16, 1.8
PHY_EDGE_ROW_49_Right_49, 194.12, 144.16, 1.8
FILLER_0_48_401, 194.12, 144.16, 1.8
FILLER_0_49_51, 34.64, 144.16, 1.8
FILLER_0_50_77, 34.64, 144.16, 1.8
FILLER_0_49_105, 47.44, 144.16, 1.8
FILLER_0_48_133, 73.04, 144.16, 1.8
FILLER_0_49_161, 85.84, 144.16, 1.8
FILLER_0_48_189, 98.64, 144.16, 1.8
FILLER_0_49_217, 111.44, 144.16, 1.8
FILLER_0_48_245, 124.24, 144.16, 1.8
FILLER_0_49_273, 137.04, 144.16, 1.8
FILLER_0_48_301, 149.84, 144.16, 1.8
FILLER_0_49_329, 162.64, 144.16, 1.8
FILLER_0_49_385, 184.78, 144.16, 1.8
PHY_EDGE_ROW_46_Left_111, 5.52, 138.72, 1.8
PHY_EDGE_ROW_47_Left_112, 5.52, 138.72, 1.8
PHY_EDGE_ROW_46_Right_46, 194.12, 138.72, 1.8
PHY_EDGE_ROW_47_Right_47, 194.12, 138.72, 1.8
FILLER_0_46_401, 194.12, 138.72, 1.8
FILLER_0_47_51, 34.64, 138.72, 1.8
FILLER_0_48_77, 34.64, 138.72, 1.8
FILLER_0_47_105, 47.44, 138.72, 1.8
FILLER_0_46_133, 73.04, 138.72, 1.8
FILLER_0_47_161, 85.84, 138.72, 1.8
FILLER_0_46_189, 98.64, 138.72, 1.8
FILLER_0_47_217, 111.44, 138.72, 1.8
FILLER_0_46_245, 124.24, 138.72, 1.8
FILLER_0_47_273, 137.04, 138.72, 1.8
FILLER_0_46_301, 149.84, 138.72, 1.8
FILLER_0_47_329, 162.64, 138.72, 1.8
FILLER_0_47_385, 184.78, 138.72, 1.8
PHY_EDGE_ROW_44_Left_109, 5.52, 133.28, 1.8
PHY_EDGE_ROW_45_Left_110, 5.52, 133.28, 1.8
PHY_EDGE_ROW_44_Right_44, 194.12, 133.28, 1.8
PHY_EDGE_ROW_45_Right_45, 194.12, 133.28, 1.8
FILLER_0_44_401, 194.12, 133.28, 1.8
FILLER_0_45_51, 34.64, 133.28, 1.8
FILLER_0_46_77, 34.64, 133.28, 1.8
FILLER_0_45_105, 47.44, 133.28, 1.8
FILLER_0_44_133, 73.04, 133.28, 1.8
FILLER_0_45_161, 85.84, 133.28, 1.8
FILLER_0_44_189, 98.64, 133.28, 1.8
FILLER_0_45_217, 111.44, 133.28, 1.8
FILLER_0_44_245, 124.24, 133.28, 1.8
FILLER_0_45_273, 137.04, 133.28, 1.8
FILLER_0_44_301, 149.84, 133.28, 1.8
FILLER_0_45_329, 162.64, 133.28, 1.8
FILLER_0_45_385, 184.78, 133.28, 1.8
PHY_EDGE_ROW_42_Left_107, 5.52, 127.84, 1.8
PHY_EDGE_ROW_43_Left_108, 5.52, 127.84, 1.8
PHY_EDGE_ROW_42_Right_42, 194.12, 127.84, 1.8
PHY_EDGE_ROW_43_Right_43, 194.12, 127.84, 1.8
FILLER_0_42_401, 194.12, 127.84, 1.8
FILLER_0_43_51, 34.64, 127.84, 1.8
FILLER_0_44_77, 34.64, 127.84, 1.8
FILLER_0_43_105, 47.44, 127.84, 1.8
FILLER_0_42_133, 73.04, 127.84, 1.8
FILLER_0_43_161, 85.84, 127.84, 1.8
FILLER_0_42_189, 98.64, 127.84, 1.8
FILLER_0_43_217, 111.44, 127.84, 1.8
FILLER_0_42_245, 124.24, 127.84, 1.8
FILLER_0_43_273, 137.04, 127.84, 1.8
FILLER_0_42_301, 149.84, 127.84, 1.8
FILLER_0_43_329, 162.64, 127.84, 1.8
FILLER_0_43_385, 184.78, 127.84, 1.8
PHY_EDGE_ROW_40_Left_105, 5.52, 122.4, 1.8
PHY_EDGE_ROW_41_Left_106, 5.52, 122.4, 1.8
PHY_EDGE_ROW_40_Right_40, 194.12, 122.4, 1.8
PHY_EDGE_ROW_41_Right_41, 194.12, 122.4, 1.8
FILLER_0_40_401, 194.12, 122.4, 1.8
FILLER_0_41_51, 34.64, 122.4, 1.8
FILLER_0_42_77, 34.64, 122.4, 1.8
FILLER_0_41_105, 47.44, 122.4, 1.8
FILLER_0_40_133, 73.04, 122.4, 1.8
FILLER_0_41_161, 85.84, 122.4, 1.8
FILLER_0_40_189, 98.64, 122.4, 1.8
FILLER_0_41_217, 111.44, 122.4, 1.8
FILLER_0_40_245, 124.24, 122.4, 1.8
FILLER_0_41_273, 137.04, 122.4, 1.8
FILLER_0_40_301, 149.84, 122.4, 1.8
FILLER_0_41_329, 162.64, 122.4, 1.8
FILLER_0_41_385, 184.78, 122.4, 1.8
PHY_EDGE_ROW_38_Left_103, 5.52, 116.96, 1.8
PHY_EDGE_ROW_39_Left_104, 5.52, 116.96, 1.8
PHY_EDGE_ROW_38_Right_38, 194.12, 116.96, 1.8
PHY_EDGE_ROW_39_Right_39, 194.12, 116.96, 1.8
FILLER_0_38_401, 194.12, 116.96, 1.8
FILLER_0_39_51, 34.64, 116.96, 1.8
FILLER_0_40_77, 34.64, 116.96, 1.8
FILLER_0_39_105, 47.44, 116.96, 1.8
FILLER_0_38_133, 73.04, 116.96, 1.8
FILLER_0_39_161, 85.84, 116.96, 1.8
FILLER_0_38_189, 98.64, 116.96, 1.8
FILLER_0_39_217, 111.44, 116.96, 1.8
FILLER_0_38_245, 124.24, 116.96, 1.8
FILLER_0_39_273, 137.04, 116.96, 1.8
FILLER_0_38_301, 149.84, 116.96, 1.8
FILLER_0_39_329, 162.64, 116.96, 1.8
FILLER_0_39_385, 184.78, 116.96, 1.8
PHY_EDGE_ROW_36_Left_101, 5.52, 111.52, 1.8
PHY_EDGE_ROW_37_Left_102, 5.52, 111.52, 1.8
PHY_EDGE_ROW_36_Right_36, 194.12, 111.52, 1.8
PHY_EDGE_ROW_37_Right_37, 194.12, 111.52, 1.8
FILLER_0_36_401, 194.12, 111.52, 1.8
FILLER_0_37_51, 34.64, 111.52, 1.8
FILLER_0_38_77, 34.64, 111.52, 1.8
FILLER_0_37_105, 47.44, 111.52, 1.79999
FILLER_0_36_133, 73.04, 111.52, 1.79999
FILLER_0_37_161, 85.84, 111.52, 1.79999
_36_, 98.64, 111.52, 1.79999
FILLER_0_36_189, 98.64, 111.52, 1.79999
FILLER_0_36_197, 98.64, 111.52, 1.79999
FILLER_0_37_205, 98.64, 111.52, 1.79999
FILLER_0_37_221, 111.44, 111.52, 1.79999
FILLER_0_36_247, 124.24, 111.52, 1.79999
FILLER_0_37_273, 137.04, 111.52, 1.79999
FILLER_0_36_301, 149.84, 111.52, 1.79999
FILLER_0_37_329, 162.64, 111.52, 1.8
FILLER_0_37_385, 184.78, 111.52, 1.8
PHY_EDGE_ROW_34_Left_99, 5.52, 106.08, 1.8
PHY_EDGE_ROW_35_Left_100, 5.52, 106.08, 1.8
PHY_EDGE_ROW_34_Right_34, 194.12, 106.08, 1.8
PHY_EDGE_ROW_35_Right_35, 194.12, 106.08, 1.8
FILLER_0_34_401, 194.12, 106.08, 1.8
FILLER_0_35_51, 34.64, 106.08, 1.79999
FILLER_0_36_77, 34.64, 106.08, 1.79999
FILLER_0_35_105, 47.44, 106.08, 1.79999
FILLER_0_34_133, 73.04, 106.08, 1.79998
FILLER_0_35_161, 85.84, 106.08, 1.79998
_18_, 98.64, 106.08, 1.79997
_23_, 98.64, 106.08, 1.79997
_25_, 98.64, 106.08, 1.79997
_37_, 98.64, 106.08, 1.79997
_38_, 98.64, 106.08, 1.79997
FILLER_0_34_189, 98.64, 106.08, 1.79997
FILLER_0_35_193, 98.64, 106.08, 1.79997
FILLER_0_35_201, 98.64, 106.08, 1.79997
FILLER_0_36_205, 98.64, 106.08, 1.79997
_20_, 111.44, 106.08, 1.79997
FILLER_0_35_219, 111.44, 106.08, 1.79997
FILLER_0_35_273, 137.04, 106.08, 1.79998
FILLER_0_34_301, 149.84, 106.08, 1.79999
FILLER_0_35_329, 162.64, 106.08, 1.79999
FILLER_0_35_385, 184.78, 106.08, 1.8
PHY_EDGE_ROW_32_Left_97, 5.52, 100.64, 1.8
PHY_EDGE_ROW_33_Left_98, 5.52, 100.64, 1.8
PHY_EDGE_ROW_32_Right_32, 194.12, 100.64, 1.8
PHY_EDGE_ROW_33_Right_33, 194.12, 100.64, 1.8
FILLER_0_32_401, 194.12, 100.64, 1.8
FILLER_0_33_51, 34.64, 100.64, 1.8
FILLER_0_34_77, 34.64, 100.64, 1.8
FILLER_0_33_105, 47.44, 100.64, 1.79999
FILLER_0_32_133, 73.04, 100.64, 1.79999
FILLER_0_33_161, 85.84, 100.64, 1.79999
_17_, 98.64, 100.64, 1.79998
_19_, 98.64, 100.64, 1.79998
_24_, 98.64, 100.64, 1.79998
_40_, 98.64, 100.64, 1.79998
FILLER_0_32_189, 98.64, 100.64, 1.79998
FILLER_0_33_193, 98.64, 100.64, 1.79998
FILLER_0_34_244, 111.44, 100.64, 1.79999
FILLER_0_32_249, 124.24, 100.64, 1.79999
FILLER_0_33_273, 137.04, 100.64, 1.79999
FILLER_0_32_301, 149.84, 100.64, 1.79999
FILLER_0_33_329, 162.64, 100.64, 1.8
FILLER_0_33_385, 184.78, 100.64, 1.8
PHY_EDGE_ROW_30_Left_95, 5.52, 95.2, 1.79997
PHY_EDGE_ROW_31_Left_96, 5.52, 95.2, 1.79997
PHY_EDGE_ROW_30_Right_30, 194.12, 95.2, 1.79998
PHY_EDGE_ROW_31_Right_31, 194.12, 95.2, 1.79998
FILLER_0_30_401, 194.12, 95.2, 1.79998
FILLER_0_31_51, 34.64, 95.2, 1.79993
FILLER_0_32_77, 34.64, 95.2, 1.79993
FILLER_0_31_105, 47.44, 95.2, 1.79989
FILLER_0_30_133, 73.04, 95.2, 1.79981
_33_, 85.84, 95.2, 1.79977
clkbuf_1_0__f_clk, 85.84, 95.2, 1.79977
FILLER_0_30_165, 85.84, 95.2, 1.79977
FILLER_0_31_161, 85.84, 95.2, 1.79977
FILLER_0_31_181, 85.84, 95.2, 1.79977
_21_, 98.64, 95.2, 1.7998
_22_, 98.64, 95.2, 1.7998
_26_, 98.64, 95.2, 1.7998
_28_, 98.64, 95.2, 1.7998
_31_, 98.64, 95.2, 1.7998
_32_, 98.64, 95.2, 1.7998
_39_, 98.64, 95.2, 1.7998
FILLER_0_30_193, 98.64, 95.2, 1.7998
FILLER_0_31_200, 98.64, 95.2, 1.7998
FILLER_0_31_210, 98.64, 95.2, 1.7998
_27_, 111.44, 95.2, 1.79982
_29_, 111.44, 95.2, 1.79982
FILLER_0_30_223, 111.44, 95.2, 1.79982
FILLER_0_30_229, 111.44, 95.2, 1.79982
FILLER_0_31_273, 137.04, 95.2, 1.79989
FILLER_0_30_301, 149.84, 95.2, 1.79992
FILLER_0_31_329, 162.64, 95.2, 1.79995
FILLER_0_31_385, 184.78, 95.2, 1.79998
PHY_EDGE_ROW_28_Left_93, 5.52, 89.76, 1.79993
PHY_EDGE_ROW_29_Left_94, 5.52, 89.76, 1.79993
PHY_EDGE_ROW_28_Right_28, 194.12, 89.76, 1.79993
PHY_EDGE_ROW_29_Right_29, 194.12, 89.76, 1.79993
FILLER_0_28_401, 194.12, 89.76, 1.79993
FILLER_0_29_51, 34.64, 89.76, 1.79985
FILLER_0_30_77, 34.64, 89.76, 1.79985
FILLER_0_29_105, 47.44, 89.76, 1.79977
FILLER_0_28_133, 73.04, 89.76, 1.7996
_42_, 85.84, 89.76, 1.79952
FILLER_0_29_161, 85.84, 89.76, 1.79952
FILLER_0_29_169, 85.84, 89.76, 1.79952
FILLER_0_29_177, 85.84, 89.76, 1.79952
_30_, 98.64, 89.76, 1.79946
_34_, 98.64, 89.76, 1.79946
clkbuf_0_clk, 98.64, 89.76, 1.79946
hold1, 98.64, 89.76, 1.79946
FILLER_0_28_197, 98.64, 89.76, 1.79946
clkbuf_1_1__f_clk, 111.44, 89.76, 1.79948
FILLER_0_28_247, 124.24, 89.76, 1.79957
FILLER_0_29_273, 137.04, 89.76, 1.79966
FILLER_0_28_301, 149.84, 89.76, 1.79975
FILLER_0_29_329, 162.64, 89.76, 1.79984
FILLER_0_29_385, 184.78, 89.76, 1.79993
PHY_EDGE_ROW_26_Left_91, 5.52, 84.32, 1.79998
PHY_EDGE_ROW_27_Left_92, 5.52, 84.32, 1.79998
PHY_EDGE_ROW_26_Right_26, 194.12, 84.32, 1.79999
PHY_EDGE_ROW_27_Right_27, 194.12, 84.32, 1.79999
FILLER_0_26_401, 194.12, 84.32, 1.79999
FILLER_0_27_51, 34.64, 84.32, 1.79997
FILLER_0_28_77, 34.64, 84.32, 1.79997
FILLER_0_27_105, 47.44, 84.32, 1.79995
FILLER_0_26_133, 73.04, 84.32, 1.79992
_41_, 85.84, 84.32, 1.7999
FILLER_0_27_161, 85.84, 84.32, 1.7999
FILLER_0_28_177, 85.84, 84.32, 1.7999
_35_, 98.64, 84.32, 1.7999
FILLER_0_26_189, 98.64, 84.32, 1.7999
FILLER_0_27_217, 111.44, 84.32, 1.79992
FILLER_0_26_245, 124.24, 84.32, 1.79993
FILLER_0_27_273, 137.04, 84.32, 1.79994
FILLER_0_26_301, 149.84, 84.32, 1.79996
FILLER_0_27_329, 162.64, 84.32, 1.79997
FILLER_0_27_385, 184.78, 84.32, 1.79999
PHY_EDGE_ROW_24_Left_89, 5.52, 78.88, 1.8
PHY_EDGE_ROW_25_Left_90, 5.52, 78.88, 1.8
PHY_EDGE_ROW_24_Right_24, 194.12, 78.88, 1.8
PHY_EDGE_ROW_25_Right_25, 194.12, 78.88, 1.8
FILLER_0_24_401, 194.12, 78.88, 1.8
FILLER_0_25_51, 34.64, 78.88, 1.8
FILLER_0_26_77, 34.64, 78.88, 1.8
FILLER_0_25_105, 47.44, 78.88, 1.8
FILLER_0_24_133, 73.04, 78.88, 1.8
FILLER_0_25_161, 85.84, 78.88, 1.8
FILLER_0_24_189, 98.64, 78.88, 1.8
FILLER_0_25_217, 111.44, 78.88, 1.8
FILLER_0_24_245, 124.24, 78.88, 1.8
FILLER_0_25_273, 137.04, 78.88, 1.8
FILLER_0_24_301, 149.84, 78.88, 1.8
FILLER_0_25_329, 162.64, 78.88, 1.8
FILLER_0_25_385, 184.78, 78.88, 1.8
PHY_EDGE_ROW_22_Left_87, 5.52, 73.44, 1.8
PHY_EDGE_ROW_23_Left_88, 5.52, 73.44, 1.8
PHY_EDGE_ROW_22_Right_22, 194.12, 73.44, 1.8
PHY_EDGE_ROW_23_Right_23, 194.12, 73.44, 1.8
FILLER_0_22_401, 194.12, 73.44, 1.8
FILLER_0_23_51, 34.64, 73.44, 1.8
FILLER_0_24_77, 34.64, 73.44, 1.8
FILLER_0_23_105, 47.44, 73.44, 1.8
FILLER_0_22_133, 73.04, 73.44, 1.8
FILLER_0_23_161, 85.84, 73.44, 1.8
FILLER_0_22_189, 98.64, 73.44, 1.8
FILLER_0_23_217, 111.44, 73.44, 1.8
FILLER_0_22_245, 124.24, 73.44, 1.8
FILLER_0_23_273, 137.04, 73.44, 1.8
FILLER_0_22_301, 149.84, 73.44, 1.8
FILLER_0_23_329, 162.64, 73.44, 1.8
FILLER_0_23_385, 184.78, 73.44, 1.8
PHY_EDGE_ROW_20_Left_85, 5.52, 68, 1.8
PHY_EDGE_ROW_21_Left_86, 5.52, 68, 1.8
PHY_EDGE_ROW_20_Right_20, 194.12, 68, 1.8
PHY_EDGE_ROW_21_Right_21, 194.12, 68, 1.8
FILLER_0_20_401, 194.12, 68, 1.8
FILLER_0_21_51, 34.64, 68, 1.8
FILLER_0_22_77, 34.64, 68, 1.8
FILLER_0_21_105, 47.44, 68, 1.8
FILLER_0_20_133, 73.04, 68, 1.8
FILLER_0_21_161, 85.84, 68, 1.8
FILLER_0_20_189, 98.64, 68, 1.8
FILLER_0_21_217, 111.44, 68, 1.8
FILLER_0_20_245, 124.24, 68, 1.8
FILLER_0_21_273, 137.04, 68, 1.8
FILLER_0_20_301, 149.84, 68, 1.8
FILLER_0_21_329, 162.64, 68, 1.8
FILLER_0_21_385, 184.78, 68, 1.8
PHY_EDGE_ROW_18_Left_83, 5.52, 62.56, 1.8
PHY_EDGE_ROW_19_Left_84, 5.52, 62.56, 1.8
PHY_EDGE_ROW_18_Right_18, 194.12, 62.56, 1.8
PHY_EDGE_ROW_19_Right_19, 194.12, 62.56, 1.8
FILLER_0_18_401, 194.12, 62.56, 1.8
FILLER_0_19_51, 34.64, 62.56, 1.8
FILLER_0_20_77, 34.64, 62.56, 1.8
FILLER_0_19_105, 47.44, 62.56, 1.8
FILLER_0_18_133, 73.04, 62.56, 1.8
FILLER_0_19_161, 85.84, 62.56, 1.8
FILLER_0_18_189, 98.64, 62.56, 1.8
FILLER_0_19_217, 111.44, 62.56, 1.8
FILLER_0_18_245, 124.24, 62.56, 1.8
FILLER_0_19_273, 137.04, 62.56, 1.8
FILLER_0_18_301, 149.84, 62.56, 1.8
FILLER_0_19_329, 162.64, 62.56, 1.8
FILLER_0_19_385, 184.78, 62.56, 1.8
PHY_EDGE_ROW_16_Left_81, 5.52, 57.12, 1.8
PHY_EDGE_ROW_17_Left_82, 5.52, 57.12, 1.8
PHY_EDGE_ROW_16_Right_16, 194.12, 57.12, 1.8
PHY_EDGE_ROW_17_Right_17, 194.12, 57.12, 1.8
FILLER_0_16_401, 194.12, 57.12, 1.8
FILLER_0_17_51, 34.64, 57.12, 1.8
FILLER_0_18_77, 34.64, 57.12, 1.8
FILLER_0_17_105, 47.44, 57.12, 1.8
FILLER_0_16_133, 73.04, 57.12, 1.8
FILLER_0_17_161, 85.84, 57.12, 1.8
FILLER_0_16_189, 98.64, 57.12, 1.8
FILLER_0_17_217, 111.44, 57.12, 1.8
FILLER_0_16_245, 124.24, 57.12, 1.8
FILLER_0_17_273, 137.04, 57.12, 1.8
FILLER_0_16_301, 149.84, 57.12, 1.8
FILLER_0_17_329, 162.64, 57.12, 1.8
FILLER_0_17_385, 184.78, 57.12, 1.8
PHY_EDGE_ROW_14_Left_79, 5.52, 51.68, 1.8
PHY_EDGE_ROW_15_Left_80, 5.52, 51.68, 1.8
PHY_EDGE_ROW_14_Right_14, 194.12, 51.68, 1.8
PHY_EDGE_ROW_15_Right_15, 194.12, 51.68, 1.8
FILLER_0_14_401, 194.12, 51.68, 1.8
FILLER_0_15_51, 34.64, 51.68, 1.8
FILLER_0_16_77, 34.64, 51.68, 1.8
FILLER_0_15_105, 47.44, 51.68, 1.8
FILLER_0_14_133, 73.04, 51.68, 1.8
FILLER_0_15_161, 85.84, 51.68, 1.8
FILLER_0_14_189, 98.64, 51.68, 1.8
FILLER_0_15_217, 111.44, 51.68, 1.8
FILLER_0_14_245, 124.24, 51.68, 1.8
FILLER_0_15_273, 137.04, 51.68, 1.8
FILLER_0_14_301, 149.84, 51.68, 1.8
FILLER_0_15_329, 162.64, 51.68, 1.8
FILLER_0_15_385, 184.78, 51.68, 1.8
PHY_EDGE_ROW_12_Left_77, 5.52, 46.24, 1.8
PHY_EDGE_ROW_13_Left_78, 5.52, 46.24, 1.8
PHY_EDGE_ROW_12_Right_12, 194.12, 46.24, 1.8
PHY_EDGE_ROW_13_Right_13, 194.12, 46.24, 1.8
FILLER_0_12_401, 194.12, 46.24, 1.8
FILLER_0_13_51, 34.64, 46.24, 1.8
FILLER_0_14_77, 34.64, 46.24, 1.8
FILLER_0_13_105, 47.44, 46.24, 1.8
FILLER_0_12_133, 73.04, 46.24, 1.8
FILLER_0_13_161, 85.84, 46.24, 1.8
FILLER_0_12_189, 98.64, 46.24, 1.8
FILLER_0_13_217, 111.44, 46.24, 1.8
FILLER_0_12_245, 124.24, 46.24, 1.8
FILLER_0_13_273, 137.04, 46.24, 1.8
FILLER_0_12_301, 149.84, 46.24, 1.8
FILLER_0_13_329, 162.64, 46.24, 1.8
FILLER_0_13_385, 184.78, 46.24, 1.8
PHY_EDGE_ROW_10_Left_75, 5.52, 40.8, 1.8
PHY_EDGE_ROW_11_Left_76, 5.52, 40.8, 1.8
PHY_EDGE_ROW_10_Right_10, 194.12, 40.8, 1.8
PHY_EDGE_ROW_11_Right_11, 194.12, 40.8, 1.8
FILLER_0_10_401, 194.12, 40.8, 1.8
FILLER_0_11_51, 34.64, 40.8, 1.8
FILLER_0_12_77, 34.64, 40.8, 1.8
FILLER_0_11_105, 47.44, 40.8, 1.8
FILLER_0_10_133, 73.04, 40.8, 1.8
FILLER_0_11_161, 85.84, 40.8, 1.8
FILLER_0_10_189, 98.64, 40.8, 1.8
FILLER_0_11_217, 111.44, 40.8, 1.8
FILLER_0_10_245, 124.24, 40.8, 1.8
FILLER_0_11_273, 137.04, 40.8, 1.8
FILLER_0_10_301, 149.84, 40.8, 1.8
FILLER_0_11_329, 162.64, 40.8, 1.8
FILLER_0_11_385, 184.78, 40.8, 1.8
PHY_EDGE_ROW_8_Left_73, 5.52, 35.36, 1.8
PHY_EDGE_ROW_9_Left_74, 5.52, 35.36, 1.8
PHY_EDGE_ROW_8_Right_8, 194.12, 35.36, 1.8
PHY_EDGE_ROW_9_Right_9, 194.12, 35.36, 1.8
FILLER_0_8_401, 194.12, 35.36, 1.8
FILLER_0_9_51, 34.64, 35.36, 1.8
FILLER_0_10_77, 34.64, 35.36, 1.8
FILLER_0_9_105, 47.44, 35.36, 1.8
FILLER_0_8_133, 73.04, 35.36, 1.8
FILLER_0_9_161, 85.84, 35.36, 1.8
FILLER_0_8_189, 98.64, 35.36, 1.8
FILLER_0_9_217, 111.44, 35.36, 1.8
FILLER_0_8_245, 124.24, 35.36, 1.8
FILLER_0_9_273, 137.04, 35.36, 1.8
FILLER_0_8_301, 149.84, 35.36, 1.8
FILLER_0_9_329, 162.64, 35.36, 1.8
FILLER_0_9_385, 184.78, 35.36, 1.8
PHY_EDGE_ROW_6_Left_71, 5.52, 29.92, 1.8
PHY_EDGE_ROW_7_Left_72, 5.52, 29.92, 1.8
PHY_EDGE_ROW_6_Right_6, 194.12, 29.92, 1.8
PHY_EDGE_ROW_7_Right_7, 194.12, 29.92, 1.8
FILLER_0_6_401, 194.12, 29.92, 1.8
FILLER_0_7_51, 34.64, 29.92, 1.8
FILLER_0_8_77, 34.64, 29.92, 1.8
FILLER_0_7_105, 47.44, 29.92, 1.8
FILLER_0_6_133, 73.04, 29.92, 1.8
FILLER_0_7_161, 85.84, 29.92, 1.8
FILLER_0_6_189, 98.64, 29.92, 1.8
FILLER_0_7_217, 111.44, 29.92, 1.8
FILLER_0_6_245, 124.24, 29.92, 1.8
FILLER_0_7_273, 137.04, 29.92, 1.8
FILLER_0_6_301, 149.84, 29.92, 1.8
FILLER_0_7_329, 162.64, 29.92, 1.8
FILLER_0_7_385, 184.78, 29.92, 1.8
PHY_EDGE_ROW_4_Left_69, 5.52, 24.48, 1.8
PHY_EDGE_ROW_5_Left_70, 5.52, 24.48, 1.8
PHY_EDGE_ROW_4_Right_4, 194.12, 24.48, 1.8
PHY_EDGE_ROW_5_Right_5, 194.12, 24.48, 1.8
FILLER_0_4_401, 194.12, 24.48, 1.8
FILLER_0_5_51, 34.64, 24.48, 1.8
FILLER_0_6_77, 34.64, 24.48, 1.8
FILLER_0_5_105, 47.44, 24.48, 1.8
FILLER_0_4_133, 73.04, 24.48, 1.8
FILLER_0_5_161, 85.84, 24.48, 1.8
FILLER_0_4_189, 98.64, 24.48, 1.8
FILLER_0_5_217, 111.44, 24.48, 1.8
FILLER_0_4_245, 124.24, 24.48, 1.8
FILLER_0_5_273, 137.04, 24.48, 1.8
FILLER_0_4_301, 149.84, 24.48, 1.8
FILLER_0_5_329, 162.64, 24.48, 1.8
FILLER_0_5_385, 184.78, 24.48, 1.8
PHY_EDGE_ROW_2_Left_67, 5.52, 19.04, 1.8
PHY_EDGE_ROW_3_Left_68, 5.52, 19.04, 1.8
PHY_EDGE_ROW_2_Right_2, 194.12, 19.04, 1.8
PHY_EDGE_ROW_3_Right_3, 194.12, 19.04, 1.8
FILLER_0_2_401, 194.12, 19.04, 1.8
FILLER_0_3_51, 34.64, 19.04, 1.8
FILLER_0_4_77, 34.64, 19.04, 1.8
FILLER_0_3_105, 47.44, 19.04, 1.8
FILLER_0_2_133, 73.04, 19.04, 1.8
FILLER_0_3_161, 85.84, 19.04, 1.8
FILLER_0_2_189, 98.64, 19.04, 1.8
FILLER_0_3_217, 111.44, 19.04, 1.8
FILLER_0_2_245, 124.24, 19.04, 1.8
FILLER_0_3_273, 137.04, 19.04, 1.8
FILLER_0_2_301, 149.84, 19.04, 1.8
FILLER_0_3_329, 162.64, 19.04, 1.8
FILLER_0_3_385, 184.78, 19.04, 1.8
PHY_EDGE_ROW_0_Left_65, 5.52, 13.6, 1.8
PHY_EDGE_ROW_1_Left_66, 5.52, 13.6, 1.8
PHY_EDGE_ROW_0_Right_0, 194.12, 13.6, 1.8
PHY_EDGE_ROW_1_Right_1, 194.12, 13.6, 1.8
FILLER_0_0_53, 34.64, 13.6, 1.8
FILLER_0_1_51, 34.64, 13.6, 1.8
FILLER_0_2_77, 34.64, 13.6, 1.8
FILLER_0_0_81, 47.44, 13.6, 1.8
FILLER_0_1_105, 47.44, 13.6, 1.8
FILLER_0_0_109, 60.24, 13.6, 1.8
FILLER_0_0_137, 73.04, 13.6, 1.8
FILLER_0_0_165, 85.84, 13.6, 1.79999
FILLER_0_1_161, 85.84, 13.6, 1.79999
input1, 98.64, 13.6, 1.79999
FILLER_0_0_193, 98.64, 13.6, 1.79999
FILLER_0_0_219, 111.44, 13.6, 1.79999
FILLER_0_1_217, 111.44, 13.6, 1.79999
FILLER_0_0_249, 124.24, 13.6, 1.8
FILLER_0_0_277, 137.04, 13.6, 1.8
FILLER_0_1_273, 137.04, 13.6, 1.8
FILLER_0_0_305, 149.84, 13.6, 1.8
FILLER_0_0_333, 162.64, 13.6, 1.8
FILLER_0_1_329, 162.64, 13.6, 1.8
FILLER_0_0_389, 184.78, 13.6, 1.8
FILLER_0_1_385, 184.78, 13.6, 1.8

