Instance name, X location, Y location, Voltage
FILLER_0_64_53, 25.14, 184.96, 1.12752e-10
FILLER_0_63_51, 25.14, 179.52, 9.26737e-11
FILLER_0_61_51, 25.14, 174.08, 9.03211e-11
FILLER_0_59_51, 25.14, 168.64, 8.35056e-11
FILLER_0_57_51, 25.14, 163.2, 7.22291e-11
FILLER_0_55_51, 25.14, 157.76, 8.33843e-11
FILLER_0_53_51, 25.14, 152.32, 9.00788e-11
FILLER_0_51_51, 25.14, 146.88, 9.23106e-11
FILLER_0_49_51, 25.14, 141.44, 9.00788e-11
FILLER_0_47_51, 25.14, 136, 8.33843e-11
FILLER_0_45_51, 25.14, 130.56, 7.22291e-11
FILLER_0_43_51, 25.14, 125.12, 1.16958e-07
FILLER_0_41_51, 25.14, 119.68, 2.3384e-07
FILLER_0_39_51, 25.14, 114.24, 1.92223e-06
FILLER_0_37_51, 25.14, 108.8, 2.84307e-06
FILLER_0_35_51, 25.14, 103.36, 2.01326e-06
FILLER_0_33_51, 25.14, 97.92, 2.75696e-06
FILLER_0_31_51, 25.14, 92.48, 9.82748e-05
FILLER_0_29_51, 25.14, 87.04, 1.7684e-05
FILLER_0_27_51, 25.14, 81.6, 4.12079e-06
FILLER_0_25_51, 25.14, 76.16, 3.09016e-06
FILLER_0_23_51, 25.14, 70.72, 2.05992e-06
FILLER_0_21_51, 25.14, 65.28, 1.02993e-06
FILLER_0_19_51, 25.14, 59.84, 7.22291e-11
FILLER_0_17_51, 25.14, 54.4, 8.31052e-11
FILLER_0_15_51, 25.14, 48.96, 8.95207e-11
FILLER_0_13_51, 25.14, 43.52, 9.14736e-11
FILLER_0_11_51, 25.14, 38.08, 8.89632e-11
FILLER_0_9_51, 25.14, 32.64, 8.19905e-11
FILLER_0_7_51, 25.14, 27.2, 7.22291e-11
FILLER_0_5_51, 25.14, 21.76, 4.66614e-08
FILLER_0_3_51, 25.14, 16.32, 9.32461e-08
FILLER_0_0_53, 25.14, 10.88, 8.99088e-07
FILLER_0_1_51, 25.14, 10.88, 8.99088e-07
PHY_EDGE_ROW_63_Left_128, 5.52, 184.96, 1.45861e-10
PHY_EDGE_ROW_64_Left_129, 5.52, 184.96, 1.45861e-10
PHY_EDGE_ROW_63_Right_63, 194.12, 184.96, 1.64579e-10
PHY_EDGE_ROW_64_Right_64, 194.12, 184.96, 1.64579e-10
FILLER_0_64_81, 37.94, 184.96, 1.99567e-10
FILLER_0_64_109, 50.74, 184.96, 2.75582e-10
FILLER_0_64_137, 63.54, 184.96, 3.40797e-10
FILLER_0_64_165, 76.34, 184.96, 3.95211e-10
FILLER_0_64_193, 89.14, 184.96, 4.38826e-10
output2, 101.94, 184.96, 4.7164e-10
FILLER_0_64_209, 101.94, 184.96, 4.7164e-10
FILLER_0_64_219, 101.94, 184.96, 4.7164e-10
output3, 114.74, 184.96, 4.66739e-10
output4, 114.74, 184.96, 4.66739e-10
FILLER_0_64_249, 114.74, 184.96, 4.66739e-10
FILLER_0_64_277, 127.54, 184.96, 4.20121e-10
FILLER_0_64_305, 140.34, 184.96, 3.62703e-10
FILLER_0_64_333, 153.14, 184.96, 2.94485e-10
FILLER_0_64_361, 165.94, 184.96, 2.15467e-10
FILLER_0_63_385, 186.43, 184.96, 1.51602e-10
FILLER_0_64_389, 186.43, 184.96, 1.51602e-10
PHY_EDGE_ROW_61_Left_126, 5.52, 179.52, 1.25783e-10
PHY_EDGE_ROW_62_Left_127, 5.52, 179.52, 1.25783e-10
PHY_EDGE_ROW_61_Right_61, 194.12, 179.52, 1.40965e-10
PHY_EDGE_ROW_62_Right_62, 194.12, 179.52, 1.40965e-10
FILLER_0_62_77, 37.94, 179.52, 1.52855e-10
FILLER_0_63_105, 50.74, 179.52, 2.02236e-10
FILLER_0_62_133, 63.54, 179.52, 2.40816e-10
FILLER_0_63_161, 76.34, 179.52, 2.68597e-10
FILLER_0_62_189, 89.14, 179.52, 2.85577e-10
FILLER_0_63_217, 101.94, 179.52, 2.91757e-10
FILLER_0_62_245, 114.74, 179.52, 2.87137e-10
FILLER_0_63_273, 127.54, 179.52, 2.71717e-10
FILLER_0_62_301, 140.34, 179.52, 2.45496e-10
FILLER_0_63_329, 153.14, 179.52, 2.08476e-10
FILLER_0_62_357, 165.94, 179.52, 1.60655e-10
FILLER_0_61_385, 186.43, 179.52, 1.27988e-10
FILLER_0_62_401, 186.43, 179.52, 1.27988e-10
PHY_EDGE_ROW_59_Left_124, 5.52, 174.08, 1.2343e-10
PHY_EDGE_ROW_60_Left_125, 5.52, 174.08, 1.2343e-10
PHY_EDGE_ROW_59_Right_59, 194.12, 174.08, 1.38377e-10
PHY_EDGE_ROW_60_Right_60, 194.12, 174.08, 1.38377e-10
FILLER_0_60_77, 37.94, 174.08, 1.50483e-10
FILLER_0_61_105, 50.74, 174.08, 1.99844e-10
FILLER_0_60_133, 63.54, 174.08, 2.38405e-10
FILLER_0_61_161, 76.34, 174.08, 2.66166e-10
FILLER_0_60_189, 89.14, 174.08, 2.83126e-10
FILLER_0_61_217, 101.94, 174.08, 2.89287e-10
FILLER_0_60_245, 114.74, 174.08, 2.84647e-10
FILLER_0_61_273, 127.54, 174.08, 2.69207e-10
FILLER_0_60_301, 140.34, 174.08, 2.42967e-10
FILLER_0_61_329, 153.14, 174.08, 2.05927e-10
FILLER_0_60_357, 165.94, 174.08, 1.58086e-10
FILLER_0_59_385, 186.43, 174.08, 1.254e-10
FILLER_0_60_401, 186.43, 174.08, 1.254e-10
PHY_EDGE_ROW_57_Left_122, 5.52, 168.64, 1.16615e-10
PHY_EDGE_ROW_58_Left_123, 5.52, 168.64, 1.16615e-10
PHY_EDGE_ROW_57_Right_57, 194.12, 168.64, 1.30932e-10
PHY_EDGE_ROW_58_Right_58, 194.12, 168.64, 1.30932e-10
FILLER_0_58_77, 37.94, 168.64, 1.43615e-10
FILLER_0_59_105, 50.74, 168.64, 1.92923e-10
FILLER_0_58_133, 63.54, 168.64, 2.31432e-10
FILLER_0_59_161, 76.34, 168.64, 2.5914e-10
FILLER_0_58_189, 89.14, 168.64, 2.76048e-10
FILLER_0_59_217, 101.94, 168.64, 2.82156e-10
FILLER_0_58_245, 114.74, 168.64, 2.77464e-10
FILLER_0_59_273, 127.54, 168.64, 2.61972e-10
FILLER_0_58_301, 140.34, 168.64, 2.35679e-10
FILLER_0_59_329, 153.14, 168.64, 1.98587e-10
FILLER_0_58_357, 165.94, 168.64, 1.50694e-10
FILLER_0_57_385, 186.43, 168.64, 1.17955e-10
FILLER_0_58_401, 186.43, 168.64, 1.17955e-10
PHY_EDGE_ROW_55_Left_120, 5.52, 163.2, 1.05338e-10
PHY_EDGE_ROW_56_Left_121, 5.52, 163.2, 1.05338e-10
PHY_EDGE_ROW_55_Right_55, 194.12, 163.2, 1.18628e-10
PHY_EDGE_ROW_56_Right_56, 194.12, 163.2, 1.18628e-10
FILLER_0_56_77, 37.94, 163.2, 1.32252e-10
FILLER_0_57_105, 50.74, 163.2, 1.81476e-10
FILLER_0_56_133, 63.54, 163.2, 2.19899e-10
FILLER_0_57_161, 76.34, 163.2, 2.47521e-10
FILLER_0_56_189, 89.14, 163.2, 2.64344e-10
FILLER_0_57_217, 101.94, 163.2, 2.70366e-10
FILLER_0_56_245, 114.74, 163.2, 2.65589e-10
FILLER_0_57_273, 127.54, 163.2, 2.50011e-10
FILLER_0_56_301, 140.34, 163.2, 2.23632e-10
FILLER_0_57_329, 153.14, 163.2, 1.86454e-10
FILLER_0_56_357, 165.94, 163.2, 1.38476e-10
FILLER_0_55_385, 186.43, 163.2, 1.05651e-10
FILLER_0_56_401, 186.43, 163.2, 1.05651e-10
PHY_EDGE_ROW_53_Left_118, 5.52, 157.76, 1.16493e-10
PHY_EDGE_ROW_54_Left_119, 5.52, 157.76, 1.16493e-10
PHY_EDGE_ROW_53_Right_53, 194.12, 157.76, 1.30772e-10
PHY_EDGE_ROW_54_Right_54, 194.12, 157.76, 1.30772e-10
FILLER_0_54_77, 37.94, 157.76, 1.4349e-10
FILLER_0_55_105, 50.74, 157.76, 1.92796e-10
FILLER_0_54_133, 63.54, 157.76, 2.31301e-10
FILLER_0_55_161, 76.34, 157.76, 2.59006e-10
FILLER_0_54_189, 89.14, 157.76, 2.75911e-10
FILLER_0_55_217, 101.94, 157.76, 2.82016e-10
FILLER_0_54_245, 114.74, 157.76, 2.77321e-10
FILLER_0_55_273, 127.54, 157.76, 2.61825e-10
FILLER_0_54_301, 140.34, 157.76, 2.35529e-10
FILLER_0_55_329, 153.14, 157.76, 1.98433e-10
FILLER_0_54_357, 165.94, 157.76, 1.50537e-10
FILLER_0_53_385, 186.43, 157.76, 1.17795e-10
FILLER_0_54_401, 186.43, 157.76, 1.17795e-10
PHY_EDGE_ROW_51_Left_116, 5.52, 152.32, 1.23188e-10
PHY_EDGE_ROW_52_Left_117, 5.52, 152.32, 1.23188e-10
PHY_EDGE_ROW_51_Right_51, 194.12, 152.32, 1.38057e-10
PHY_EDGE_ROW_52_Right_52, 194.12, 152.32, 1.38057e-10
FILLER_0_52_77, 37.94, 152.32, 1.50234e-10
FILLER_0_53_105, 50.74, 152.32, 1.99589e-10
FILLER_0_52_133, 63.54, 152.32, 2.38143e-10
FILLER_0_53_161, 76.34, 152.32, 2.65898e-10
FILLER_0_52_189, 89.14, 152.32, 2.82852e-10
FILLER_0_53_217, 101.94, 152.32, 2.89006e-10
FILLER_0_52_245, 114.74, 152.32, 2.8436e-10
FILLER_0_53_273, 127.54, 152.32, 2.68913e-10
FILLER_0_52_301, 140.34, 152.32, 2.42667e-10
FILLER_0_53_329, 153.14, 152.32, 2.0562e-10
FILLER_0_52_357, 165.94, 152.32, 1.57773e-10
FILLER_0_51_385, 186.43, 152.32, 1.2508e-10
FILLER_0_52_401, 186.43, 152.32, 1.2508e-10
PHY_EDGE_ROW_49_Left_114, 5.52, 146.88, 1.2542e-10
PHY_EDGE_ROW_50_Left_115, 5.52, 146.88, 1.2542e-10
PHY_EDGE_ROW_49_Right_49, 194.12, 146.88, 1.40485e-10
PHY_EDGE_ROW_50_Right_50, 194.12, 146.88, 1.40485e-10
FILLER_0_50_77, 37.94, 146.88, 1.52482e-10
FILLER_0_51_105, 50.74, 146.88, 2.01853e-10
FILLER_0_50_133, 63.54, 146.88, 2.40424e-10
FILLER_0_51_161, 76.34, 146.88, 2.68195e-10
FILLER_0_50_189, 89.14, 146.88, 2.85165e-10
FILLER_0_51_217, 101.94, 146.88, 2.91336e-10
FILLER_0_50_245, 114.74, 146.88, 2.86706e-10
FILLER_0_51_273, 127.54, 146.88, 2.71276e-10
FILLER_0_50_301, 140.34, 146.88, 2.45046e-10
FILLER_0_51_329, 153.14, 146.88, 2.08015e-10
FILLER_0_50_357, 165.94, 146.88, 1.60185e-10
FILLER_0_49_385, 186.43, 146.88, 1.27508e-10
FILLER_0_50_401, 186.43, 146.88, 1.27508e-10
PHY_EDGE_ROW_47_Left_112, 5.52, 141.44, 1.23188e-10
PHY_EDGE_ROW_48_Left_113, 5.52, 141.44, 1.23188e-10
PHY_EDGE_ROW_47_Right_47, 194.12, 141.44, 1.38057e-10
PHY_EDGE_ROW_48_Right_48, 194.12, 141.44, 1.38057e-10
FILLER_0_48_77, 37.94, 141.44, 1.50234e-10
FILLER_0_49_105, 50.74, 141.44, 1.99589e-10
FILLER_0_48_133, 63.54, 141.44, 2.38143e-10
FILLER_0_49_161, 76.34, 141.44, 2.65898e-10
FILLER_0_48_189, 89.14, 141.44, 2.82852e-10
FILLER_0_49_217, 101.94, 141.44, 2.89006e-10
FILLER_0_48_245, 114.74, 141.44, 2.8436e-10
FILLER_0_49_273, 127.54, 141.44, 2.68913e-10
FILLER_0_48_301, 140.34, 141.44, 2.42667e-10
FILLER_0_49_329, 153.14, 141.44, 2.0562e-10
FILLER_0_48_357, 165.94, 141.44, 1.57773e-10
FILLER_0_47_385, 186.43, 141.44, 1.2508e-10
FILLER_0_48_401, 186.43, 141.44, 1.2508e-10
PHY_EDGE_ROW_45_Left_110, 5.52, 136, 1.16493e-10
PHY_EDGE_ROW_46_Left_111, 5.52, 136, 1.16493e-10
PHY_EDGE_ROW_45_Right_45, 194.12, 136, 1.30772e-10
PHY_EDGE_ROW_46_Right_46, 194.12, 136, 1.30772e-10
FILLER_0_46_77, 37.94, 136, 1.4349e-10
FILLER_0_47_105, 50.74, 136, 1.92796e-10
FILLER_0_46_133, 63.54, 136, 2.31301e-10
FILLER_0_47_161, 76.34, 136, 2.59006e-10
FILLER_0_46_189, 89.14, 136, 2.75911e-10
FILLER_0_47_217, 101.94, 136, 2.82016e-10
FILLER_0_46_245, 114.74, 136, 2.77321e-10
FILLER_0_47_273, 127.54, 136, 2.61825e-10
FILLER_0_46_301, 140.34, 136, 2.35529e-10
FILLER_0_47_329, 153.14, 136, 1.98433e-10
FILLER_0_46_357, 165.94, 136, 1.50537e-10
FILLER_0_45_385, 186.43, 136, 1.17795e-10
FILLER_0_46_401, 186.43, 136, 1.17795e-10
PHY_EDGE_ROW_43_Left_108, 5.52, 130.56, 1.05338e-10
PHY_EDGE_ROW_44_Left_109, 5.52, 130.56, 1.05338e-10
PHY_EDGE_ROW_43_Right_43, 194.12, 130.56, 1.18628e-10
PHY_EDGE_ROW_44_Right_44, 194.12, 130.56, 1.18628e-10
FILLER_0_44_77, 37.94, 130.56, 1.32252e-10
FILLER_0_45_105, 50.74, 130.56, 1.81476e-10
FILLER_0_44_133, 63.54, 130.56, 2.19899e-10
FILLER_0_45_161, 76.34, 130.56, 2.47521e-10
FILLER_0_44_189, 89.14, 130.56, 2.64344e-10
FILLER_0_45_217, 101.94, 130.56, 2.70366e-10
FILLER_0_44_245, 114.74, 130.56, 2.65589e-10
FILLER_0_45_273, 127.54, 130.56, 2.50011e-10
FILLER_0_44_301, 140.34, 130.56, 2.23632e-10
FILLER_0_45_329, 153.14, 130.56, 1.86454e-10
FILLER_0_44_357, 165.94, 130.56, 1.38476e-10
FILLER_0_43_385, 186.43, 130.56, 1.05651e-10
FILLER_0_44_401, 186.43, 130.56, 1.05651e-10
PHY_EDGE_ROW_41_Left_106, 5.52, 125.12, 1.16992e-07
PHY_EDGE_ROW_42_Left_107, 5.52, 125.12, 1.16992e-07
PHY_EDGE_ROW_41_Right_41, 194.12, 125.12, 1.17006e-07
PHY_EDGE_ROW_42_Right_42, 194.12, 125.12, 1.17006e-07
FILLER_0_42_77, 37.94, 125.12, 1.17019e-07
FILLER_0_43_105, 50.74, 125.12, 1.17068e-07
FILLER_0_42_133, 63.54, 125.12, 1.17106e-07
FILLER_0_43_161, 76.34, 125.12, 1.17134e-07
FILLER_0_42_189, 89.14, 125.12, 1.17151e-07
FILLER_0_43_217, 101.94, 125.12, 1.17157e-07
FILLER_0_42_245, 114.74, 125.12, 1.17152e-07
FILLER_0_43_273, 127.54, 125.12, 1.17137e-07
FILLER_0_42_301, 140.34, 125.12, 1.17111e-07
FILLER_0_43_329, 153.14, 125.12, 1.17074e-07
FILLER_0_42_357, 165.94, 125.12, 1.17026e-07
FILLER_0_41_385, 186.43, 125.12, 1.16993e-07
FILLER_0_42_401, 186.43, 125.12, 1.16993e-07
PHY_EDGE_ROW_39_Left_104, 5.52, 119.68, 2.33873e-07
PHY_EDGE_ROW_40_Left_105, 5.52, 119.68, 2.33873e-07
PHY_EDGE_ROW_39_Right_39, 194.12, 119.68, 2.33888e-07
PHY_EDGE_ROW_40_Right_40, 194.12, 119.68, 2.33888e-07
FILLER_0_40_77, 37.94, 119.68, 2.339e-07
FILLER_0_41_105, 50.74, 119.68, 2.3395e-07
FILLER_0_40_133, 63.54, 119.68, 2.33988e-07
FILLER_0_41_161, 76.34, 119.68, 2.34016e-07
FILLER_0_40_189, 89.14, 119.68, 2.34033e-07
FILLER_0_41_217, 101.94, 119.68, 2.34039e-07
FILLER_0_40_245, 114.74, 119.68, 2.34035e-07
FILLER_0_41_273, 127.54, 119.68, 2.34019e-07
FILLER_0_40_301, 140.34, 119.68, 2.33993e-07
FILLER_0_41_329, 153.14, 119.68, 2.33956e-07
FILLER_0_40_357, 165.94, 119.68, 2.33908e-07
FILLER_0_39_385, 186.43, 119.68, 2.33875e-07
FILLER_0_40_401, 186.43, 119.68, 2.33875e-07
PHY_EDGE_ROW_37_Left_102, 5.52, 114.24, 1.92226e-06
PHY_EDGE_ROW_38_Left_103, 5.52, 114.24, 1.92226e-06
PHY_EDGE_ROW_37_Right_37, 194.12, 114.24, 1.92227e-06
PHY_EDGE_ROW_38_Right_38, 194.12, 114.24, 1.92227e-06
FILLER_0_38_77, 37.94, 114.24, 3.93317e-06
FILLER_0_39_105, 50.74, 114.24, 5.94411e-06
FILLER_0_38_133, 63.54, 114.24, 7.95503e-06
FILLER_0_39_161, 76.34, 114.24, 9.96595e-06
FILLER_0_38_189, 89.14, 114.24, 1.19769e-05
_36_, 101.94, 114.24, 1.39877e-05
FILLER_0_37_205, 101.94, 114.24, 1.39877e-05
FILLER_0_39_217, 101.94, 114.24, 1.39877e-05
FILLER_0_38_245, 114.74, 114.24, 1.19769e-05
FILLER_0_39_273, 127.54, 114.24, 9.96595e-06
FILLER_0_38_301, 140.34, 114.24, 7.95504e-06
FILLER_0_39_329, 153.14, 114.24, 5.94411e-06
FILLER_0_38_357, 165.94, 114.24, 3.93318e-06
FILLER_0_37_385, 186.43, 114.24, 1.92226e-06
FILLER_0_38_401, 186.43, 114.24, 1.92226e-06
PHY_EDGE_ROW_35_Left_100, 5.52, 108.8, 2.8431e-06
PHY_EDGE_ROW_36_Left_101, 5.52, 108.8, 2.8431e-06
PHY_EDGE_ROW_35_Right_35, 194.12, 108.8, 2.84312e-06
PHY_EDGE_ROW_36_Right_36, 194.12, 108.8, 2.84312e-06
FILLER_0_36_77, 37.94, 108.8, 6.00613e-06
FILLER_0_37_105, 50.74, 108.8, 9.16917e-06
FILLER_0_36_133, 63.54, 108.8, 1.23322e-05
FILLER_0_37_161, 76.34, 108.8, 1.54952e-05
FILLER_0_36_189, 89.14, 108.8, 1.86582e-05
_18_, 101.94, 108.8, 2.18212e-05
_25_, 101.94, 108.8, 2.18212e-05
_37_, 101.94, 108.8, 2.18212e-05
_38_, 101.94, 108.8, 2.18212e-05
FILLER_0_35_201, 101.94, 108.8, 2.18212e-05
FILLER_0_36_197, 101.94, 108.8, 2.18212e-05
FILLER_0_36_205, 101.94, 108.8, 2.18212e-05
FILLER_0_37_221, 101.94, 108.8, 2.18212e-05
FILLER_0_36_247, 114.74, 108.8, 1.86582e-05
FILLER_0_37_273, 127.54, 108.8, 1.54952e-05
FILLER_0_36_301, 140.34, 108.8, 1.23322e-05
FILLER_0_37_329, 153.14, 108.8, 9.16918e-06
FILLER_0_36_357, 165.94, 108.8, 6.00613e-06
FILLER_0_35_385, 186.43, 108.8, 2.84311e-06
FILLER_0_36_401, 186.43, 108.8, 2.84311e-06
PHY_EDGE_ROW_33_Left_98, 5.52, 103.36, 2.01329e-06
PHY_EDGE_ROW_34_Left_99, 5.52, 103.36, 2.01329e-06
PHY_EDGE_ROW_33_Right_33, 194.12, 103.36, 2.01331e-06
PHY_EDGE_ROW_34_Right_34, 194.12, 103.36, 2.01331e-06
FILLER_0_34_77, 37.94, 103.36, 4.28234e-06
FILLER_0_35_105, 50.74, 103.36, 6.55141e-06
FILLER_0_34_133, 63.54, 103.36, 8.82046e-06
FILLER_0_35_161, 76.34, 103.36, 1.10895e-05
FILLER_0_34_189, 89.14, 103.36, 1.33585e-05
FILLER_0_35_193, 89.14, 103.36, 1.33585e-05
_17_, 101.94, 103.36, 1.56276e-05
_19_, 101.94, 103.36, 1.56276e-05
_20_, 101.94, 103.36, 1.56276e-05
_23_, 101.94, 103.36, 1.56276e-05
_24_, 101.94, 103.36, 1.56276e-05
FILLER_0_35_219, 101.94, 103.36, 1.56276e-05
FILLER_0_34_244, 114.74, 103.36, 1.33585e-05
FILLER_0_35_273, 127.54, 103.36, 1.10895e-05
FILLER_0_34_301, 140.34, 103.36, 8.82046e-06
FILLER_0_35_329, 153.14, 103.36, 6.55141e-06
FILLER_0_34_357, 165.94, 103.36, 4.28234e-06
FILLER_0_33_385, 186.43, 103.36, 2.01329e-06
FILLER_0_34_401, 186.43, 103.36, 2.01329e-06
PHY_EDGE_ROW_31_Left_96, 5.52, 97.92, 2.75699e-06
PHY_EDGE_ROW_32_Left_97, 5.52, 97.92, 2.75699e-06
PHY_EDGE_ROW_31_Right_31, 194.12, 97.92, 2.757e-06
PHY_EDGE_ROW_32_Right_32, 194.12, 97.92, 2.757e-06
FILLER_0_32_77, 37.94, 97.92, 6.28471e-06
FILLER_0_33_105, 50.74, 97.92, 9.81245e-06
FILLER_0_32_133, 63.54, 97.92, 1.33402e-05
FILLER_0_33_161, 76.34, 97.92, 1.68679e-05
FILLER_0_31_181, 89.14, 97.92, 2.03956e-05
FILLER_0_32_189, 89.14, 97.92, 2.03956e-05
FILLER_0_33_193, 89.14, 97.92, 2.03956e-05
_21_, 101.94, 97.92, 2.39233e-05
_22_, 101.94, 97.92, 2.39233e-05
_28_, 101.94, 97.92, 2.39233e-05
_39_, 101.94, 97.92, 2.39233e-05
_40_, 101.94, 97.92, 2.39233e-05
FILLER_0_31_200, 101.94, 97.92, 2.39233e-05
FILLER_0_32_249, 114.74, 97.92, 2.03956e-05
FILLER_0_33_273, 127.54, 97.92, 1.68679e-05
FILLER_0_32_301, 140.34, 97.92, 1.33402e-05
FILLER_0_33_329, 153.14, 97.92, 9.81244e-06
FILLER_0_32_357, 165.94, 97.92, 6.28471e-06
FILLER_0_31_385, 186.43, 97.92, 2.75699e-06
FILLER_0_32_401, 186.43, 97.92, 2.75699e-06
PHY_EDGE_ROW_29_Left_94, 5.52, 92.48, 9.82749e-05
PHY_EDGE_ROW_30_Left_95, 5.52, 92.48, 9.82749e-05
PHY_EDGE_ROW_29_Right_29, 194.12, 92.48, 9.65769e-05
PHY_EDGE_ROW_30_Right_30, 194.12, 92.48, 9.65769e-05
FILLER_0_30_77, 37.94, 92.48, 0.000217078
FILLER_0_31_105, 50.74, 92.48, 0.000335882
FILLER_0_30_133, 63.54, 92.48, 0.000454686
FILLER_0_30_165, 76.34, 92.48, 0.000573489
FILLER_0_31_161, 76.34, 92.48, 0.000573489
_32_, 89.14, 92.48, 0.000692293
_33_, 89.14, 92.48, 0.000692293
_42_, 89.14, 92.48, 0.000692293
clkbuf_1_0__f_clk, 89.14, 92.48, 0.000692293
FILLER_0_29_169, 89.14, 92.48, 0.000692293
FILLER_0_29_177, 89.14, 92.48, 0.000692293
FILLER_0_30_193, 89.14, 92.48, 0.000692293
_26_, 101.94, 92.48, 0.000734671
_29_, 101.94, 92.48, 0.000734671
_30_, 101.94, 92.48, 0.000734671
_31_, 101.94, 92.48, 0.000734671
_34_, 101.94, 92.48, 0.000734671
clkbuf_0_clk, 101.94, 92.48, 0.000734671
hold1, 101.94, 92.48, 0.000734671
FILLER_0_30_223, 101.94, 92.48, 0.000734671
FILLER_0_31_210, 101.94, 92.48, 0.000734671
_27_, 114.74, 92.48, 0.000680713
clkbuf_1_1__f_clk, 114.74, 92.48, 0.000680713
FILLER_0_30_229, 114.74, 92.48, 0.000680713
FILLER_0_31_273, 127.54, 92.48, 0.000563886
FILLER_0_30_301, 140.34, 92.48, 0.000447059
FILLER_0_31_329, 153.14, 92.48, 0.000330232
FILLER_0_30_357, 165.94, 92.48, 0.000213404
FILLER_0_29_385, 186.43, 92.48, 9.65769e-05
FILLER_0_30_401, 186.43, 92.48, 9.65769e-05
PHY_EDGE_ROW_27_Left_92, 5.52, 87.04, 1.7684e-05
PHY_EDGE_ROW_28_Left_93, 5.52, 87.04, 1.7684e-05
PHY_EDGE_ROW_27_Right_27, 194.12, 87.04, 1.57941e-05
PHY_EDGE_ROW_28_Right_28, 194.12, 87.04, 1.57941e-05
FILLER_0_28_77, 37.94, 87.04, 3.37043e-05
FILLER_0_29_105, 50.74, 87.04, 4.97246e-05
FILLER_0_28_133, 63.54, 87.04, 6.57449e-05
FILLER_0_29_161, 76.34, 87.04, 8.17651e-05
_41_, 89.14, 87.04, 9.77854e-05
FILLER_0_28_177, 89.14, 87.04, 9.77854e-05
_35_, 101.94, 87.04, 9.90347e-05
FILLER_0_28_197, 101.94, 87.04, 9.90347e-05
FILLER_0_28_247, 114.74, 87.04, 8.51613e-05
FILLER_0_29_273, 127.54, 87.04, 7.12879e-05
FILLER_0_28_301, 140.34, 87.04, 5.74145e-05
FILLER_0_29_329, 153.14, 87.04, 4.3541e-05
FILLER_0_28_357, 165.94, 87.04, 2.96675e-05
FILLER_0_27_385, 186.43, 87.04, 1.57941e-05
FILLER_0_28_401, 186.43, 87.04, 1.57941e-05
PHY_EDGE_ROW_25_Left_90, 5.52, 81.6, 4.12082e-06
PHY_EDGE_ROW_26_Left_91, 5.52, 81.6, 4.12082e-06
PHY_EDGE_ROW_25_Right_25, 194.12, 81.6, 3.97223e-06
PHY_EDGE_ROW_26_Right_26, 194.12, 81.6, 3.97223e-06
FILLER_0_26_77, 37.94, 81.6, 4.10846e-06
FILLER_0_27_105, 50.74, 81.6, 4.09613e-06
FILLER_0_26_133, 63.54, 81.6, 4.08378e-06
FILLER_0_27_161, 76.34, 81.6, 4.07143e-06
FILLER_0_26_189, 89.14, 81.6, 4.05906e-06
FILLER_0_27_217, 101.94, 81.6, 4.04668e-06
FILLER_0_26_245, 114.74, 81.6, 4.03429e-06
FILLER_0_27_273, 127.54, 81.6, 4.0219e-06
FILLER_0_26_301, 140.34, 81.6, 4.00948e-06
FILLER_0_27_329, 153.14, 81.6, 3.99706e-06
FILLER_0_26_357, 165.94, 81.6, 3.98463e-06
FILLER_0_25_385, 186.43, 81.6, 3.97222e-06
FILLER_0_26_401, 186.43, 81.6, 3.97222e-06
PHY_EDGE_ROW_23_Left_88, 5.52, 76.16, 3.09019e-06
PHY_EDGE_ROW_24_Left_89, 5.52, 76.16, 3.09019e-06
PHY_EDGE_ROW_23_Right_23, 194.12, 76.16, 2.97966e-06
PHY_EDGE_ROW_24_Right_24, 194.12, 76.16, 2.97966e-06
FILLER_0_24_77, 37.94, 76.16, 3.08101e-06
FILLER_0_25_105, 50.74, 76.16, 3.07185e-06
FILLER_0_24_133, 63.54, 76.16, 3.06267e-06
FILLER_0_25_161, 76.34, 76.16, 3.05349e-06
FILLER_0_24_189, 89.14, 76.16, 3.04429e-06
FILLER_0_25_217, 101.94, 76.16, 3.03509e-06
FILLER_0_24_245, 114.74, 76.16, 3.02587e-06
FILLER_0_25_273, 127.54, 76.16, 3.01664e-06
FILLER_0_24_301, 140.34, 76.16, 3.0074e-06
FILLER_0_25_329, 153.14, 76.16, 2.99815e-06
FILLER_0_24_357, 165.94, 76.16, 2.98889e-06
FILLER_0_23_385, 186.43, 76.16, 2.97965e-06
FILLER_0_24_401, 186.43, 76.16, 2.97965e-06
PHY_EDGE_ROW_21_Left_86, 5.52, 70.72, 2.05995e-06
PHY_EDGE_ROW_22_Left_87, 5.52, 70.72, 2.05995e-06
PHY_EDGE_ROW_21_Right_21, 194.12, 70.72, 1.9867e-06
PHY_EDGE_ROW_22_Right_22, 194.12, 70.72, 1.9867e-06
FILLER_0_22_77, 37.94, 70.72, 2.05387e-06
FILLER_0_23_105, 50.74, 70.72, 2.04782e-06
FILLER_0_22_133, 63.54, 70.72, 2.04175e-06
FILLER_0_23_161, 76.34, 70.72, 2.03567e-06
FILLER_0_22_189, 89.14, 70.72, 2.02959e-06
FILLER_0_23_217, 101.94, 70.72, 2.02349e-06
FILLER_0_22_245, 114.74, 70.72, 2.01738e-06
FILLER_0_23_273, 127.54, 70.72, 2.01125e-06
FILLER_0_22_301, 140.34, 70.72, 2.00512e-06
FILLER_0_23_329, 153.14, 70.72, 1.99898e-06
FILLER_0_22_357, 165.94, 70.72, 1.99283e-06
FILLER_0_21_385, 186.43, 70.72, 1.98669e-06
FILLER_0_22_401, 186.43, 70.72, 1.98669e-06
PHY_EDGE_ROW_19_Left_84, 5.52, 65.28, 1.02997e-06
PHY_EDGE_ROW_20_Left_85, 5.52, 65.28, 1.02997e-06
PHY_EDGE_ROW_19_Right_19, 194.12, 65.28, 9.93477e-07
PHY_EDGE_ROW_20_Right_20, 194.12, 65.28, 9.93477e-07
FILLER_0_20_77, 37.94, 65.28, 1.02695e-06
FILLER_0_21_105, 50.74, 65.28, 1.02396e-06
FILLER_0_20_133, 63.54, 65.28, 1.02096e-06
FILLER_0_21_161, 76.34, 65.28, 1.01794e-06
FILLER_0_20_189, 89.14, 65.28, 1.01492e-06
FILLER_0_21_217, 101.94, 65.28, 1.01188e-06
FILLER_0_20_245, 114.74, 65.28, 1.00883e-06
FILLER_0_21_273, 127.54, 65.28, 1.00578e-06
FILLER_0_20_301, 140.34, 65.28, 1.00271e-06
FILLER_0_21_329, 153.14, 65.28, 9.99629e-07
FILLER_0_20_357, 165.94, 65.28, 9.96539e-07
FILLER_0_19_385, 186.43, 65.28, 9.93464e-07
FILLER_0_20_401, 186.43, 65.28, 9.93464e-07
PHY_EDGE_ROW_17_Left_82, 5.52, 59.84, 1.05338e-10
PHY_EDGE_ROW_18_Left_83, 5.52, 59.84, 1.05338e-10
PHY_EDGE_ROW_17_Right_17, 194.12, 59.84, 1.18628e-10
PHY_EDGE_ROW_18_Right_18, 194.12, 59.84, 1.18628e-10
FILLER_0_18_77, 37.94, 59.84, 1.32252e-10
FILLER_0_19_105, 50.74, 59.84, 1.81476e-10
FILLER_0_18_133, 63.54, 59.84, 2.19899e-10
FILLER_0_19_161, 76.34, 59.84, 2.47521e-10
FILLER_0_18_189, 89.14, 59.84, 2.64344e-10
FILLER_0_19_217, 101.94, 59.84, 2.70366e-10
FILLER_0_18_245, 114.74, 59.84, 2.65589e-10
FILLER_0_19_273, 127.54, 59.84, 2.50011e-10
FILLER_0_18_301, 140.34, 59.84, 2.23632e-10
FILLER_0_19_329, 153.14, 59.84, 1.86454e-10
FILLER_0_18_357, 165.94, 59.84, 1.38476e-10
FILLER_0_17_385, 186.43, 59.84, 1.05651e-10
FILLER_0_18_401, 186.43, 59.84, 1.05651e-10
PHY_EDGE_ROW_15_Left_80, 5.52, 54.4, 1.16214e-10
PHY_EDGE_ROW_16_Left_81, 5.52, 54.4, 1.16214e-10
PHY_EDGE_ROW_15_Right_15, 194.12, 54.4, 1.30469e-10
PHY_EDGE_ROW_16_Right_16, 194.12, 54.4, 1.30469e-10
FILLER_0_16_77, 37.94, 54.4, 1.43209e-10
FILLER_0_17_105, 50.74, 54.4, 1.92513e-10
FILLER_0_16_133, 63.54, 54.4, 2.31016e-10
FILLER_0_17_161, 76.34, 54.4, 2.58719e-10
FILLER_0_16_189, 89.14, 54.4, 2.75622e-10
FILLER_0_17_217, 101.94, 54.4, 2.81725e-10
FILLER_0_16_245, 114.74, 54.4, 2.77028e-10
FILLER_0_17_273, 127.54, 54.4, 2.6153e-10
FILLER_0_16_301, 140.34, 54.4, 2.35232e-10
FILLER_0_17_329, 153.14, 54.4, 1.98134e-10
FILLER_0_16_357, 165.94, 54.4, 1.50236e-10
FILLER_0_15_385, 186.43, 54.4, 1.17492e-10
FILLER_0_16_401, 186.43, 54.4, 1.17492e-10
PHY_EDGE_ROW_13_Left_78, 5.52, 48.96, 1.2263e-10
PHY_EDGE_ROW_14_Left_79, 5.52, 48.96, 1.2263e-10
PHY_EDGE_ROW_13_Right_13, 194.12, 48.96, 1.37451e-10
PHY_EDGE_ROW_14_Right_14, 194.12, 48.96, 1.37451e-10
FILLER_0_14_77, 37.94, 48.96, 1.49672e-10
FILLER_0_15_105, 50.74, 48.96, 1.99022e-10
FILLER_0_14_133, 63.54, 48.96, 2.37573e-10
FILLER_0_15_161, 76.34, 48.96, 2.65323e-10
FILLER_0_14_189, 89.14, 48.96, 2.82274e-10
FILLER_0_15_217, 101.94, 48.96, 2.88424e-10
FILLER_0_14_245, 114.74, 48.96, 2.83774e-10
FILLER_0_15_273, 127.54, 48.96, 2.68323e-10
FILLER_0_14_301, 140.34, 48.96, 2.42073e-10
FILLER_0_15_329, 153.14, 48.96, 2.05022e-10
FILLER_0_14_357, 165.94, 48.96, 1.57171e-10
FILLER_0_13_385, 186.43, 48.96, 1.24474e-10
FILLER_0_14_401, 186.43, 48.96, 1.24474e-10
PHY_EDGE_ROW_11_Left_76, 5.52, 43.52, 1.24583e-10
PHY_EDGE_ROW_12_Left_77, 5.52, 43.52, 1.24583e-10
PHY_EDGE_ROW_11_Right_11, 194.12, 43.52, 1.39576e-10
PHY_EDGE_ROW_12_Right_12, 194.12, 43.52, 1.39576e-10
FILLER_0_12_77, 37.94, 43.52, 1.51639e-10
FILLER_0_13_105, 50.74, 43.52, 2.01004e-10
FILLER_0_12_133, 63.54, 43.52, 2.39569e-10
FILLER_0_13_161, 76.34, 43.52, 2.67334e-10
FILLER_0_12_189, 89.14, 43.52, 2.84298e-10
FILLER_0_13_217, 101.94, 43.52, 2.90463e-10
FILLER_0_12_245, 114.74, 43.52, 2.85827e-10
FILLER_0_13_273, 127.54, 43.52, 2.70391e-10
FILLER_0_12_301, 140.34, 43.52, 2.44155e-10
FILLER_0_13_329, 153.14, 43.52, 2.07118e-10
FILLER_0_12_357, 165.94, 43.52, 1.59282e-10
FILLER_0_11_385, 186.43, 43.52, 1.26599e-10
FILLER_0_12_401, 186.43, 43.52, 1.26599e-10
PHY_EDGE_ROW_9_Left_74, 5.52, 38.08, 1.22072e-10
PHY_EDGE_ROW_10_Left_75, 5.52, 38.08, 1.22072e-10
PHY_EDGE_ROW_9_Right_9, 194.12, 38.08, 1.36845e-10
PHY_EDGE_ROW_10_Right_10, 194.12, 38.08, 1.36845e-10
FILLER_0_10_77, 37.94, 38.08, 1.4911e-10
FILLER_0_11_105, 50.74, 38.08, 1.98457e-10
FILLER_0_10_133, 63.54, 38.08, 2.37003e-10
FILLER_0_11_161, 76.34, 38.08, 2.6475e-10
FILLER_0_10_189, 89.14, 38.08, 2.81696e-10
FILLER_0_11_217, 101.94, 38.08, 2.87842e-10
FILLER_0_10_245, 114.74, 38.08, 2.83188e-10
FILLER_0_11_273, 127.54, 38.08, 2.67733e-10
FILLER_0_10_301, 140.34, 38.08, 2.41479e-10
FILLER_0_11_329, 153.14, 38.08, 2.04424e-10
FILLER_0_10_357, 165.94, 38.08, 1.56569e-10
FILLER_0_9_385, 186.43, 38.08, 1.23868e-10
FILLER_0_10_401, 186.43, 38.08, 1.23868e-10
PHY_EDGE_ROW_7_Left_72, 5.52, 32.64, 1.151e-10
PHY_EDGE_ROW_8_Left_73, 5.52, 32.64, 1.151e-10
PHY_EDGE_ROW_7_Right_7, 194.12, 32.64, 1.29256e-10
PHY_EDGE_ROW_8_Right_8, 194.12, 32.64, 1.29256e-10
FILLER_0_8_77, 37.94, 32.64, 1.42086e-10
FILLER_0_9_105, 50.74, 32.64, 1.91381e-10
FILLER_0_8_133, 63.54, 32.64, 2.29877e-10
FILLER_0_9_161, 76.34, 32.64, 2.57572e-10
FILLER_0_8_189, 89.14, 32.64, 2.74466e-10
FILLER_0_9_217, 101.94, 32.64, 2.80561e-10
FILLER_0_8_245, 114.74, 32.64, 2.75855e-10
FILLER_0_9_273, 127.54, 32.64, 2.6035e-10
FILLER_0_8_301, 140.34, 32.64, 2.34044e-10
FILLER_0_9_329, 153.14, 32.64, 1.96938e-10
FILLER_0_8_357, 165.94, 32.64, 1.49031e-10
FILLER_0_7_385, 186.43, 32.64, 1.16279e-10
FILLER_0_8_401, 186.43, 32.64, 1.16279e-10
PHY_EDGE_ROW_5_Left_70, 5.52, 27.2, 1.05338e-10
PHY_EDGE_ROW_6_Left_71, 5.52, 27.2, 1.05338e-10
PHY_EDGE_ROW_5_Right_5, 194.12, 27.2, 1.18628e-10
PHY_EDGE_ROW_6_Right_6, 194.12, 27.2, 1.18628e-10
FILLER_0_6_77, 37.94, 27.2, 1.32252e-10
FILLER_0_7_105, 50.74, 27.2, 1.81476e-10
FILLER_0_6_133, 63.54, 27.2, 2.19899e-10
FILLER_0_7_161, 76.34, 27.2, 2.47521e-10
FILLER_0_6_189, 89.14, 27.2, 2.64344e-10
FILLER_0_7_217, 101.94, 27.2, 2.70366e-10
FILLER_0_6_245, 114.74, 27.2, 2.65589e-10
FILLER_0_7_273, 127.54, 27.2, 2.50011e-10
FILLER_0_6_301, 140.34, 27.2, 2.23632e-10
FILLER_0_7_329, 153.14, 27.2, 1.86454e-10
FILLER_0_6_357, 165.94, 27.2, 1.38476e-10
FILLER_0_5_385, 186.43, 27.2, 1.05651e-10
FILLER_0_6_401, 186.43, 27.2, 1.05651e-10
PHY_EDGE_ROW_3_Left_68, 5.52, 21.76, 4.66945e-08
PHY_EDGE_ROW_4_Left_69, 5.52, 21.76, 4.66945e-08
PHY_EDGE_ROW_3_Right_3, 194.12, 21.76, 4.67082e-08
PHY_EDGE_ROW_4_Right_4, 194.12, 21.76, 4.67082e-08
FILLER_0_4_77, 37.94, 21.76, 4.67214e-08
FILLER_0_5_105, 50.74, 21.76, 4.67707e-08
FILLER_0_4_133, 63.54, 21.76, 4.68091e-08
FILLER_0_5_161, 76.34, 21.76, 4.68368e-08
FILLER_0_4_189, 89.14, 21.76, 4.68537e-08
FILLER_0_5_217, 101.94, 21.76, 4.68597e-08
FILLER_0_4_245, 114.74, 21.76, 4.6855e-08
FILLER_0_5_273, 127.54, 21.76, 4.68394e-08
FILLER_0_4_301, 140.34, 21.76, 4.68131e-08
FILLER_0_5_329, 153.14, 21.76, 4.67759e-08
FILLER_0_4_357, 165.94, 21.76, 4.6728e-08
FILLER_0_3_385, 186.43, 21.76, 4.66952e-08
FILLER_0_4_401, 186.43, 21.76, 4.66952e-08
PHY_EDGE_ROW_1_Left_66, 5.52, 16.32, 9.32792e-08
PHY_EDGE_ROW_2_Left_67, 5.52, 16.32, 9.32792e-08
PHY_EDGE_ROW_1_Right_1, 194.12, 16.32, 9.32929e-08
PHY_EDGE_ROW_2_Right_2, 194.12, 16.32, 9.32929e-08
FILLER_0_2_77, 37.94, 16.32, 9.33061e-08
FILLER_0_3_105, 50.74, 16.32, 9.33554e-08
FILLER_0_2_133, 63.54, 16.32, 9.33938e-08
FILLER_0_3_161, 76.34, 16.32, 9.34215e-08
FILLER_0_2_189, 89.14, 16.32, 9.34384e-08
FILLER_0_3_217, 101.94, 16.32, 9.34444e-08
FILLER_0_2_245, 114.74, 16.32, 9.34397e-08
FILLER_0_3_273, 127.54, 16.32, 9.34241e-08
FILLER_0_2_301, 140.34, 16.32, 9.33978e-08
FILLER_0_3_329, 153.14, 16.32, 9.33606e-08
FILLER_0_2_357, 165.94, 16.32, 9.33127e-08
FILLER_0_1_385, 186.43, 16.32, 9.32799e-08
FILLER_0_2_401, 186.43, 16.32, 9.32799e-08
PHY_EDGE_ROW_0_Left_65, 5.52, 10.88, 8.99105e-07
PHY_EDGE_ROW_0_Right_0, 194.12, 10.88, 8.991e-07
FILLER_0_0_81, 37.94, 10.88, 1.87069e-06
FILLER_0_0_109, 50.74, 10.88, 2.84229e-06
FILLER_0_1_105, 50.74, 10.88, 2.84229e-06
FILLER_0_0_137, 63.54, 10.88, 3.81386e-06
FILLER_0_0_165, 76.34, 10.88, 4.78542e-06
FILLER_0_1_161, 76.34, 10.88, 4.78542e-06
FILLER_0_0_193, 89.14, 10.88, 5.75696e-06
input1, 101.94, 10.88, 6.72849e-06
FILLER_0_0_219, 101.94, 10.88, 6.72849e-06
FILLER_0_1_217, 101.94, 10.88, 6.72849e-06
FILLER_0_0_249, 114.74, 10.88, 5.75696e-06
FILLER_0_0_277, 127.54, 10.88, 4.78542e-06
FILLER_0_1_273, 127.54, 10.88, 4.78542e-06
FILLER_0_0_305, 140.34, 10.88, 3.81385e-06
FILLER_0_0_333, 153.14, 10.88, 2.84228e-06
FILLER_0_1_329, 153.14, 10.88, 2.84228e-06
FILLER_0_0_361, 165.94, 10.88, 1.87069e-06
FILLER_0_0_389, 186.43, 10.88, 8.99094e-07

