OpenROAD 75f2f325b7a42e56a92404f33af8e96530d9b202 
This program is licensed under the BSD-3 license. See the LICENSE file for details.
Components of this program may be licensed under more restrictive licenses which must be honored.
[INFO]: Reading ODB at '/openlane/designs/traffic_light/runs/first_run/tmp/placement/7-global_skip_io.odb'…
define_corners Typical
read_liberty -corner Typical /home/wamiqkhan/.volare/sky130A/libs.ref/sky130_fd_sc_hd/lib/sky130_fd_sc_hd__tt_025C_1v80.lib
Using 1e-12 for capacitance...
Using 1e+03 for resistance...
Using 1e-09 for time...
Using 1e+00 for voltage...
Using 1e-03 for current...
Using 1e-09 for power...
Using 1e-06 for distance...
Reading design constraints file at '/openlane/scripts/base.sdc'…
[INFO]: Setting output delay to: 2.0
[INFO]: Setting input delay to: 2.0
[INFO]: Setting load to: 0.033442
[INFO]: Setting clock uncertainty to: 0.25
[INFO]: Setting clock transition to: 0.15
[INFO]: Setting timing derate to: 5.0 %
[INFO]: Setting RC values...
min_report

===========================================================================
report_checks -path_delay min (Hold)
============================================================================
======================= Typical Corner ===================================

Startpoint: _41_ (rising edge-triggered flip-flop clocked by clk)
Endpoint: _41_ (rising edge-triggered flip-flop clocked by clk)
Path Group: clk
Path Type: min

Fanout     Cap    Slew   Delay    Time   Description
-----------------------------------------------------------------------------
                  0.15    0.00    0.00   clock clk (rise edge)
                          0.00    0.00   clock network delay (ideal)
                  0.15    0.00    0.00 ^ _41_/CLK (sky130_fd_sc_hd__dfxtp_2)
     3    0.01    0.07    0.35    0.35 ^ _41_/Q (sky130_fd_sc_hd__dfxtp_2)
                                         count3[0] (net)
                  0.07    0.00    0.35 ^ _30_/A (sky130_fd_sc_hd__nor2_2)
     1    0.00    0.02    0.04    0.39 v _30_/Y (sky130_fd_sc_hd__nor2_2)
                                         _06_ (net)
                  0.02    0.00    0.39 v _41_/D (sky130_fd_sc_hd__dfxtp_2)
                                  0.39   data arrival time

                  0.15    0.00    0.00   clock clk (rise edge)
                          0.00    0.00   clock network delay (ideal)
                          0.25    0.25   clock uncertainty
                          0.00    0.25   clock reconvergence pessimism
                                  0.25 ^ _41_/CLK (sky130_fd_sc_hd__dfxtp_2)
                         -0.01    0.24   library hold time
                                  0.24   data required time
-----------------------------------------------------------------------------
                                  0.24   data required time
                                 -0.39   data arrival time
-----------------------------------------------------------------------------
                                  0.15   slack (MET)


Startpoint: _42_ (rising edge-triggered flip-flop clocked by clk)
Endpoint: _42_ (rising edge-triggered flip-flop clocked by clk)
Path Group: clk
Path Type: min

Fanout     Cap    Slew   Delay    Time   Description
-----------------------------------------------------------------------------
                  0.15    0.00    0.00   clock clk (rise edge)
                          0.00    0.00   clock network delay (ideal)
                  0.15    0.00    0.00 ^ _42_/CLK (sky130_fd_sc_hd__dfxtp_2)
     2    0.01    0.03    0.33    0.33 v _42_/Q (sky130_fd_sc_hd__dfxtp_2)
                                         count3[1] (net)
                  0.03    0.00    0.33 v _22_/B (sky130_fd_sc_hd__nand2_2)
     3    0.01    0.05    0.06    0.39 ^ _22_/Y (sky130_fd_sc_hd__nand2_2)
                                         _10_ (net)
                  0.05    0.00    0.39 ^ _32_/B (sky130_fd_sc_hd__and3b_2)
     1    0.00    0.04    0.15    0.54 ^ _32_/X (sky130_fd_sc_hd__and3b_2)
                                         _14_ (net)
                  0.04    0.00    0.54 ^ _33_/A (sky130_fd_sc_hd__buf_1)
     1    0.00    0.04    0.07    0.61 ^ _33_/X (sky130_fd_sc_hd__buf_1)
                                         _07_ (net)
                  0.04    0.00    0.61 ^ _42_/D (sky130_fd_sc_hd__dfxtp_2)
                                  0.61   data arrival time

                  0.15    0.00    0.00   clock clk (rise edge)
                          0.00    0.00   clock network delay (ideal)
                          0.25    0.25   clock uncertainty
                          0.00    0.25   clock reconvergence pessimism
                                  0.25 ^ _42_/CLK (sky130_fd_sc_hd__dfxtp_2)
                         -0.02    0.23   library hold time
                                  0.23   data required time
-----------------------------------------------------------------------------
                                  0.23   data required time
                                 -0.61   data arrival time
-----------------------------------------------------------------------------
                                  0.38   slack (MET)


Startpoint: rst (input port clocked by clk)
Endpoint: _34_ (rising edge-triggered flip-flop clocked by clk)
Path Group: clk
Path Type: min

Fanout     Cap    Slew   Delay    Time   Description
-----------------------------------------------------------------------------
                  0.15    0.00    0.00   clock clk (rise edge)
                          0.00    0.00   clock network delay (ideal)
                          2.00    2.00 v input external delay
     4    0.02    0.04    0.03    2.03 v rst (in)
                                         rst (net)
                  0.04    0.00    2.03 v _26_/A_N (sky130_fd_sc_hd__and2b_2)
     1    0.00    0.03    0.18    2.21 ^ _26_/X (sky130_fd_sc_hd__and2b_2)
                                         _11_ (net)
                  0.03    0.00    2.21 ^ _27_/A (sky130_fd_sc_hd__buf_1)
     1    0.00    0.04    0.07    2.28 ^ _27_/X (sky130_fd_sc_hd__buf_1)
                                         _04_ (net)
                  0.04    0.00    2.28 ^ _34_/D (sky130_fd_sc_hd__dfxtp_2)
                                  2.28   data arrival time

                  0.15    0.00    0.00   clock clk (rise edge)
                          0.00    0.00   clock network delay (ideal)
                          0.25    0.25   clock uncertainty
                          0.00    0.25   clock reconvergence pessimism
                                  0.25 ^ _34_/CLK (sky130_fd_sc_hd__dfxtp_2)
                         -0.02    0.23   library hold time
                                  0.23   data required time
-----------------------------------------------------------------------------
                                  0.23   data required time
                                 -2.28   data arrival time
-----------------------------------------------------------------------------
                                  2.04   slack (MET)


Startpoint: rst (input port clocked by clk)
Endpoint: _35_ (rising edge-triggered flip-flop clocked by clk)
Path Group: clk
Path Type: min

Fanout     Cap    Slew   Delay    Time   Description
-----------------------------------------------------------------------------
                  0.15    0.00    0.00   clock clk (rise edge)
                          0.00    0.00   clock network delay (ideal)
                          2.00    2.00 v input external delay
     4    0.02    0.04    0.03    2.03 v rst (in)
                                         rst (net)
                  0.04    0.00    2.03 v _28_/A_N (sky130_fd_sc_hd__and2b_2)
     1    0.00    0.03    0.18    2.21 ^ _28_/X (sky130_fd_sc_hd__and2b_2)
                                         _12_ (net)
                  0.03    0.00    2.21 ^ _29_/A (sky130_fd_sc_hd__buf_1)
     1    0.00    0.04    0.07    2.28 ^ _29_/X (sky130_fd_sc_hd__buf_1)
                                         _05_ (net)
                  0.04    0.00    2.28 ^ _35_/D (sky130_fd_sc_hd__dfxtp_2)
                                  2.28   data arrival time

                  0.15    0.00    0.00   clock clk (rise edge)
                          0.00    0.00   clock network delay (ideal)
                          0.25    0.25   clock uncertainty
                          0.00    0.25   clock reconvergence pessimism
                                  0.25 ^ _35_/CLK (sky130_fd_sc_hd__dfxtp_2)
                         -0.02    0.23   library hold time
                                  0.23   data required time
-----------------------------------------------------------------------------
                                  0.23   data required time
                                 -2.28   data arrival time
-----------------------------------------------------------------------------
                                  2.04   slack (MET)



worst slack corner Typical: 0.1541
min_report_end
max_report

===========================================================================
report_checks -path_delay max (Setup)
============================================================================
======================= Typical Corner ===================================

Startpoint: rst (input port clocked by clk)
Endpoint: _35_ (rising edge-triggered flip-flop clocked by clk)
Path Group: clk
Path Type: max

Fanout     Cap    Slew   Delay    Time   Description
-----------------------------------------------------------------------------
                  0.15    0.00    0.00   clock clk (rise edge)
                          0.00    0.00   clock network delay (ideal)
                          2.00    2.00 ^ input external delay
     4    0.02    0.09    0.06    2.06 ^ rst (in)
                                         rst (net)
                  0.09    0.00    2.06 ^ _28_/A_N (sky130_fd_sc_hd__and2b_2)
     1    0.00    0.03    0.22    2.29 v _28_/X (sky130_fd_sc_hd__and2b_2)
                                         _12_ (net)
                  0.03    0.00    2.29 v _29_/A (sky130_fd_sc_hd__buf_1)
     1    0.00    0.02    0.08    2.37 v _29_/X (sky130_fd_sc_hd__buf_1)
                                         _05_ (net)
                  0.02    0.00    2.37 v _35_/D (sky130_fd_sc_hd__dfxtp_2)
                                  2.37   data arrival time

                  0.15   10.00   10.00   clock clk (rise edge)
                          0.00   10.00   clock network delay (ideal)
                         -0.25    9.75   clock uncertainty
                          0.00    9.75   clock reconvergence pessimism
                                  9.75 ^ _35_/CLK (sky130_fd_sc_hd__dfxtp_2)
                         -0.08    9.67   library setup time
                                  9.67   data required time
-----------------------------------------------------------------------------
                                  9.67   data required time
                                 -2.37   data arrival time
-----------------------------------------------------------------------------
                                  7.30   slack (MET)


Startpoint: rst (input port clocked by clk)
Endpoint: _34_ (rising edge-triggered flip-flop clocked by clk)
Path Group: clk
Path Type: max

Fanout     Cap    Slew   Delay    Time   Description
-----------------------------------------------------------------------------
                  0.15    0.00    0.00   clock clk (rise edge)
                          0.00    0.00   clock network delay (ideal)
                          2.00    2.00 ^ input external delay
     4    0.02    0.09    0.06    2.06 ^ rst (in)
                                         rst (net)
                  0.09    0.00    2.06 ^ _26_/A_N (sky130_fd_sc_hd__and2b_2)
     1    0.00    0.03    0.22    2.29 v _26_/X (sky130_fd_sc_hd__and2b_2)
                                         _11_ (net)
                  0.03    0.00    2.29 v _27_/A (sky130_fd_sc_hd__buf_1)
     1    0.00    0.02    0.08    2.37 v _27_/X (sky130_fd_sc_hd__buf_1)
                                         _04_ (net)
                  0.02    0.00    2.37 v _34_/D (sky130_fd_sc_hd__dfxtp_2)
                                  2.37   data arrival time

                  0.15   10.00   10.00   clock clk (rise edge)
                          0.00   10.00   clock network delay (ideal)
                         -0.25    9.75   clock uncertainty
                          0.00    9.75   clock reconvergence pessimism
                                  9.75 ^ _34_/CLK (sky130_fd_sc_hd__dfxtp_2)
                         -0.08    9.67   library setup time
                                  9.67   data required time
-----------------------------------------------------------------------------
                                  9.67   data required time
                                 -2.37   data arrival time
-----------------------------------------------------------------------------
                                  7.30   slack (MET)


Startpoint: rst (input port clocked by clk)
Endpoint: _42_ (rising edge-triggered flip-flop clocked by clk)
Path Group: clk
Path Type: max

Fanout     Cap    Slew   Delay    Time   Description
-----------------------------------------------------------------------------
                  0.15    0.00    0.00   clock clk (rise edge)
                          0.00    0.00   clock network delay (ideal)
                          2.00    2.00 ^ input external delay
     4    0.02    0.09    0.06    2.06 ^ rst (in)
                                         rst (net)
                  0.09    0.00    2.06 ^ _32_/A_N (sky130_fd_sc_hd__and3b_2)
     1    0.00    0.04    0.21    2.28 v _32_/X (sky130_fd_sc_hd__and3b_2)
                                         _14_ (net)
                  0.04    0.00    2.28 v _33_/A (sky130_fd_sc_hd__buf_1)
     1    0.00    0.02    0.08    2.36 v _33_/X (sky130_fd_sc_hd__buf_1)
                                         _07_ (net)
                  0.02    0.00    2.36 v _42_/D (sky130_fd_sc_hd__dfxtp_2)
                                  2.36   data arrival time

                  0.15   10.00   10.00   clock clk (rise edge)
                          0.00   10.00   clock network delay (ideal)
                         -0.25    9.75   clock uncertainty
                          0.00    9.75   clock reconvergence pessimism
                                  9.75 ^ _42_/CLK (sky130_fd_sc_hd__dfxtp_2)
                         -0.08    9.67   library setup time
                                  9.67   data required time
-----------------------------------------------------------------------------
                                  9.67   data required time
                                 -2.36   data arrival time
-----------------------------------------------------------------------------
                                  7.31   slack (MET)


Startpoint: rst (input port clocked by clk)
Endpoint: _41_ (rising edge-triggered flip-flop clocked by clk)
Path Group: clk
Path Type: max

Fanout     Cap    Slew   Delay    Time   Description
-----------------------------------------------------------------------------
                  0.15    0.00    0.00   clock clk (rise edge)
                          0.00    0.00   clock network delay (ideal)
                          2.00    2.00 ^ input external delay
     4    0.02    0.09    0.06    2.06 ^ rst (in)
                                         rst (net)
                  0.09    0.00    2.06 ^ _30_/B (sky130_fd_sc_hd__nor2_2)
     1    0.00    0.02    0.04    2.10 v _30_/Y (sky130_fd_sc_hd__nor2_2)
                                         _06_ (net)
                  0.02    0.00    2.10 v _41_/D (sky130_fd_sc_hd__dfxtp_2)
                                  2.10   data arrival time

                  0.15   10.00   10.00   clock clk (rise edge)
                          0.00   10.00   clock network delay (ideal)
                         -0.25    9.75   clock uncertainty
                          0.00    9.75   clock reconvergence pessimism
                                  9.75 ^ _41_/CLK (sky130_fd_sc_hd__dfxtp_2)
                         -0.08    9.67   library setup time
                                  9.67   data required time
-----------------------------------------------------------------------------
                                  9.67   data required time
                                 -2.10   data arrival time
-----------------------------------------------------------------------------
                                  7.57   slack (MET)



worst slack corner Typical: 7.3015
max_report_end
checks_report

===========================================================================
report_checks -unconstrained
===========================================================================
======================= Typical Corner ===================================

Startpoint: rst (input port clocked by clk)
Endpoint: _35_ (rising edge-triggered flip-flop clocked by clk)
Path Group: clk
Path Type: max

Fanout     Cap    Slew   Delay    Time   Description
-----------------------------------------------------------------------------
                  0.15    0.00    0.00   clock clk (rise edge)
                          0.00    0.00   clock network delay (ideal)
                          2.00    2.00 ^ input external delay
     4    0.02    0.09    0.06    2.06 ^ rst (in)
                                         rst (net)
                  0.09    0.00    2.06 ^ _28_/A_N (sky130_fd_sc_hd__and2b_2)
     1    0.00    0.03    0.22    2.29 v _28_/X (sky130_fd_sc_hd__and2b_2)
                                         _12_ (net)
                  0.03    0.00    2.29 v _29_/A (sky130_fd_sc_hd__buf_1)
     1    0.00    0.02    0.08    2.37 v _29_/X (sky130_fd_sc_hd__buf_1)
                                         _05_ (net)
                  0.02    0.00    2.37 v _35_/D (sky130_fd_sc_hd__dfxtp_2)
                                  2.37   data arrival time

                  0.15   10.00   10.00   clock clk (rise edge)
                          0.00   10.00   clock network delay (ideal)
                         -0.25    9.75   clock uncertainty
                          0.00    9.75   clock reconvergence pessimism
                                  9.75 ^ _35_/CLK (sky130_fd_sc_hd__dfxtp_2)
                         -0.08    9.67   library setup time
                                  9.67   data required time
-----------------------------------------------------------------------------
                                  9.67   data required time
                                 -2.37   data arrival time
-----------------------------------------------------------------------------
                                  7.30   slack (MET)




===========================================================================
report_checks --slack_max -0.01
============================================================================
======================= Typical Corner ===================================

No paths found.


===========================================================================
 report_check_types -max_slew -max_cap -max_fanout -violators
============================================================================
======================= Typical Corner ===================================


max slew violations count Typical: 0
max fanout violations count Typical: 0
max cap violations count Typical: 0

===========================================================================
report_parasitic_annotation -report_unannotated
============================================================================
Found 28 unannotated drivers.
 clk
 rst
 _17_/X
 _18_/X
 _19_/X
 _20_/X
 _21_/Y
 _22_/Y
 _23_/X
 _24_/Y
 _25_/Y
 _26_/X
 _27_/X
 _28_/X
 _29_/X
 _30_/Y
 _31_/X
 _32_/X
 _33_/X
 _34_/Q
 _35_/Q
 _36_/Q
 _37_/Q
 _38_/Q
 _39_/Q
 _40_/Q
 _41_/Q
 _42_/Q
Found 0 partially unannotated drivers.

===========================================================================
max slew violation count 0
max fanout violation count 0
max cap violation count 0
============================================================================

===========================================================================
check_setup -verbose -unconstrained_endpoints -multiple_clock -no_clock -no_input_delay -loops -generated_clocks
===========================================================================
Warning: There are 5 unclocked register/latch pins.
  _36_/GATE_N
  _37_/GATE_N
  _38_/GATE_N
  _39_/GATE_N
  _40_/GATE_N
Warning: There are 8 unconstrained endpoints.
  Green
  Red
  Yellow
  _36_/D
  _37_/D
  _38_/D
  _39_/D
  _40_/D
checks_report_end
power_report

===========================================================================
 report_power
============================================================================
======================= Typical Corner ===================================

Group                  Internal  Switching    Leakage      Total
                          Power      Power      Power      Power (Watts)
----------------------------------------------------------------
Sequential             2.07e-05   5.15e-06   7.44e-11   2.58e-05  85.3%
Combinational          3.09e-06   1.38e-06   5.20e-11   4.47e-06  14.7%
Clock                  0.00e+00   0.00e+00   4.21e-10   4.21e-10   0.0%
Macro                  0.00e+00   0.00e+00   0.00e+00   0.00e+00   0.0%
Pad                    0.00e+00   0.00e+00   0.00e+00   0.00e+00   0.0%
----------------------------------------------------------------
Total                  2.38e-05   6.53e-06   5.48e-10   3.03e-05 100.0%
                          78.4%      21.6%       0.0%

power_report_end
skew_report

===========================================================================
report_clock_skew
============================================================================
Clock clk
Latency      CRPR       Skew
_39_/GATE_N v
   0.60
_34_/CLK ^
   0.02      0.00       0.58

skew_report_end
summary_report

===========================================================================
report_tns
============================================================================
tns 0.00

===========================================================================
report_wns
============================================================================
wns 0.00

===========================================================================
report_worst_slack -max (Setup)
============================================================================
worst slack 7.30

===========================================================================
report_worst_slack -min (Hold)
============================================================================
worst slack 0.15
summary_report_end
area_report

===========================================================================
report_design_area
============================================================================
Design area 862 u^2 3% utilization.
area_report_end
[WARNING] Did not save OpenROAD database!
Writing SDF to '/openlane/designs/traffic_light/runs/first_run/results/signoff/light.sdf'…
